<?xml version="1.0" encoding="utf-8"?>
<CoverageSession xmlns:xsd="http://www.w3.org/2001/XMLSchema" xmlns:xsi="http://www.w3.org/2001/XMLSchema-instance" Version="0.0.0.0">
  <Summary numSequencePoints="418" visitedSequencePoints="415" numBranchPoints="0" visitedBranchPoints="0" sequenceCoverage="99.28" branchCoverage="0.0" maxCyclomaticComplexity="0" minCyclomaticComplexity="0" maxCrapScore="0" minCrapScore="0" visitedClasses="21" numClasses="21" visitedMethods="75" numMethods="75" />
  <Modules>
    <Module>
      <Summary numSequencePoints="73" visitedSequencePoints="73" numBranchPoints="0" visitedBranchPoints="0" sequenceCoverage="100.0" branchCoverage="0.0" maxCyclomaticComplexity="0" minCyclomaticComplexity="0" maxCrapScore="0" minCrapScore="0" visitedClasses="6" numClasses="6" visitedMethods="6" numMethods="6" />
      <ModuleTime>0001-01-01T00:00:00</ModuleTime>
      <ModuleName>StopwatchTestPlayMode</ModuleName>
      <Files>
        <File uid="1" fullPath="/Users/esteban/Workspace/Clock Application - Telexistence/Clock-Application---Telexistence/Assets/Tests/Play/Features/StopwatchTestPlayMode/StopwatchViewTest.cs" />
      </Files>
      <Classes>
        <Class>
          <Summary numSequencePoints="10" visitedSequencePoints="10" numBranchPoints="0" visitedBranchPoints="0" sequenceCoverage="100.0" branchCoverage="0.0" maxCyclomaticComplexity="0" minCyclomaticComplexity="0" maxCrapScore="0" minCrapScore="0" visitedClasses="1" numClasses="1" visitedMethods="1" numMethods="1" />
          <FullName>StopwatchViewTest</FullName>
          <Methods>
            <Method visited="true" cyclomaticComplexity="0" nPathComplexity="0" sequenceCoverage="100.0" branchCoverage="0" crapScore="0" isConstructor="false" isStatic="false" isGetter="false" isSetter="false">
              <Summary numSequencePoints="10" visitedSequencePoints="10" numBranchPoints="0" visitedBranchPoints="0" sequenceCoverage="100.0" branchCoverage="0" maxCyclomaticComplexity="0" minCyclomaticComplexity="0" maxCrapScore="0" minCrapScore="0" visitedClasses="0" numClasses="0" visitedMethods="1" numMethods="1" />
              <MetadataToken>100663302</MetadataToken>
              <Name>System.Void StopwatchViewTest::Cleanup()</Name>
              <FileRef uid="1" />
              <SequencePoints>
                <SequencePoint vc="4" uspid="697" ordinal="0" offset="0" sl="118" sc="5" el="118" ec="5" bec="0" bev="0" fileid="1" />
                <SequencePoint vc="4" uspid="698" ordinal="0" offset="1" sl="119" sc="9" el="119" ec="9" bec="0" bev="0" fileid="1" />
                <SequencePoint vc="4" uspid="699" ordinal="0" offset="18" sl="120" sc="9" el="120" ec="9" bec="0" bev="0" fileid="1" />
                <SequencePoint vc="4" uspid="700" ordinal="0" offset="35" sl="121" sc="9" el="121" ec="9" bec="0" bev="0" fileid="1" />
                <SequencePoint vc="4" uspid="701" ordinal="0" offset="52" sl="122" sc="9" el="122" ec="9" bec="0" bev="0" fileid="1" />
                <SequencePoint vc="4" uspid="702" ordinal="0" offset="69" sl="123" sc="9" el="123" ec="9" bec="0" bev="0" fileid="1" />
                <SequencePoint vc="4" uspid="703" ordinal="0" offset="86" sl="124" sc="9" el="124" ec="9" bec="0" bev="0" fileid="1" />
                <SequencePoint vc="4" uspid="704" ordinal="0" offset="103" sl="125" sc="9" el="125" ec="9" bec="0" bev="0" fileid="1" />
                <SequencePoint vc="4" uspid="705" ordinal="0" offset="120" sl="126" sc="9" el="126" ec="9" bec="0" bev="0" fileid="1" />
                <SequencePoint vc="4" uspid="706" ordinal="0" offset="132" sl="127" sc="5" el="127" ec="5" bec="0" bev="0" fileid="1" />
              </SequencePoints>
              <BranchPoints />
            </Method>
          </Methods>
        </Class>
        <Class>
          <Summary numSequencePoints="27" visitedSequencePoints="27" numBranchPoints="0" visitedBranchPoints="0" sequenceCoverage="100.0" branchCoverage="0.0" maxCyclomaticComplexity="0" minCyclomaticComplexity="0" maxCrapScore="0" minCrapScore="0" visitedClasses="1" numClasses="1" visitedMethods="1" numMethods="1" />
          <FullName>StopwatchViewTest/&lt;Setup&gt;d__8</FullName>
          <Methods>
            <Method visited="true" cyclomaticComplexity="0" nPathComplexity="0" sequenceCoverage="100.0" branchCoverage="0" crapScore="0" isConstructor="false" isStatic="false" isGetter="false" isSetter="false">
              <Summary numSequencePoints="27" visitedSequencePoints="27" numBranchPoints="0" visitedBranchPoints="0" sequenceCoverage="100.0" branchCoverage="0" maxCyclomaticComplexity="0" minCyclomaticComplexity="0" maxCrapScore="0" minCrapScore="0" visitedClasses="0" numClasses="0" visitedMethods="1" numMethods="1" />
              <MetadataToken>100663306</MetadataToken>
              <Name>System.Boolean StopwatchViewTest/&lt;Setup&gt;d__8::MoveNext()</Name>
              <FileRef uid="1" />
              <SequencePoints>
                <SequencePoint vc="4" uspid="707" ordinal="0" offset="34" sl="23" sc="5" el="23" ec="5" bec="0" bev="0" fileid="1" />
                <SequencePoint vc="4" uspid="708" ordinal="0" offset="35" sl="24" sc="9" el="24" ec="9" bec="0" bev="0" fileid="1" />
                <SequencePoint vc="4" uspid="709" ordinal="0" offset="46" sl="25" sc="9" el="25" ec="9" bec="0" bev="0" fileid="1" />
                <SequencePoint vc="4" uspid="710" ordinal="0" offset="68" sl="26" sc="9" el="26" ec="9" bec="0" bev="0" fileid="1" />
                <SequencePoint vc="4" uspid="711" ordinal="0" offset="89" sl="27" sc="9" el="27" ec="9" bec="0" bev="0" fileid="1" />
                <SequencePoint vc="4" uspid="712" ordinal="0" offset="110" sl="28" sc="9" el="28" ec="9" bec="0" bev="0" fileid="1" />
                <SequencePoint vc="4" uspid="713" ordinal="0" offset="131" sl="29" sc="9" el="29" ec="9" bec="0" bev="0" fileid="1" />
                <SequencePoint vc="4" uspid="714" ordinal="0" offset="152" sl="30" sc="9" el="30" ec="9" bec="0" bev="0" fileid="1" />
                <SequencePoint vc="4" uspid="715" ordinal="0" offset="173" sl="31" sc="9" el="31" ec="9" bec="0" bev="0" fileid="1" />
                <SequencePoint vc="4" uspid="716" ordinal="0" offset="194" sl="32" sc="9" el="32" ec="9" bec="0" bev="0" fileid="1" />
                <SequencePoint vc="4" uspid="717" ordinal="0" offset="210" sl="33" sc="9" el="33" ec="9" bec="0" bev="0" fileid="1" />
                <SequencePoint vc="4" uspid="718" ordinal="0" offset="227" sl="35" sc="9" el="35" ec="9" bec="0" bev="0" fileid="1" />
                <SequencePoint vc="4" uspid="719" ordinal="0" offset="255" sl="36" sc="9" el="36" ec="9" bec="0" bev="0" fileid="1" />
                <SequencePoint vc="4" uspid="720" ordinal="0" offset="283" sl="37" sc="9" el="37" ec="9" bec="0" bev="0" fileid="1" />
                <SequencePoint vc="4" uspid="721" ordinal="0" offset="311" sl="38" sc="9" el="38" ec="9" bec="0" bev="0" fileid="1" />
                <SequencePoint vc="4" uspid="722" ordinal="0" offset="339" sl="39" sc="9" el="39" ec="9" bec="0" bev="0" fileid="1" />
                <SequencePoint vc="4" uspid="723" ordinal="0" offset="367" sl="40" sc="9" el="40" ec="9" bec="0" bev="0" fileid="1" />
                <SequencePoint vc="4" uspid="724" ordinal="0" offset="395" sl="41" sc="9" el="41" ec="9" bec="0" bev="0" fileid="1" />
                <SequencePoint vc="4" uspid="725" ordinal="0" offset="423" sl="43" sc="9" el="43" ec="9" bec="0" bev="0" fileid="1" />
                <SequencePoint vc="4" uspid="726" ordinal="0" offset="457" sl="44" sc="9" el="44" ec="9" bec="0" bev="0" fileid="1" />
                <SequencePoint vc="4" uspid="727" ordinal="0" offset="491" sl="45" sc="9" el="45" ec="9" bec="0" bev="0" fileid="1" />
                <SequencePoint vc="4" uspid="728" ordinal="0" offset="525" sl="46" sc="9" el="46" ec="9" bec="0" bev="0" fileid="1" />
                <SequencePoint vc="4" uspid="729" ordinal="0" offset="559" sl="47" sc="9" el="47" ec="9" bec="0" bev="0" fileid="1" />
                <SequencePoint vc="4" uspid="730" ordinal="0" offset="593" sl="48" sc="9" el="48" ec="9" bec="0" bev="0" fileid="1" />
                <SequencePoint vc="4" uspid="731" ordinal="0" offset="627" sl="49" sc="9" el="49" ec="9" bec="0" bev="0" fileid="1" />
                <SequencePoint vc="4" uspid="732" ordinal="0" offset="661" sl="51" sc="9" el="51" ec="9" bec="0" bev="0" fileid="1" />
                <SequencePoint vc="4" uspid="733" ordinal="0" offset="684" sl="52" sc="5" el="52" ec="5" bec="0" bev="0" fileid="1" />
              </SequencePoints>
              <BranchPoints />
            </Method>
          </Methods>
        </Class>
        <Class>
          <Summary numSequencePoints="6" visitedSequencePoints="6" numBranchPoints="0" visitedBranchPoints="0" sequenceCoverage="100.0" branchCoverage="0.0" maxCyclomaticComplexity="0" minCyclomaticComplexity="0" maxCrapScore="0" minCrapScore="0" visitedClasses="1" numClasses="1" visitedMethods="1" numMethods="1" />
          <FullName>StopwatchViewTest/&lt;SetElapsedTime_SetsTimeLabelCorrectly&gt;d__9</FullName>
          <Methods>
            <Method visited="true" cyclomaticComplexity="0" nPathComplexity="0" sequenceCoverage="100.0" branchCoverage="0" crapScore="0" isConstructor="false" isStatic="false" isGetter="false" isSetter="false">
              <Summary numSequencePoints="6" visitedSequencePoints="6" numBranchPoints="0" visitedBranchPoints="0" sequenceCoverage="100.0" branchCoverage="0" maxCyclomaticComplexity="0" minCyclomaticComplexity="0" maxCrapScore="0" minCrapScore="0" visitedClasses="0" numClasses="0" visitedMethods="1" numMethods="1" />
              <MetadataToken>100663312</MetadataToken>
              <Name>System.Boolean StopwatchViewTest/&lt;SetElapsedTime_SetsTimeLabelCorrectly&gt;d__9::MoveNext()</Name>
              <FileRef uid="1" />
              <SequencePoints>
                <SequencePoint vc="1" uspid="734" ordinal="0" offset="31" sl="56" sc="5" el="56" ec="5" bec="0" bev="0" fileid="1" />
                <SequencePoint vc="1" uspid="735" ordinal="0" offset="32" sl="57" sc="9" el="57" ec="9" bec="0" bev="0" fileid="1" />
                <SequencePoint vc="1" uspid="736" ordinal="0" offset="53" sl="59" sc="9" el="59" ec="9" bec="0" bev="0" fileid="1" />
                <SequencePoint vc="1" uspid="737" ordinal="0" offset="76" sl="60" sc="9" el="60" ec="9" bec="0" bev="0" fileid="1" />
                <SequencePoint vc="1" uspid="738" ordinal="0" offset="99" sl="62" sc="9" el="62" ec="9" bec="0" bev="0" fileid="1" />
                <SequencePoint vc="1" uspid="739" ordinal="0" offset="131" sl="63" sc="5" el="63" ec="5" bec="0" bev="0" fileid="1" />
              </SequencePoints>
              <BranchPoints />
            </Method>
          </Methods>
        </Class>
        <Class>
          <Summary numSequencePoints="7" visitedSequencePoints="7" numBranchPoints="0" visitedBranchPoints="0" sequenceCoverage="100.0" branchCoverage="0.0" maxCyclomaticComplexity="0" minCyclomaticComplexity="0" maxCrapScore="0" minCrapScore="0" visitedClasses="1" numClasses="1" visitedMethods="1" numMethods="1" />
          <FullName>StopwatchViewTest/&lt;SetRunningState_True_ShowsCorrectButtons&gt;d__10</FullName>
          <Methods>
            <Method visited="true" cyclomaticComplexity="0" nPathComplexity="0" sequenceCoverage="100.0" branchCoverage="0" crapScore="0" isConstructor="false" isStatic="false" isGetter="false" isSetter="false">
              <Summary numSequencePoints="7" visitedSequencePoints="7" numBranchPoints="0" visitedBranchPoints="0" sequenceCoverage="100.0" branchCoverage="0" maxCyclomaticComplexity="0" minCyclomaticComplexity="0" maxCrapScore="0" minCrapScore="0" visitedClasses="0" numClasses="0" visitedMethods="1" numMethods="1" />
              <MetadataToken>100663318</MetadataToken>
              <Name>System.Boolean StopwatchViewTest/&lt;SetRunningState_True_ShowsCorrectButtons&gt;d__10::MoveNext()</Name>
              <FileRef uid="1" />
              <SequencePoints>
                <SequencePoint vc="1" uspid="740" ordinal="0" offset="31" sl="67" sc="5" el="67" ec="5" bec="0" bev="0" fileid="1" />
                <SequencePoint vc="1" uspid="741" ordinal="0" offset="32" sl="68" sc="9" el="68" ec="9" bec="0" bev="0" fileid="1" />
                <SequencePoint vc="1" uspid="742" ordinal="0" offset="50" sl="69" sc="9" el="69" ec="9" bec="0" bev="0" fileid="1" />
                <SequencePoint vc="1" uspid="743" ordinal="0" offset="73" sl="71" sc="9" el="71" ec="9" bec="0" bev="0" fileid="1" />
                <SequencePoint vc="1" uspid="744" ordinal="0" offset="105" sl="72" sc="9" el="72" ec="9" bec="0" bev="0" fileid="1" />
                <SequencePoint vc="1" uspid="745" ordinal="0" offset="137" sl="73" sc="9" el="73" ec="9" bec="0" bev="0" fileid="1" />
                <SequencePoint vc="1" uspid="746" ordinal="0" offset="164" sl="74" sc="5" el="74" ec="5" bec="0" bev="0" fileid="1" />
              </SequencePoints>
              <BranchPoints />
            </Method>
          </Methods>
        </Class>
        <Class>
          <Summary numSequencePoints="8" visitedSequencePoints="8" numBranchPoints="0" visitedBranchPoints="0" sequenceCoverage="100.0" branchCoverage="0.0" maxCyclomaticComplexity="0" minCyclomaticComplexity="0" maxCrapScore="0" minCrapScore="0" visitedClasses="1" numClasses="1" visitedMethods="1" numMethods="1" />
          <FullName>StopwatchViewTest/&lt;AddLap_CreatesLapEntry&gt;d__11</FullName>
          <Methods>
            <Method visited="true" cyclomaticComplexity="0" nPathComplexity="0" sequenceCoverage="100.0" branchCoverage="0" crapScore="0" isConstructor="false" isStatic="false" isGetter="false" isSetter="false">
              <Summary numSequencePoints="8" visitedSequencePoints="8" numBranchPoints="0" visitedBranchPoints="0" sequenceCoverage="100.0" branchCoverage="0" maxCyclomaticComplexity="0" minCyclomaticComplexity="0" maxCrapScore="0" minCrapScore="0" visitedClasses="0" numClasses="0" visitedMethods="1" numMethods="1" />
              <MetadataToken>100663324</MetadataToken>
              <Name>System.Boolean StopwatchViewTest/&lt;AddLap_CreatesLapEntry&gt;d__11::MoveNext()</Name>
              <FileRef uid="1" />
              <SequencePoints>
                <SequencePoint vc="1" uspid="747" ordinal="0" offset="31" sl="78" sc="5" el="78" ec="5" bec="0" bev="0" fileid="1" />
                <SequencePoint vc="1" uspid="748" ordinal="0" offset="32" sl="79" sc="9" el="79" ec="9" bec="0" bev="0" fileid="1" />
                <SequencePoint vc="1" uspid="749" ordinal="0" offset="49" sl="81" sc="9" el="81" ec="9" bec="0" bev="0" fileid="1" />
                <SequencePoint vc="1" uspid="750" ordinal="0" offset="72" sl="82" sc="9" el="82" ec="9" bec="0" bev="0" fileid="1" />
                <SequencePoint vc="1" uspid="751" ordinal="0" offset="95" sl="84" sc="9" el="84" ec="9" bec="0" bev="0" fileid="1" />
                <SequencePoint vc="1" uspid="752" ordinal="0" offset="128" sl="85" sc="9" el="85" ec="9" bec="0" bev="0" fileid="1" />
                <SequencePoint vc="1" uspid="753" ordinal="0" offset="156" sl="86" sc="9" el="86" ec="9" bec="0" bev="0" fileid="1" />
                <SequencePoint vc="1" uspid="754" ordinal="0" offset="183" sl="87" sc="5" el="87" ec="5" bec="0" bev="0" fileid="1" />
              </SequencePoints>
              <BranchPoints />
            </Method>
          </Methods>
        </Class>
        <Class>
          <Summary numSequencePoints="15" visitedSequencePoints="15" numBranchPoints="0" visitedBranchPoints="0" sequenceCoverage="100.0" branchCoverage="0.0" maxCyclomaticComplexity="0" minCyclomaticComplexity="0" maxCrapScore="0" minCrapScore="0" visitedClasses="1" numClasses="1" visitedMethods="1" numMethods="1" />
          <FullName>StopwatchViewTest/&lt;Start_AddLap_Reset_ClearsLaps&gt;d__12</FullName>
          <Methods>
            <Method visited="true" cyclomaticComplexity="0" nPathComplexity="0" sequenceCoverage="100.0" branchCoverage="0" crapScore="0" isConstructor="false" isStatic="false" isGetter="false" isSetter="false">
              <Summary numSequencePoints="15" visitedSequencePoints="15" numBranchPoints="0" visitedBranchPoints="0" sequenceCoverage="100.0" branchCoverage="0" maxCyclomaticComplexity="0" minCyclomaticComplexity="0" maxCrapScore="0" minCrapScore="0" visitedClasses="0" numClasses="0" visitedMethods="1" numMethods="1" />
              <MetadataToken>100663330</MetadataToken>
              <Name>System.Boolean StopwatchViewTest/&lt;Start_AddLap_Reset_ClearsLaps&gt;d__12::MoveNext()</Name>
              <FileRef uid="1" />
              <SequencePoints>
                <SequencePoint vc="1" uspid="755" ordinal="0" offset="69" sl="91" sc="5" el="91" ec="5" bec="0" bev="0" fileid="1" />
                <SequencePoint vc="1" uspid="756" ordinal="0" offset="70" sl="92" sc="9" el="92" ec="9" bec="0" bev="0" fileid="1" />
                <SequencePoint vc="1" uspid="757" ordinal="0" offset="88" sl="93" sc="9" el="93" ec="9" bec="0" bev="0" fileid="1" />
                <SequencePoint vc="1" uspid="758" ordinal="0" offset="111" sl="96" sc="9" el="96" ec="9" bec="0" bev="0" fileid="1" />
                <SequencePoint vc="1" uspid="759" ordinal="0" offset="133" sl="97" sc="9" el="97" ec="9" bec="0" bev="0" fileid="1" />
                <SequencePoint vc="1" uspid="760" ordinal="0" offset="156" sl="100" sc="9" el="100" ec="9" bec="0" bev="0" fileid="1" />
                <SequencePoint vc="1" uspid="761" ordinal="0" offset="178" sl="101" sc="9" el="101" ec="9" bec="0" bev="0" fileid="1" />
                <SequencePoint vc="1" uspid="762" ordinal="0" offset="201" sl="104" sc="9" el="104" ec="9" bec="0" bev="0" fileid="1" />
                <SequencePoint vc="1" uspid="763" ordinal="0" offset="223" sl="105" sc="9" el="105" ec="9" bec="0" bev="0" fileid="1" />
                <SequencePoint vc="1" uspid="764" ordinal="0" offset="246" sl="108" sc="9" el="108" ec="9" bec="0" bev="0" fileid="1" />
                <SequencePoint vc="1" uspid="765" ordinal="0" offset="268" sl="109" sc="9" el="109" ec="9" bec="0" bev="0" fileid="1" />
                <SequencePoint vc="1" uspid="766" ordinal="0" offset="291" sl="111" sc="9" el="111" ec="9" bec="0" bev="0" fileid="1" />
                <SequencePoint vc="1" uspid="767" ordinal="0" offset="324" sl="112" sc="9" el="112" ec="9" bec="0" bev="0" fileid="1" />
                <SequencePoint vc="1" uspid="768" ordinal="0" offset="356" sl="113" sc="9" el="113" ec="9" bec="0" bev="0" fileid="1" />
                <SequencePoint vc="1" uspid="769" ordinal="0" offset="388" sl="114" sc="5" el="114" ec="5" bec="0" bev="0" fileid="1" />
              </SequencePoints>
              <BranchPoints />
            </Method>
          </Methods>
        </Class>
      </Classes>
    </Module>
    <Module>
      <Summary numSequencePoints="56" visitedSequencePoints="56" numBranchPoints="0" visitedBranchPoints="0" sequenceCoverage="100.0" branchCoverage="0.0" maxCyclomaticComplexity="0" minCyclomaticComplexity="0" maxCrapScore="0" minCrapScore="0" visitedClasses="1" numClasses="1" visitedMethods="15" numMethods="15" />
      <ModuleTime>0001-01-01T00:00:00</ModuleTime>
      <ModuleName>StopWatch</ModuleName>
      <Files>
        <File uid="5" fullPath="/Users/esteban/Workspace/Clock Application - Telexistence/Clock-Application---Telexistence/Assets/Scripts/Features/StopWatch/Application/StopwatchService.cs" />
        <File uid="6" fullPath="/Users/esteban/Workspace/Clock Application - Telexistence/Clock-Application---Telexistence/Assets/Scripts/Features/StopWatch/Domain/StopwatchModel.cs" />
        <File uid="7" fullPath="/Users/esteban/Workspace/Clock Application - Telexistence/Clock-Application---Telexistence/Assets/Scripts/Features/StopWatch/Presentation/StopwatchPresenter.cs" />
        <File uid="8" fullPath="/Users/esteban/Workspace/Clock Application - Telexistence/Clock-Application---Telexistence/Assets/Scripts/Features/StopWatch/Presentation/StopwatchView.cs" />
      </Files>
      <Classes>
        <Class>
          <Summary numSequencePoints="56" visitedSequencePoints="56" numBranchPoints="0" visitedBranchPoints="0" sequenceCoverage="100.0" branchCoverage="0.0" maxCyclomaticComplexity="0" minCyclomaticComplexity="0" maxCrapScore="0" minCrapScore="0" visitedClasses="1" numClasses="1" visitedMethods="15" numMethods="15" />
          <FullName>StopwatchView</FullName>
          <Methods>
            <Method visited="true" cyclomaticComplexity="0" nPathComplexity="0" sequenceCoverage="100.0" branchCoverage="0" crapScore="0" isConstructor="false" isStatic="false" isGetter="false" isSetter="false">
              <Summary numSequencePoints="12" visitedSequencePoints="12" numBranchPoints="0" visitedBranchPoints="0" sequenceCoverage="100.0" branchCoverage="0" maxCyclomaticComplexity="0" minCyclomaticComplexity="0" maxCrapScore="0" minCrapScore="0" visitedClasses="0" numClasses="0" visitedMethods="1" numMethods="1" />
              <MetadataToken>100663327</MetadataToken>
              <Name>System.Void StopwatchView::Start()</Name>
              <FileRef uid="8" />
              <SequencePoints>
                <SequencePoint vc="4" uspid="968" ordinal="0" offset="0" sl="30" sc="5" el="30" ec="5" bec="0" bev="0" fileid="8" />
                <SequencePoint vc="4" uspid="969" ordinal="0" offset="1" sl="31" sc="9" el="31" ec="9" bec="0" bev="0" fileid="8" />
                <SequencePoint vc="4" uspid="970" ordinal="0" offset="30" sl="32" sc="9" el="32" ec="9" bec="0" bev="0" fileid="8" />
                <SequencePoint vc="4" uspid="971" ordinal="0" offset="59" sl="33" sc="9" el="33" ec="9" bec="0" bev="0" fileid="8" />
                <SequencePoint vc="4" uspid="972" ordinal="0" offset="88" sl="34" sc="9" el="34" ec="9" bec="0" bev="0" fileid="8" />
                <SequencePoint vc="4" uspid="973" ordinal="0" offset="117" sl="36" sc="9" el="36" ec="9" bec="0" bev="0" fileid="8" />
                <SequencePoint vc="4" uspid="974" ordinal="0" offset="135" sl="37" sc="9" el="37" ec="9" bec="0" bev="0" fileid="8" />
                <SequencePoint vc="4" uspid="975" ordinal="0" offset="153" sl="38" sc="9" el="38" ec="9" bec="0" bev="0" fileid="8" />
                <SequencePoint vc="4" uspid="976" ordinal="0" offset="166" sl="40" sc="9" el="40" ec="9" bec="0" bev="0" fileid="8" />
                <SequencePoint vc="4" uspid="977" ordinal="0" offset="195" sl="41" sc="9" el="41" ec="9" bec="0" bev="0" fileid="8" />
                <SequencePoint vc="4" uspid="978" ordinal="0" offset="224" sl="42" sc="9" el="42" ec="9" bec="0" bev="0" fileid="8" />
                <SequencePoint vc="4" uspid="979" ordinal="0" offset="253" sl="43" sc="5" el="43" ec="5" bec="0" bev="0" fileid="8" />
              </SequencePoints>
              <BranchPoints />
            </Method>
            <Method visited="true" cyclomaticComplexity="0" nPathComplexity="0" sequenceCoverage="100.0" branchCoverage="0" crapScore="0" isConstructor="false" isStatic="false" isGetter="false" isSetter="false">
              <Summary numSequencePoints="3" visitedSequencePoints="3" numBranchPoints="0" visitedBranchPoints="0" sequenceCoverage="100.0" branchCoverage="0" maxCyclomaticComplexity="0" minCyclomaticComplexity="0" maxCrapScore="0" minCrapScore="0" visitedClasses="0" numClasses="0" visitedMethods="1" numMethods="1" />
              <MetadataToken>100663328</MetadataToken>
              <Name>System.Void StopwatchView::SetElapsedTime(System.TimeSpan)</Name>
              <FileRef uid="8" />
              <SequencePoints>
                <SequencePoint vc="1" uspid="980" ordinal="0" offset="0" sl="46" sc="5" el="46" ec="5" bec="0" bev="0" fileid="8" />
                <SequencePoint vc="1" uspid="981" ordinal="0" offset="1" sl="47" sc="9" el="47" ec="9" bec="0" bev="0" fileid="8" />
                <SequencePoint vc="1" uspid="982" ordinal="0" offset="20" sl="48" sc="5" el="48" ec="5" bec="0" bev="0" fileid="8" />
              </SequencePoints>
              <BranchPoints />
            </Method>
            <Method visited="true" cyclomaticComplexity="0" nPathComplexity="0" sequenceCoverage="100.0" branchCoverage="0" crapScore="0" isConstructor="false" isStatic="false" isGetter="false" isSetter="false">
              <Summary numSequencePoints="6" visitedSequencePoints="6" numBranchPoints="0" visitedBranchPoints="0" sequenceCoverage="100.0" branchCoverage="0" maxCyclomaticComplexity="0" minCyclomaticComplexity="0" maxCrapScore="0" minCrapScore="0" visitedClasses="0" numClasses="0" visitedMethods="1" numMethods="1" />
              <MetadataToken>100663329</MetadataToken>
              <Name>System.Void StopwatchView::SetRunningState(System.Boolean)</Name>
              <FileRef uid="8" />
              <SequencePoints>
                <SequencePoint vc="2" uspid="983" ordinal="0" offset="0" sl="51" sc="5" el="51" ec="5" bec="0" bev="0" fileid="8" />
                <SequencePoint vc="2" uspid="984" ordinal="0" offset="1" sl="52" sc="9" el="52" ec="9" bec="0" bev="0" fileid="8" />
                <SequencePoint vc="2" uspid="985" ordinal="0" offset="22" sl="53" sc="9" el="53" ec="9" bec="0" bev="0" fileid="8" />
                <SequencePoint vc="2" uspid="986" ordinal="0" offset="40" sl="55" sc="9" el="55" ec="9" bec="0" bev="0" fileid="8" />
                <SequencePoint vc="2" uspid="987" ordinal="0" offset="53" sl="56" sc="9" el="56" ec="9" bec="0" bev="0" fileid="8" />
                <SequencePoint vc="2" uspid="988" ordinal="0" offset="92" sl="57" sc="5" el="57" ec="5" bec="0" bev="0" fileid="8" />
              </SequencePoints>
              <BranchPoints />
            </Method>
            <Method visited="true" cyclomaticComplexity="0" nPathComplexity="0" sequenceCoverage="100.0" branchCoverage="0" crapScore="0" isConstructor="false" isStatic="false" isGetter="false" isSetter="false">
              <Summary numSequencePoints="9" visitedSequencePoints="9" numBranchPoints="0" visitedBranchPoints="0" sequenceCoverage="100.0" branchCoverage="0" maxCyclomaticComplexity="0" minCyclomaticComplexity="0" maxCrapScore="0" minCrapScore="0" visitedClasses="0" numClasses="0" visitedMethods="1" numMethods="1" />
              <MetadataToken>100663330</MetadataToken>
              <Name>System.Void StopwatchView::AddLap(System.TimeSpan)</Name>
              <FileRef uid="8" />
              <SequencePoints>
                <SequencePoint vc="1" uspid="989" ordinal="0" offset="0" sl="61" sc="5" el="61" ec="5" bec="0" bev="0" fileid="8" />
                <SequencePoint vc="1" uspid="990" ordinal="0" offset="1" sl="62" sc="9" el="62" ec="9" bec="0" bev="0" fileid="8" />
                <SequencePoint vc="1" uspid="991" ordinal="0" offset="15" sl="63" sc="9" el="63" ec="9" bec="0" bev="0" fileid="8" />
                <SequencePoint vc="1" uspid="992" ordinal="0" offset="33" sl="64" sc="9" el="64" ec="9" bec="0" bev="0" fileid="8" />
                <SequencePoint vc="1" uspid="993" ordinal="0" offset="45" sl="65" sc="9" el="65" ec="9" bec="0" bev="0" fileid="8" />
                <SequencePoint vc="1" uspid="994" ordinal="0" offset="46" sl="66" sc="13" el="66" ec="13" bec="0" bev="0" fileid="8" />
                <SequencePoint vc="1" uspid="995" ordinal="0" offset="81" sl="67" sc="9" el="67" ec="9" bec="0" bev="0" fileid="8" />
                <SequencePoint vc="1" uspid="996" ordinal="0" offset="82" sl="68" sc="9" el="68" ec="9" bec="0" bev="0" fileid="8" />
                <SequencePoint vc="1" uspid="997" ordinal="0" offset="95" sl="69" sc="5" el="69" ec="5" bec="0" bev="0" fileid="8" />
              </SequencePoints>
              <BranchPoints />
            </Method>
            <Method visited="true" cyclomaticComplexity="0" nPathComplexity="0" sequenceCoverage="100.0" branchCoverage="0" crapScore="0" isConstructor="false" isStatic="false" isGetter="false" isSetter="false">
              <Summary numSequencePoints="3" visitedSequencePoints="3" numBranchPoints="0" visitedBranchPoints="0" sequenceCoverage="100.0" branchCoverage="0" maxCyclomaticComplexity="0" minCyclomaticComplexity="0" maxCrapScore="0" minCrapScore="0" visitedClasses="0" numClasses="0" visitedMethods="1" numMethods="1" />
              <MetadataToken>100663332</MetadataToken>
              <Name>System.String StopwatchView::FormatTime(System.TimeSpan)</Name>
              <FileRef uid="8" />
              <SequencePoints>
                <SequencePoint vc="2" uspid="1008" ordinal="0" offset="0" sl="81" sc="5" el="81" ec="5" bec="0" bev="0" fileid="8" />
                <SequencePoint vc="2" uspid="1009" ordinal="0" offset="1" sl="82" sc="9" el="82" ec="9" bec="0" bev="0" fileid="8" />
                <SequencePoint vc="2" uspid="1010" ordinal="0" offset="50" sl="83" sc="5" el="83" ec="5" bec="0" bev="0" fileid="8" />
              </SequencePoints>
              <BranchPoints />
            </Method>
            <Method visited="true" cyclomaticComplexity="0" nPathComplexity="0" sequenceCoverage="100.0" branchCoverage="0" crapScore="0" isConstructor="false" isStatic="false" isGetter="false" isSetter="false">
              <Summary numSequencePoints="5" visitedSequencePoints="5" numBranchPoints="0" visitedBranchPoints="0" sequenceCoverage="100.0" branchCoverage="0" maxCyclomaticComplexity="0" minCyclomaticComplexity="0" maxCrapScore="0" minCrapScore="0" visitedClasses="0" numClasses="0" visitedMethods="1" numMethods="1" />
              <MetadataToken>100663333</MetadataToken>
              <Name>System.Void StopwatchView::ActiveButtons(System.Boolean, System.Boolean, System.Boolean)</Name>
              <FileRef uid="8" />
              <SequencePoints>
                <SequencePoint vc="3" uspid="1011" ordinal="0" offset="0" sl="86" sc="5" el="86" ec="5" bec="0" bev="0" fileid="8" />
                <SequencePoint vc="3" uspid="1012" ordinal="0" offset="1" sl="87" sc="9" el="87" ec="9" bec="0" bev="0" fileid="8" />
                <SequencePoint vc="3" uspid="1013" ordinal="0" offset="19" sl="88" sc="9" el="88" ec="9" bec="0" bev="0" fileid="8" />
                <SequencePoint vc="3" uspid="1014" ordinal="0" offset="37" sl="89" sc="9" el="89" ec="9" bec="0" bev="0" fileid="8" />
                <SequencePoint vc="3" uspid="1015" ordinal="0" offset="55" sl="90" sc="5" el="90" ec="5" bec="0" bev="0" fileid="8" />
              </SequencePoints>
              <BranchPoints />
            </Method>
            <Method visited="true" cyclomaticComplexity="0" nPathComplexity="0" sequenceCoverage="100.0" branchCoverage="0" crapScore="0" isConstructor="false" isStatic="false" isGetter="false" isSetter="false">
              <Summary numSequencePoints="6" visitedSequencePoints="6" numBranchPoints="0" visitedBranchPoints="0" sequenceCoverage="100.0" branchCoverage="0" maxCyclomaticComplexity="0" minCyclomaticComplexity="0" maxCrapScore="0" minCrapScore="0" visitedClasses="0" numClasses="0" visitedMethods="1" numMethods="1" />
              <MetadataToken>100663334</MetadataToken>
              <Name>System.Void StopwatchView::OnDestroy()</Name>
              <FileRef uid="8" />
              <SequencePoints>
                <SequencePoint vc="4" uspid="1016" ordinal="0" offset="0" sl="93" sc="5" el="93" ec="5" bec="0" bev="0" fileid="8" />
                <SequencePoint vc="4" uspid="1017" ordinal="0" offset="1" sl="94" sc="9" el="94" ec="9" bec="0" bev="0" fileid="8" />
                <SequencePoint vc="4" uspid="1018" ordinal="0" offset="13" sl="95" sc="9" el="95" ec="9" bec="0" bev="0" fileid="8" />
                <SequencePoint vc="4" uspid="1019" ordinal="0" offset="25" sl="96" sc="9" el="96" ec="9" bec="0" bev="0" fileid="8" />
                <SequencePoint vc="4" uspid="1020" ordinal="0" offset="37" sl="97" sc="9" el="97" ec="9" bec="0" bev="0" fileid="8" />
                <SequencePoint vc="4" uspid="1021" ordinal="0" offset="49" sl="98" sc="5" el="98" ec="5" bec="0" bev="0" fileid="8" />
              </SequencePoints>
              <BranchPoints />
            </Method>
            <Method visited="true" cyclomaticComplexity="0" nPathComplexity="0" sequenceCoverage="100.0" branchCoverage="0" crapScore="0" isConstructor="false" isStatic="false" isGetter="false" isSetter="false">
              <Summary numSequencePoints="1" visitedSequencePoints="1" numBranchPoints="0" visitedBranchPoints="0" sequenceCoverage="100.0" branchCoverage="0" maxCyclomaticComplexity="0" minCyclomaticComplexity="0" maxCrapScore="0" minCrapScore="0" visitedClasses="0" numClasses="0" visitedMethods="1" numMethods="1" />
              <MetadataToken>100663336</MetadataToken>
              <Name>System.Void StopwatchView::&lt;Start&gt;b__20_0()</Name>
              <FileRef uid="8" />
              <SequencePoints>
                <SequencePoint vc="1" uspid="1022" ordinal="0" offset="0" sl="31" sc="47" el="31" ec="47" bec="0" bev="0" fileid="8" />
              </SequencePoints>
              <BranchPoints />
            </Method>
            <Method visited="true" cyclomaticComplexity="0" nPathComplexity="0" sequenceCoverage="100.0" branchCoverage="0" crapScore="0" isConstructor="false" isStatic="false" isGetter="false" isSetter="false">
              <Summary numSequencePoints="1" visitedSequencePoints="1" numBranchPoints="0" visitedBranchPoints="0" sequenceCoverage="100.0" branchCoverage="0" maxCyclomaticComplexity="0" minCyclomaticComplexity="0" maxCrapScore="0" minCrapScore="0" visitedClasses="0" numClasses="0" visitedMethods="1" numMethods="1" />
              <MetadataToken>100663337</MetadataToken>
              <Name>System.Void StopwatchView::&lt;Start&gt;b__20_1()</Name>
              <FileRef uid="8" />
              <SequencePoints>
                <SequencePoint vc="1" uspid="1023" ordinal="0" offset="0" sl="32" sc="46" el="32" ec="46" bec="0" bev="0" fileid="8" />
              </SequencePoints>
              <BranchPoints />
            </Method>
            <Method visited="true" cyclomaticComplexity="0" nPathComplexity="0" sequenceCoverage="100.0" branchCoverage="0" crapScore="0" isConstructor="false" isStatic="false" isGetter="false" isSetter="false">
              <Summary numSequencePoints="1" visitedSequencePoints="1" numBranchPoints="0" visitedBranchPoints="0" sequenceCoverage="100.0" branchCoverage="0" maxCyclomaticComplexity="0" minCyclomaticComplexity="0" maxCrapScore="0" minCrapScore="0" visitedClasses="0" numClasses="0" visitedMethods="1" numMethods="1" />
              <MetadataToken>100663338</MetadataToken>
              <Name>System.Void StopwatchView::&lt;Start&gt;b__20_2()</Name>
              <FileRef uid="8" />
              <SequencePoints>
                <SequencePoint vc="1" uspid="1024" ordinal="0" offset="0" sl="33" sc="47" el="33" ec="47" bec="0" bev="0" fileid="8" />
              </SequencePoints>
              <BranchPoints />
            </Method>
            <Method visited="true" cyclomaticComplexity="0" nPathComplexity="0" sequenceCoverage="100.0" branchCoverage="0" crapScore="0" isConstructor="false" isStatic="false" isGetter="false" isSetter="false">
              <Summary numSequencePoints="1" visitedSequencePoints="1" numBranchPoints="0" visitedBranchPoints="0" sequenceCoverage="100.0" branchCoverage="0" maxCyclomaticComplexity="0" minCyclomaticComplexity="0" maxCrapScore="0" minCrapScore="0" visitedClasses="0" numClasses="0" visitedMethods="1" numMethods="1" />
              <MetadataToken>100663339</MetadataToken>
              <Name>System.Void StopwatchView::&lt;Start&gt;b__20_3()</Name>
              <FileRef uid="8" />
              <SequencePoints>
                <SequencePoint vc="1" uspid="1025" ordinal="0" offset="0" sl="34" sc="45" el="34" ec="45" bec="0" bev="0" fileid="8" />
              </SequencePoints>
              <BranchPoints />
            </Method>
            <Method visited="true" cyclomaticComplexity="0" nPathComplexity="0" sequenceCoverage="100.0" branchCoverage="0" crapScore="0" isConstructor="false" isStatic="false" isGetter="false" isSetter="false">
              <Summary numSequencePoints="1" visitedSequencePoints="1" numBranchPoints="0" visitedBranchPoints="0" sequenceCoverage="100.0" branchCoverage="0" maxCyclomaticComplexity="0" minCyclomaticComplexity="0" maxCrapScore="0" minCrapScore="0" visitedClasses="0" numClasses="0" visitedMethods="1" numMethods="1" />
              <MetadataToken>100663340</MetadataToken>
              <Name>System.Void StopwatchView::&lt;Start&gt;b__20_4()</Name>
              <FileRef uid="8" />
              <SequencePoints>
                <SequencePoint vc="1" uspid="1026" ordinal="0" offset="0" sl="40" sc="47" el="40" ec="47" bec="0" bev="0" fileid="8" />
              </SequencePoints>
              <BranchPoints />
            </Method>
            <Method visited="true" cyclomaticComplexity="0" nPathComplexity="0" sequenceCoverage="100.0" branchCoverage="0" crapScore="0" isConstructor="false" isStatic="false" isGetter="false" isSetter="false">
              <Summary numSequencePoints="1" visitedSequencePoints="1" numBranchPoints="0" visitedBranchPoints="0" sequenceCoverage="100.0" branchCoverage="0" maxCyclomaticComplexity="0" minCyclomaticComplexity="0" maxCrapScore="0" minCrapScore="0" visitedClasses="0" numClasses="0" visitedMethods="1" numMethods="1" />
              <MetadataToken>100663341</MetadataToken>
              <Name>System.Void StopwatchView::&lt;Start&gt;b__20_5()</Name>
              <FileRef uid="8" />
              <SequencePoints>
                <SequencePoint vc="1" uspid="1027" ordinal="0" offset="0" sl="41" sc="46" el="41" ec="46" bec="0" bev="0" fileid="8" />
              </SequencePoints>
              <BranchPoints />
            </Method>
            <Method visited="true" cyclomaticComplexity="0" nPathComplexity="0" sequenceCoverage="100.0" branchCoverage="0" crapScore="0" isConstructor="false" isStatic="false" isGetter="false" isSetter="false">
              <Summary numSequencePoints="1" visitedSequencePoints="1" numBranchPoints="0" visitedBranchPoints="0" sequenceCoverage="100.0" branchCoverage="0" maxCyclomaticComplexity="0" minCyclomaticComplexity="0" maxCrapScore="0" minCrapScore="0" visitedClasses="0" numClasses="0" visitedMethods="1" numMethods="1" />
              <MetadataToken>100663342</MetadataToken>
              <Name>System.Void StopwatchView::&lt;Start&gt;b__20_6()</Name>
              <FileRef uid="8" />
              <SequencePoints>
                <SequencePoint vc="1" uspid="1028" ordinal="0" offset="0" sl="42" sc="47" el="42" ec="47" bec="0" bev="0" fileid="8" />
              </SequencePoints>
              <BranchPoints />
            </Method>
            <Method visited="true" cyclomaticComplexity="0" nPathComplexity="0" sequenceCoverage="100.0" branchCoverage="0" crapScore="0" isConstructor="true" isStatic="false" isGetter="false" isSetter="false">
              <Summary numSequencePoints="5" visitedSequencePoints="5" numBranchPoints="0" visitedBranchPoints="0" sequenceCoverage="100.0" branchCoverage="0" maxCyclomaticComplexity="0" minCyclomaticComplexity="0" maxCrapScore="0" minCrapScore="0" visitedClasses="0" numClasses="0" visitedMethods="1" numMethods="1" />
              <MetadataToken>100663335</MetadataToken>
              <Name>StopwatchView::StopwatchView()</Name>
              <FileRef uid="8" />
              <SequencePoints>
                <SequencePoint vc="4" uspid="1029" ordinal="0" offset="0" sl="17" sc="5" el="17" ec="5" bec="0" bev="0" fileid="8" />
                <SequencePoint vc="4" uspid="1030" ordinal="0" offset="11" sl="18" sc="5" el="18" ec="5" bec="0" bev="0" fileid="8" />
                <SequencePoint vc="4" uspid="1031" ordinal="0" offset="22" sl="19" sc="5" el="19" ec="5" bec="0" bev="0" fileid="8" />
                <SequencePoint vc="4" uspid="1032" ordinal="0" offset="33" sl="20" sc="5" el="20" ec="5" bec="0" bev="0" fileid="8" />
                <SequencePoint vc="4" uspid="1033" ordinal="0" offset="44" sl="26" sc="5" el="26" ec="5" bec="0" bev="0" fileid="8" />
              </SequencePoints>
              <BranchPoints />
            </Method>
          </Methods>
        </Class>
      </Classes>
    </Module>
    <Module>
      <Summary numSequencePoints="171" visitedSequencePoints="168" numBranchPoints="0" visitedBranchPoints="0" sequenceCoverage="98.25" branchCoverage="0.0" maxCyclomaticComplexity="0" minCyclomaticComplexity="0" maxCrapScore="0" minCrapScore="0" visitedClasses="5" numClasses="5" visitedMethods="44" numMethods="44" />
      <ModuleTime>0001-01-01T00:00:00</ModuleTime>
      <ModuleName>Timer</ModuleName>
      <Files>
        <File uid="10" fullPath="/Users/esteban/Workspace/Clock Application - Telexistence/Clock-Application---Telexistence/Assets/Scripts/Features/Timer/Application/TimerService.cs" />
        <File uid="11" fullPath="/Users/esteban/Workspace/Clock Application - Telexistence/Clock-Application---Telexistence/Assets/Scripts/Features/Timer/Domain/TimerModel.cs" />
        <File uid="12" fullPath="/Users/esteban/Workspace/Clock Application - Telexistence/Clock-Application---Telexistence/Assets/Scripts/Features/Timer/Presentation/TimerPresenter.cs" />
        <File uid="13" fullPath="/Users/esteban/Workspace/Clock Application - Telexistence/Clock-Application---Telexistence/Assets/Scripts/Features/Timer/Presentation/TimerView.cs" />
      </Files>
      <Classes>
        <Class>
          <Summary numSequencePoints="42" visitedSequencePoints="40" numBranchPoints="0" visitedBranchPoints="0" sequenceCoverage="95.24" branchCoverage="0.0" maxCyclomaticComplexity="0" minCyclomaticComplexity="0" maxCrapScore="0" minCrapScore="0" visitedClasses="1" numClasses="1" visitedMethods="9" numMethods="9" />
          <FullName>TimerService</FullName>
          <Methods>
            <Method visited="true" cyclomaticComplexity="0" nPathComplexity="0" sequenceCoverage="100.0" branchCoverage="0" crapScore="0" isConstructor="false" isStatic="false" isGetter="true" isSetter="false">
              <Summary numSequencePoints="1" visitedSequencePoints="1" numBranchPoints="0" visitedBranchPoints="0" sequenceCoverage="100.0" branchCoverage="0" maxCyclomaticComplexity="0" minCyclomaticComplexity="0" maxCrapScore="0" minCrapScore="0" visitedClasses="0" numClasses="0" visitedMethods="1" numMethods="1" />
              <MetadataToken>100663297</MetadataToken>
              <Name>UniRx.IReadOnlyReactiveProperty[TimeSpan] TimerService::get_RemainingTime()</Name>
              <FileRef uid="10" />
              <SequencePoints>
                <SequencePoint vc="4" uspid="1069" ordinal="0" offset="0" sl="12" sc="65" el="12" ec="65" bec="0" bev="0" fileid="10" />
              </SequencePoints>
              <BranchPoints />
            </Method>
            <Method visited="true" cyclomaticComplexity="0" nPathComplexity="0" sequenceCoverage="100.0" branchCoverage="0" crapScore="0" isConstructor="false" isStatic="false" isGetter="true" isSetter="false">
              <Summary numSequencePoints="1" visitedSequencePoints="1" numBranchPoints="0" visitedBranchPoints="0" sequenceCoverage="100.0" branchCoverage="0" maxCyclomaticComplexity="0" minCyclomaticComplexity="0" maxCrapScore="0" minCrapScore="0" visitedClasses="0" numClasses="0" visitedMethods="1" numMethods="1" />
              <MetadataToken>100663299</MetadataToken>
              <Name>System.IObservable[Unit] TimerService::get_Finished()</Name>
              <FileRef uid="10" />
              <SequencePoints>
                <SequencePoint vc="4" uspid="1071" ordinal="0" offset="0" sl="14" sc="42" el="14" ec="42" bec="0" bev="0" fileid="10" />
              </SequencePoints>
              <BranchPoints />
            </Method>
            <Method visited="true" cyclomaticComplexity="0" nPathComplexity="0" sequenceCoverage="83.33" branchCoverage="0" crapScore="0" isConstructor="false" isStatic="false" isGetter="false" isSetter="false">
              <Summary numSequencePoints="6" visitedSequencePoints="5" numBranchPoints="0" visitedBranchPoints="0" sequenceCoverage="83.33" branchCoverage="0" maxCyclomaticComplexity="0" minCyclomaticComplexity="0" maxCrapScore="0" minCrapScore="0" visitedClasses="0" numClasses="0" visitedMethods="1" numMethods="1" />
              <MetadataToken>100663301</MetadataToken>
              <Name>System.Void TimerService::Start()</Name>
              <FileRef uid="10" />
              <SequencePoints>
                <SequencePoint vc="5" uspid="1072" ordinal="0" offset="0" sl="23" sc="5" el="23" ec="5" bec="0" bev="0" fileid="10" />
                <SequencePoint vc="5" uspid="1073" ordinal="0" offset="1" sl="24" sc="9" el="24" ec="9" bec="0" bev="0" fileid="10" />
                <SequencePoint vc="0" uspid="1074" ordinal="0" offset="52" sl="26" sc="13" el="26" ec="13" bec="0" bev="0" fileid="10" />
                <SequencePoint vc="5" uspid="1075" ordinal="0" offset="54" sl="28" sc="9" el="28" ec="9" bec="0" bev="0" fileid="10" />
                <SequencePoint vc="5" uspid="1076" ordinal="0" offset="72" sl="29" sc="9" el="29" ec="9" bec="0" bev="0" fileid="10" />
                <SequencePoint vc="5" uspid="1077" ordinal="0" offset="119" sl="45" sc="5" el="45" ec="5" bec="0" bev="0" fileid="10" />
              </SequencePoints>
              <BranchPoints />
            </Method>
            <Method visited="true" cyclomaticComplexity="0" nPathComplexity="0" sequenceCoverage="80.00" branchCoverage="0" crapScore="0" isConstructor="false" isStatic="false" isGetter="false" isSetter="false">
              <Summary numSequencePoints="5" visitedSequencePoints="4" numBranchPoints="0" visitedBranchPoints="0" sequenceCoverage="80.00" branchCoverage="0" maxCyclomaticComplexity="0" minCyclomaticComplexity="0" maxCrapScore="0" minCrapScore="0" visitedClasses="0" numClasses="0" visitedMethods="1" numMethods="1" />
              <MetadataToken>100663302</MetadataToken>
              <Name>System.Void TimerService::Pause()</Name>
              <FileRef uid="10" />
              <SequencePoints>
                <SequencePoint vc="2" uspid="1078" ordinal="0" offset="0" sl="48" sc="5" el="48" ec="5" bec="0" bev="0" fileid="10" />
                <SequencePoint vc="2" uspid="1079" ordinal="0" offset="1" sl="49" sc="9" el="49" ec="9" bec="0" bev="0" fileid="10" />
                <SequencePoint vc="0" uspid="1080" ordinal="0" offset="24" sl="50" sc="13" el="50" ec="13" bec="0" bev="0" fileid="10" />
                <SequencePoint vc="2" uspid="1081" ordinal="0" offset="26" sl="51" sc="9" el="51" ec="9" bec="0" bev="0" fileid="10" />
                <SequencePoint vc="2" uspid="1082" ordinal="0" offset="33" sl="52" sc="5" el="52" ec="5" bec="0" bev="0" fileid="10" />
              </SequencePoints>
              <BranchPoints />
            </Method>
            <Method visited="true" cyclomaticComplexity="0" nPathComplexity="0" sequenceCoverage="100.0" branchCoverage="0" crapScore="0" isConstructor="false" isStatic="false" isGetter="false" isSetter="false">
              <Summary numSequencePoints="4" visitedSequencePoints="4" numBranchPoints="0" visitedBranchPoints="0" sequenceCoverage="100.0" branchCoverage="0" maxCyclomaticComplexity="0" minCyclomaticComplexity="0" maxCrapScore="0" minCrapScore="0" visitedClasses="0" numClasses="0" visitedMethods="1" numMethods="1" />
              <MetadataToken>100663303</MetadataToken>
              <Name>System.Void TimerService::Reset()</Name>
              <FileRef uid="10" />
              <SequencePoints>
                <SequencePoint vc="1" uspid="1083" ordinal="0" offset="0" sl="55" sc="5" el="55" ec="5" bec="0" bev="0" fileid="10" />
                <SequencePoint vc="1" uspid="1084" ordinal="0" offset="1" sl="56" sc="9" el="56" ec="9" bec="0" bev="0" fileid="10" />
                <SequencePoint vc="1" uspid="1085" ordinal="0" offset="8" sl="57" sc="9" el="57" ec="9" bec="0" bev="0" fileid="10" />
                <SequencePoint vc="1" uspid="1086" ordinal="0" offset="31" sl="58" sc="5" el="58" ec="5" bec="0" bev="0" fileid="10" />
              </SequencePoints>
              <BranchPoints />
            </Method>
            <Method visited="true" cyclomaticComplexity="0" nPathComplexity="0" sequenceCoverage="100.0" branchCoverage="0" crapScore="0" isConstructor="false" isStatic="false" isGetter="false" isSetter="false">
              <Summary numSequencePoints="4" visitedSequencePoints="4" numBranchPoints="0" visitedBranchPoints="0" sequenceCoverage="100.0" branchCoverage="0" maxCyclomaticComplexity="0" minCyclomaticComplexity="0" maxCrapScore="0" minCrapScore="0" visitedClasses="0" numClasses="0" visitedMethods="1" numMethods="1" />
              <MetadataToken>100663304</MetadataToken>
              <Name>System.Void TimerService::SetDuration(System.TimeSpan)</Name>
              <FileRef uid="10" />
              <SequencePoints>
                <SequencePoint vc="4" uspid="1087" ordinal="0" offset="0" sl="61" sc="5" el="61" ec="5" bec="0" bev="0" fileid="10" />
                <SequencePoint vc="4" uspid="1088" ordinal="0" offset="1" sl="62" sc="9" el="62" ec="9" bec="0" bev="0" fileid="10" />
                <SequencePoint vc="4" uspid="1089" ordinal="0" offset="8" sl="63" sc="9" el="63" ec="9" bec="0" bev="0" fileid="10" />
                <SequencePoint vc="4" uspid="1090" ordinal="0" offset="26" sl="64" sc="5" el="64" ec="5" bec="0" bev="0" fileid="10" />
              </SequencePoints>
              <BranchPoints />
            </Method>
            <Method visited="true" cyclomaticComplexity="0" nPathComplexity="0" sequenceCoverage="100.0" branchCoverage="0" crapScore="0" isConstructor="false" isStatic="false" isGetter="false" isSetter="false">
              <Summary numSequencePoints="4" visitedSequencePoints="4" numBranchPoints="0" visitedBranchPoints="0" sequenceCoverage="100.0" branchCoverage="0" maxCyclomaticComplexity="0" minCyclomaticComplexity="0" maxCrapScore="0" minCrapScore="0" visitedClasses="0" numClasses="0" visitedMethods="1" numMethods="1" />
              <MetadataToken>100663305</MetadataToken>
              <Name>System.Void TimerService::InternalStop()</Name>
              <FileRef uid="10" />
              <SequencePoints>
                <SequencePoint vc="5" uspid="1091" ordinal="0" offset="0" sl="67" sc="5" el="67" ec="5" bec="0" bev="0" fileid="10" />
                <SequencePoint vc="5" uspid="1092" ordinal="0" offset="1" sl="68" sc="9" el="68" ec="9" bec="0" bev="0" fileid="10" />
                <SequencePoint vc="5" uspid="1093" ordinal="0" offset="19" sl="69" sc="9" el="69" ec="9" bec="0" bev="0" fileid="10" />
                <SequencePoint vc="5" uspid="1094" ordinal="0" offset="37" sl="70" sc="5" el="70" ec="5" bec="0" bev="0" fileid="10" />
              </SequencePoints>
              <BranchPoints />
            </Method>
            <Method visited="true" cyclomaticComplexity="0" nPathComplexity="0" sequenceCoverage="100.0" branchCoverage="0" crapScore="0" isConstructor="false" isStatic="false" isGetter="false" isSetter="false">
              <Summary numSequencePoints="12" visitedSequencePoints="12" numBranchPoints="0" visitedBranchPoints="0" sequenceCoverage="100.0" branchCoverage="0" maxCyclomaticComplexity="0" minCyclomaticComplexity="0" maxCrapScore="0" minCrapScore="0" visitedClasses="0" numClasses="0" visitedMethods="1" numMethods="1" />
              <MetadataToken>100663307</MetadataToken>
              <Name>System.Void TimerService::&lt;Start&gt;b__11_0(System.Int64)</Name>
              <FileRef uid="10" />
              <SequencePoints>
                <SequencePoint vc="10" uspid="1101" ordinal="0" offset="0" sl="32" sc="13" el="32" ec="13" bec="0" bev="0" fileid="10" />
                <SequencePoint vc="10" uspid="1102" ordinal="0" offset="1" sl="33" sc="17" el="33" ec="17" bec="0" bev="0" fileid="10" />
                <SequencePoint vc="10" uspid="1103" ordinal="0" offset="37" sl="34" sc="17" el="34" ec="17" bec="0" bev="0" fileid="10" />
                <SequencePoint vc="2" uspid="1104" ordinal="0" offset="52" sl="35" sc="17" el="35" ec="17" bec="0" bev="0" fileid="10" />
                <SequencePoint vc="2" uspid="1105" ordinal="0" offset="53" sl="36" sc="21" el="36" ec="21" bec="0" bev="0" fileid="10" />
                <SequencePoint vc="2" uspid="1106" ordinal="0" offset="75" sl="37" sc="21" el="37" ec="21" bec="0" bev="0" fileid="10" />
                <SequencePoint vc="2" uspid="1107" ordinal="0" offset="82" sl="38" sc="21" el="38" ec="21" bec="0" bev="0" fileid="10" />
                <SequencePoint vc="2" uspid="1108" ordinal="0" offset="99" sl="39" sc="17" el="39" ec="17" bec="0" bev="0" fileid="10" />
                <SequencePoint vc="8" uspid="1109" ordinal="0" offset="102" sl="41" sc="17" el="41" ec="17" bec="0" bev="0" fileid="10" />
                <SequencePoint vc="8" uspid="1110" ordinal="0" offset="103" sl="42" sc="21" el="42" ec="21" bec="0" bev="0" fileid="10" />
                <SequencePoint vc="8" uspid="1111" ordinal="0" offset="121" sl="43" sc="17" el="43" ec="17" bec="0" bev="0" fileid="10" />
                <SequencePoint vc="10" uspid="1112" ordinal="0" offset="122" sl="44" sc="13" el="44" ec="13" bec="0" bev="0" fileid="10" />
              </SequencePoints>
              <BranchPoints />
            </Method>
            <Method visited="true" cyclomaticComplexity="0" nPathComplexity="0" sequenceCoverage="100.0" branchCoverage="0" crapScore="0" isConstructor="true" isStatic="false" isGetter="false" isSetter="false">
              <Summary numSequencePoints="5" visitedSequencePoints="5" numBranchPoints="0" visitedBranchPoints="0" sequenceCoverage="100.0" branchCoverage="0" maxCyclomaticComplexity="0" minCyclomaticComplexity="0" maxCrapScore="0" minCrapScore="0" visitedClasses="0" numClasses="0" visitedMethods="1" numMethods="1" />
              <MetadataToken>100663300</MetadataToken>
              <Name>TimerService::TimerService(TimerModel)</Name>
              <FileRef uid="10" />
              <SequencePoints>
                <SequencePoint vc="4" uspid="1113" ordinal="0" offset="0" sl="10" sc="5" el="10" ec="5" bec="0" bev="0" fileid="10" />
                <SequencePoint vc="4" uspid="1114" ordinal="0" offset="11" sl="17" sc="5" el="17" ec="5" bec="0" bev="0" fileid="10" />
                <SequencePoint vc="4" uspid="1115" ordinal="0" offset="18" sl="18" sc="5" el="18" ec="5" bec="0" bev="0" fileid="10" />
                <SequencePoint vc="4" uspid="1116" ordinal="0" offset="19" sl="19" sc="9" el="19" ec="9" bec="0" bev="0" fileid="10" />
                <SequencePoint vc="4" uspid="1117" ordinal="0" offset="26" sl="20" sc="5" el="20" ec="5" bec="0" bev="0" fileid="10" />
              </SequencePoints>
              <BranchPoints />
            </Method>
          </Methods>
        </Class>
        <Class>
          <Summary numSequencePoints="7" visitedSequencePoints="7" numBranchPoints="0" visitedBranchPoints="0" sequenceCoverage="100.0" branchCoverage="0.0" maxCyclomaticComplexity="0" minCyclomaticComplexity="0" maxCrapScore="0" minCrapScore="0" visitedClasses="1" numClasses="1" visitedMethods="3" numMethods="3" />
          <FullName>TimerModel</FullName>
          <Methods>
            <Method visited="true" cyclomaticComplexity="0" nPathComplexity="0" sequenceCoverage="100.0" branchCoverage="0" crapScore="0" isConstructor="false" isStatic="false" isGetter="true" isSetter="false">
              <Summary numSequencePoints="1" visitedSequencePoints="1" numBranchPoints="0" visitedBranchPoints="0" sequenceCoverage="100.0" branchCoverage="0" maxCyclomaticComplexity="0" minCyclomaticComplexity="0" maxCrapScore="0" minCrapScore="0" visitedClasses="0" numClasses="0" visitedMethods="1" numMethods="1" />
              <MetadataToken>100663308</MetadataToken>
              <Name>UniRx.ReactiveProperty[TimeSpan] TimerModel::get_RemainingTime()</Name>
              <FileRef uid="11" />
              <SequencePoints>
                <SequencePoint vc="34" uspid="1118" ordinal="0" offset="0" sl="6" sc="55" el="6" ec="55" bec="0" bev="0" fileid="11" />
              </SequencePoints>
              <BranchPoints />
            </Method>
            <Method visited="true" cyclomaticComplexity="0" nPathComplexity="0" sequenceCoverage="100.0" branchCoverage="0" crapScore="0" isConstructor="false" isStatic="false" isGetter="true" isSetter="false">
              <Summary numSequencePoints="1" visitedSequencePoints="1" numBranchPoints="0" visitedBranchPoints="0" sequenceCoverage="100.0" branchCoverage="0" maxCyclomaticComplexity="0" minCyclomaticComplexity="0" maxCrapScore="0" minCrapScore="0" visitedClasses="0" numClasses="0" visitedMethods="1" numMethods="1" />
              <MetadataToken>100663309</MetadataToken>
              <Name>UniRx.ReactiveProperty[Boolean] TimerModel::get_IsRunning()</Name>
              <FileRef uid="11" />
              <SequencePoints>
                <SequencePoint vc="17" uspid="1119" ordinal="0" offset="0" sl="7" sc="47" el="7" ec="47" bec="0" bev="0" fileid="11" />
              </SequencePoints>
              <BranchPoints />
            </Method>
            <Method visited="true" cyclomaticComplexity="0" nPathComplexity="0" sequenceCoverage="100.0" branchCoverage="0" crapScore="0" isConstructor="true" isStatic="false" isGetter="false" isSetter="false">
              <Summary numSequencePoints="5" visitedSequencePoints="5" numBranchPoints="0" visitedBranchPoints="0" sequenceCoverage="100.0" branchCoverage="0" maxCyclomaticComplexity="0" minCyclomaticComplexity="0" maxCrapScore="0" minCrapScore="0" visitedClasses="0" numClasses="0" visitedMethods="1" numMethods="1" />
              <MetadataToken>100663310</MetadataToken>
              <Name>TimerModel::TimerModel()</Name>
              <FileRef uid="11" />
              <SequencePoints>
                <SequencePoint vc="4" uspid="1120" ordinal="0" offset="0" sl="9" sc="5" el="9" ec="5" bec="0" bev="0" fileid="11" />
                <SequencePoint vc="4" uspid="1121" ordinal="0" offset="7" sl="10" sc="5" el="10" ec="5" bec="0" bev="0" fileid="11" />
                <SequencePoint vc="4" uspid="1122" ordinal="0" offset="8" sl="11" sc="9" el="11" ec="9" bec="0" bev="0" fileid="11" />
                <SequencePoint vc="4" uspid="1123" ordinal="0" offset="24" sl="12" sc="9" el="12" ec="9" bec="0" bev="0" fileid="11" />
                <SequencePoint vc="4" uspid="1124" ordinal="0" offset="36" sl="13" sc="5" el="13" ec="5" bec="0" bev="0" fileid="11" />
              </SequencePoints>
              <BranchPoints />
            </Method>
          </Methods>
        </Class>
        <Class>
          <Summary numSequencePoints="70" visitedSequencePoints="69" numBranchPoints="0" visitedBranchPoints="0" sequenceCoverage="98.57" branchCoverage="0.0" maxCyclomaticComplexity="0" minCyclomaticComplexity="0" maxCrapScore="0" minCrapScore="0" visitedClasses="1" numClasses="1" visitedMethods="15" numMethods="15" />
          <FullName>TimerPresenter</FullName>
          <Methods>
            <Method visited="true" cyclomaticComplexity="0" nPathComplexity="0" sequenceCoverage="100.0" branchCoverage="0" crapScore="0" isConstructor="false" isStatic="false" isGetter="false" isSetter="false">
              <Summary numSequencePoints="3" visitedSequencePoints="3" numBranchPoints="0" visitedBranchPoints="0" sequenceCoverage="100.0" branchCoverage="0" maxCyclomaticComplexity="0" minCyclomaticComplexity="0" maxCrapScore="0" minCrapScore="0" visitedClasses="0" numClasses="0" visitedMethods="1" numMethods="1" />
              <MetadataToken>100663311</MetadataToken>
              <Name>System.Void TimerPresenter::Construct(ITimerService)</Name>
              <FileRef uid="12" />
              <SequencePoints>
                <SequencePoint vc="4" uspid="1125" ordinal="0" offset="0" sl="17" sc="5" el="17" ec="5" bec="0" bev="0" fileid="12" />
                <SequencePoint vc="4" uspid="1126" ordinal="0" offset="1" sl="18" sc="9" el="18" ec="9" bec="0" bev="0" fileid="12" />
                <SequencePoint vc="4" uspid="1127" ordinal="0" offset="8" sl="19" sc="5" el="19" ec="5" bec="0" bev="0" fileid="12" />
              </SequencePoints>
              <BranchPoints />
            </Method>
            <Method visited="true" cyclomaticComplexity="0" nPathComplexity="0" sequenceCoverage="100.0" branchCoverage="0" crapScore="0" isConstructor="false" isStatic="false" isGetter="false" isSetter="false">
              <Summary numSequencePoints="11" visitedSequencePoints="11" numBranchPoints="0" visitedBranchPoints="0" sequenceCoverage="100.0" branchCoverage="0" maxCyclomaticComplexity="0" minCyclomaticComplexity="0" maxCrapScore="0" minCrapScore="0" visitedClasses="0" numClasses="0" visitedMethods="1" numMethods="1" />
              <MetadataToken>100663312</MetadataToken>
              <Name>System.Void TimerPresenter::Start()</Name>
              <FileRef uid="12" />
              <SequencePoints>
                <SequencePoint vc="4" uspid="1128" ordinal="0" offset="0" sl="22" sc="5" el="22" ec="5" bec="0" bev="0" fileid="12" />
                <SequencePoint vc="4" uspid="1129" ordinal="0" offset="1" sl="23" sc="9" el="23" ec="9" bec="0" bev="0" fileid="12" />
                <SequencePoint vc="4" uspid="1130" ordinal="0" offset="13" sl="24" sc="9" el="24" ec="9" bec="0" bev="0" fileid="12" />
                <SequencePoint vc="4" uspid="1131" ordinal="0" offset="25" sl="25" sc="9" el="25" ec="9" bec="0" bev="0" fileid="12" />
                <SequencePoint vc="4" uspid="1132" ordinal="0" offset="32" sl="27" sc="9" el="27" ec="9" bec="0" bev="0" fileid="12" />
                <SequencePoint vc="4" uspid="1133" ordinal="0" offset="178" sl="37" sc="9" el="37" ec="9" bec="0" bev="0" fileid="12" />
                <SequencePoint vc="4" uspid="1134" ordinal="0" offset="218" sl="41" sc="9" el="41" ec="9" bec="0" bev="0" fileid="12" />
                <SequencePoint vc="4" uspid="1135" ordinal="0" offset="258" sl="45" sc="9" el="45" ec="9" bec="0" bev="0" fileid="12" />
                <SequencePoint vc="4" uspid="1136" ordinal="0" offset="298" sl="49" sc="9" el="49" ec="9" bec="0" bev="0" fileid="12" />
                <SequencePoint vc="4" uspid="1137" ordinal="0" offset="338" sl="53" sc="9" el="53" ec="9" bec="0" bev="0" fileid="12" />
                <SequencePoint vc="4" uspid="1138" ordinal="0" offset="378" sl="57" sc="5" el="57" ec="5" bec="0" bev="0" fileid="12" />
              </SequencePoints>
              <BranchPoints />
            </Method>
            <Method visited="true" cyclomaticComplexity="0" nPathComplexity="0" sequenceCoverage="90.91" branchCoverage="0" crapScore="0" isConstructor="false" isStatic="false" isGetter="false" isSetter="false">
              <Summary numSequencePoints="11" visitedSequencePoints="10" numBranchPoints="0" visitedBranchPoints="0" sequenceCoverage="90.91" branchCoverage="0" maxCyclomaticComplexity="0" minCyclomaticComplexity="0" maxCrapScore="0" minCrapScore="0" visitedClasses="0" numClasses="0" visitedMethods="1" numMethods="1" />
              <MetadataToken>100663313</MetadataToken>
              <Name>System.Void TimerPresenter::StartTimer()</Name>
              <FileRef uid="12" />
              <SequencePoints>
                <SequencePoint vc="4" uspid="1139" ordinal="0" offset="0" sl="60" sc="5" el="60" ec="5" bec="0" bev="0" fileid="12" />
                <SequencePoint vc="4" uspid="1140" ordinal="0" offset="1" sl="61" sc="9" el="61" ec="9" bec="0" bev="0" fileid="12" />
                <SequencePoint vc="4" uspid="1141" ordinal="0" offset="63" sl="64" sc="9" el="64" ec="9" bec="0" bev="0" fileid="12" />
                <SequencePoint vc="0" uspid="1142" ordinal="0" offset="78" sl="64" sc="40" el="64" ec="40" bec="0" bev="0" fileid="12" />
                <SequencePoint vc="4" uspid="1143" ordinal="0" offset="80" sl="66" sc="9" el="66" ec="9" bec="0" bev="0" fileid="12" />
                <SequencePoint vc="4" uspid="1144" ordinal="0" offset="93" sl="67" sc="9" el="67" ec="9" bec="0" bev="0" fileid="12" />
                <SequencePoint vc="4" uspid="1145" ordinal="0" offset="105" sl="68" sc="9" el="68" ec="9" bec="0" bev="0" fileid="12" />
                <SequencePoint vc="4" uspid="1146" ordinal="0" offset="120" sl="69" sc="9" el="69" ec="9" bec="0" bev="0" fileid="12" />
                <SequencePoint vc="4" uspid="1147" ordinal="0" offset="137" sl="70" sc="9" el="70" ec="9" bec="0" bev="0" fileid="12" />
                <SequencePoint vc="4" uspid="1148" ordinal="0" offset="150" sl="71" sc="9" el="71" ec="9" bec="0" bev="0" fileid="12" />
                <SequencePoint vc="4" uspid="1149" ordinal="0" offset="157" sl="72" sc="5" el="72" ec="5" bec="0" bev="0" fileid="12" />
              </SequencePoints>
              <BranchPoints />
            </Method>
            <Method visited="true" cyclomaticComplexity="0" nPathComplexity="0" sequenceCoverage="100.0" branchCoverage="0" crapScore="0" isConstructor="false" isStatic="false" isGetter="false" isSetter="false">
              <Summary numSequencePoints="12" visitedSequencePoints="12" numBranchPoints="0" visitedBranchPoints="0" sequenceCoverage="100.0" branchCoverage="0" maxCyclomaticComplexity="0" minCyclomaticComplexity="0" maxCrapScore="0" minCrapScore="0" visitedClasses="0" numClasses="0" visitedMethods="1" numMethods="1" />
              <MetadataToken>100663314</MetadataToken>
              <Name>System.Void TimerPresenter::PauseTimer()</Name>
              <FileRef uid="12" />
              <SequencePoints>
                <SequencePoint vc="3" uspid="1150" ordinal="0" offset="0" sl="75" sc="5" el="75" ec="5" bec="0" bev="0" fileid="12" />
                <SequencePoint vc="3" uspid="1151" ordinal="0" offset="1" sl="76" sc="9" el="76" ec="9" bec="0" bev="0" fileid="12" />
                <SequencePoint vc="1" uspid="1152" ordinal="0" offset="11" sl="77" sc="9" el="77" ec="9" bec="0" bev="0" fileid="12" />
                <SequencePoint vc="1" uspid="1153" ordinal="0" offset="12" sl="78" sc="13" el="78" ec="13" bec="0" bev="0" fileid="12" />
                <SequencePoint vc="1" uspid="1154" ordinal="0" offset="24" sl="79" sc="13" el="79" ec="13" bec="0" bev="0" fileid="12" />
                <SequencePoint vc="1" uspid="1155" ordinal="0" offset="41" sl="80" sc="9" el="80" ec="9" bec="0" bev="0" fileid="12" />
                <SequencePoint vc="2" uspid="1156" ordinal="0" offset="44" sl="82" sc="9" el="82" ec="9" bec="0" bev="0" fileid="12" />
                <SequencePoint vc="2" uspid="1157" ordinal="0" offset="45" sl="83" sc="13" el="83" ec="13" bec="0" bev="0" fileid="12" />
                <SequencePoint vc="2" uspid="1158" ordinal="0" offset="57" sl="84" sc="13" el="84" ec="13" bec="0" bev="0" fileid="12" />
                <SequencePoint vc="2" uspid="1159" ordinal="0" offset="74" sl="85" sc="9" el="85" ec="9" bec="0" bev="0" fileid="12" />
                <SequencePoint vc="3" uspid="1160" ordinal="0" offset="75" sl="86" sc="9" el="86" ec="9" bec="0" bev="0" fileid="12" />
                <SequencePoint vc="3" uspid="1161" ordinal="0" offset="90" sl="87" sc="5" el="87" ec="5" bec="0" bev="0" fileid="12" />
              </SequencePoints>
              <BranchPoints />
            </Method>
            <Method visited="true" cyclomaticComplexity="0" nPathComplexity="0" sequenceCoverage="100.0" branchCoverage="0" crapScore="0" isConstructor="false" isStatic="false" isGetter="false" isSetter="false">
              <Summary numSequencePoints="9" visitedSequencePoints="9" numBranchPoints="0" visitedBranchPoints="0" sequenceCoverage="100.0" branchCoverage="0" maxCyclomaticComplexity="0" minCyclomaticComplexity="0" maxCrapScore="0" minCrapScore="0" visitedClasses="0" numClasses="0" visitedMethods="1" numMethods="1" />
              <MetadataToken>100663315</MetadataToken>
              <Name>System.Void TimerPresenter::ResetTimer()</Name>
              <FileRef uid="12" />
              <SequencePoints>
                <SequencePoint vc="1" uspid="1162" ordinal="0" offset="0" sl="90" sc="5" el="90" ec="5" bec="0" bev="0" fileid="12" />
                <SequencePoint vc="1" uspid="1163" ordinal="0" offset="1" sl="91" sc="9" el="91" ec="9" bec="0" bev="0" fileid="12" />
                <SequencePoint vc="1" uspid="1164" ordinal="0" offset="13" sl="92" sc="9" el="92" ec="9" bec="0" bev="0" fileid="12" />
                <SequencePoint vc="1" uspid="1165" ordinal="0" offset="20" sl="93" sc="9" el="93" ec="9" bec="0" bev="0" fileid="12" />
                <SequencePoint vc="1" uspid="1166" ordinal="0" offset="37" sl="94" sc="9" el="94" ec="9" bec="0" bev="0" fileid="12" />
                <SequencePoint vc="1" uspid="1167" ordinal="0" offset="50" sl="95" sc="9" el="95" ec="9" bec="0" bev="0" fileid="12" />
                <SequencePoint vc="1" uspid="1168" ordinal="0" offset="65" sl="96" sc="9" el="96" ec="9" bec="0" bev="0" fileid="12" />
                <SequencePoint vc="1" uspid="1169" ordinal="0" offset="82" sl="97" sc="9" el="97" ec="9" bec="0" bev="0" fileid="12" />
                <SequencePoint vc="1" uspid="1170" ordinal="0" offset="89" sl="98" sc="5" el="98" ec="5" bec="0" bev="0" fileid="12" />
              </SequencePoints>
              <BranchPoints />
            </Method>
            <Method visited="true" cyclomaticComplexity="0" nPathComplexity="0" sequenceCoverage="100.0" branchCoverage="0" crapScore="0" isConstructor="false" isStatic="false" isGetter="false" isSetter="false">
              <Summary numSequencePoints="9" visitedSequencePoints="9" numBranchPoints="0" visitedBranchPoints="0" sequenceCoverage="100.0" branchCoverage="0" maxCyclomaticComplexity="0" minCyclomaticComplexity="0" maxCrapScore="0" minCrapScore="0" visitedClasses="0" numClasses="0" visitedMethods="1" numMethods="1" />
              <MetadataToken>100663316</MetadataToken>
              <Name>System.Void TimerPresenter::FinishedTimer()</Name>
              <FileRef uid="12" />
              <SequencePoints>
                <SequencePoint vc="1" uspid="1171" ordinal="0" offset="0" sl="101" sc="5" el="101" ec="5" bec="0" bev="0" fileid="12" />
                <SequencePoint vc="1" uspid="1172" ordinal="0" offset="1" sl="102" sc="9" el="102" ec="9" bec="0" bev="0" fileid="12" />
                <SequencePoint vc="1" uspid="1173" ordinal="0" offset="16" sl="103" sc="9" el="103" ec="9" bec="0" bev="0" fileid="12" />
                <SequencePoint vc="1" uspid="1174" ordinal="0" offset="33" sl="104" sc="9" el="104" ec="9" bec="0" bev="0" fileid="12" />
                <SequencePoint vc="1" uspid="1175" ordinal="0" offset="46" sl="105" sc="9" el="105" ec="9" bec="0" bev="0" fileid="12" />
                <SequencePoint vc="1" uspid="1176" ordinal="0" offset="84" sl="106" sc="9" el="106" ec="9" bec="0" bev="0" fileid="12" />
                <SequencePoint vc="1" uspid="1177" ordinal="0" offset="85" sl="107" sc="13" el="107" ec="13" bec="0" bev="0" fileid="12" />
                <SequencePoint vc="1" uspid="1178" ordinal="0" offset="108" sl="108" sc="9" el="108" ec="9" bec="0" bev="0" fileid="12" />
                <SequencePoint vc="1" uspid="1179" ordinal="0" offset="109" sl="109" sc="5" el="109" ec="5" bec="0" bev="0" fileid="12" />
              </SequencePoints>
              <BranchPoints />
            </Method>
            <Method visited="true" cyclomaticComplexity="0" nPathComplexity="0" sequenceCoverage="100.0" branchCoverage="0" crapScore="0" isConstructor="false" isStatic="false" isGetter="false" isSetter="false">
              <Summary numSequencePoints="4" visitedSequencePoints="4" numBranchPoints="0" visitedBranchPoints="0" sequenceCoverage="100.0" branchCoverage="0" maxCyclomaticComplexity="0" minCyclomaticComplexity="0" maxCrapScore="0" minCrapScore="0" visitedClasses="0" numClasses="0" visitedMethods="1" numMethods="1" />
              <MetadataToken>100663317</MetadataToken>
              <Name>System.Void TimerPresenter::HandleButtonInteractivity()</Name>
              <FileRef uid="12" />
              <SequencePoints>
                <SequencePoint vc="13" uspid="1180" ordinal="0" offset="0" sl="112" sc="5" el="112" ec="5" bec="0" bev="0" fileid="12" />
                <SequencePoint vc="13" uspid="1181" ordinal="0" offset="1" sl="113" sc="9" el="113" ec="9" bec="0" bev="0" fileid="12" />
                <SequencePoint vc="13" uspid="1182" ordinal="0" offset="47" sl="117" sc="9" el="117" ec="9" bec="0" bev="0" fileid="12" />
                <SequencePoint vc="13" uspid="1183" ordinal="0" offset="62" sl="118" sc="5" el="118" ec="5" bec="0" bev="0" fileid="12" />
              </SequencePoints>
              <BranchPoints />
            </Method>
            <Method visited="true" cyclomaticComplexity="0" nPathComplexity="0" sequenceCoverage="100.0" branchCoverage="0" crapScore="0" isConstructor="false" isStatic="false" isGetter="false" isSetter="false">
              <Summary numSequencePoints="3" visitedSequencePoints="3" numBranchPoints="0" visitedBranchPoints="0" sequenceCoverage="100.0" branchCoverage="0" maxCyclomaticComplexity="0" minCyclomaticComplexity="0" maxCrapScore="0" minCrapScore="0" visitedClasses="0" numClasses="0" visitedMethods="1" numMethods="1" />
              <MetadataToken>100663318</MetadataToken>
              <Name>System.Void TimerPresenter::OnDestroy()</Name>
              <FileRef uid="12" />
              <SequencePoints>
                <SequencePoint vc="4" uspid="1184" ordinal="0" offset="0" sl="121" sc="5" el="121" ec="5" bec="0" bev="0" fileid="12" />
                <SequencePoint vc="4" uspid="1185" ordinal="0" offset="1" sl="122" sc="9" el="122" ec="9" bec="0" bev="0" fileid="12" />
                <SequencePoint vc="4" uspid="1186" ordinal="0" offset="13" sl="123" sc="5" el="123" ec="5" bec="0" bev="0" fileid="12" />
              </SequencePoints>
              <BranchPoints />
            </Method>
            <Method visited="true" cyclomaticComplexity="0" nPathComplexity="0" sequenceCoverage="100.0" branchCoverage="0" crapScore="0" isConstructor="false" isStatic="false" isGetter="false" isSetter="false">
              <Summary numSequencePoints="1" visitedSequencePoints="1" numBranchPoints="0" visitedBranchPoints="0" sequenceCoverage="100.0" branchCoverage="0" maxCyclomaticComplexity="0" minCyclomaticComplexity="0" maxCrapScore="0" minCrapScore="0" visitedClasses="0" numClasses="0" visitedMethods="1" numMethods="1" />
              <MetadataToken>100663320</MetadataToken>
              <Name>System.Void TimerPresenter::&lt;Start&gt;b__6_1(System.Int32)</Name>
              <FileRef uid="12" />
              <SequencePoints>
                <SequencePoint vc="8" uspid="1187" ordinal="0" offset="0" sl="34" sc="29" el="34" ec="29" bec="0" bev="0" fileid="12" />
              </SequencePoints>
              <BranchPoints />
            </Method>
            <Method visited="true" cyclomaticComplexity="0" nPathComplexity="0" sequenceCoverage="100.0" branchCoverage="0" crapScore="0" isConstructor="false" isStatic="false" isGetter="false" isSetter="false">
              <Summary numSequencePoints="1" visitedSequencePoints="1" numBranchPoints="0" visitedBranchPoints="0" sequenceCoverage="100.0" branchCoverage="0" maxCyclomaticComplexity="0" minCyclomaticComplexity="0" maxCrapScore="0" minCrapScore="0" visitedClasses="0" numClasses="0" visitedMethods="1" numMethods="1" />
              <MetadataToken>100663321</MetadataToken>
              <Name>System.Void TimerPresenter::&lt;Start&gt;b__6_2(UniRx.Unit)</Name>
              <FileRef uid="12" />
              <SequencePoints>
                <SequencePoint vc="4" uspid="1188" ordinal="0" offset="0" sl="38" sc="29" el="38" ec="29" bec="0" bev="0" fileid="12" />
              </SequencePoints>
              <BranchPoints />
            </Method>
            <Method visited="true" cyclomaticComplexity="0" nPathComplexity="0" sequenceCoverage="100.0" branchCoverage="0" crapScore="0" isConstructor="false" isStatic="false" isGetter="false" isSetter="false">
              <Summary numSequencePoints="1" visitedSequencePoints="1" numBranchPoints="0" visitedBranchPoints="0" sequenceCoverage="100.0" branchCoverage="0" maxCyclomaticComplexity="0" minCyclomaticComplexity="0" maxCrapScore="0" minCrapScore="0" visitedClasses="0" numClasses="0" visitedMethods="1" numMethods="1" />
              <MetadataToken>100663322</MetadataToken>
              <Name>System.Void TimerPresenter::&lt;Start&gt;b__6_3(UniRx.Unit)</Name>
              <FileRef uid="12" />
              <SequencePoints>
                <SequencePoint vc="3" uspid="1189" ordinal="0" offset="0" sl="42" sc="29" el="42" ec="29" bec="0" bev="0" fileid="12" />
              </SequencePoints>
              <BranchPoints />
            </Method>
            <Method visited="true" cyclomaticComplexity="0" nPathComplexity="0" sequenceCoverage="100.0" branchCoverage="0" crapScore="0" isConstructor="false" isStatic="false" isGetter="false" isSetter="false">
              <Summary numSequencePoints="1" visitedSequencePoints="1" numBranchPoints="0" visitedBranchPoints="0" sequenceCoverage="100.0" branchCoverage="0" maxCyclomaticComplexity="0" minCyclomaticComplexity="0" maxCrapScore="0" minCrapScore="0" visitedClasses="0" numClasses="0" visitedMethods="1" numMethods="1" />
              <MetadataToken>100663323</MetadataToken>
              <Name>System.Void TimerPresenter::&lt;Start&gt;b__6_4(UniRx.Unit)</Name>
              <FileRef uid="12" />
              <SequencePoints>
                <SequencePoint vc="1" uspid="1190" ordinal="0" offset="0" sl="46" sc="29" el="46" ec="29" bec="0" bev="0" fileid="12" />
              </SequencePoints>
              <BranchPoints />
            </Method>
            <Method visited="true" cyclomaticComplexity="0" nPathComplexity="0" sequenceCoverage="100.0" branchCoverage="0" crapScore="0" isConstructor="false" isStatic="false" isGetter="false" isSetter="false">
              <Summary numSequencePoints="1" visitedSequencePoints="1" numBranchPoints="0" visitedBranchPoints="0" sequenceCoverage="100.0" branchCoverage="0" maxCyclomaticComplexity="0" minCyclomaticComplexity="0" maxCrapScore="0" minCrapScore="0" visitedClasses="0" numClasses="0" visitedMethods="1" numMethods="1" />
              <MetadataToken>100663324</MetadataToken>
              <Name>System.Void TimerPresenter::&lt;Start&gt;b__6_5(System.TimeSpan)</Name>
              <FileRef uid="12" />
              <SequencePoints>
                <SequencePoint vc="18" uspid="1191" ordinal="0" offset="0" sl="50" sc="32" el="50" ec="32" bec="0" bev="0" fileid="12" />
              </SequencePoints>
              <BranchPoints />
            </Method>
            <Method visited="true" cyclomaticComplexity="0" nPathComplexity="0" sequenceCoverage="100.0" branchCoverage="0" crapScore="0" isConstructor="false" isStatic="false" isGetter="false" isSetter="false">
              <Summary numSequencePoints="1" visitedSequencePoints="1" numBranchPoints="0" visitedBranchPoints="0" sequenceCoverage="100.0" branchCoverage="0" maxCyclomaticComplexity="0" minCyclomaticComplexity="0" maxCrapScore="0" minCrapScore="0" visitedClasses="0" numClasses="0" visitedMethods="1" numMethods="1" />
              <MetadataToken>100663325</MetadataToken>
              <Name>System.Void TimerPresenter::&lt;Start&gt;b__6_6(UniRx.Unit)</Name>
              <FileRef uid="12" />
              <SequencePoints>
[...]
            <Method visited="true" cyclomaticComplexity="0" nPathComplexity="0" sequenceCoverage="100.0" branchCoverage="0" crapScore="0" isConstructor="false" isStatic="false" isGetter="false" isSetter="false">
              <Summary numSequencePoints="30" visitedSequencePoints="30" numBranchPoints="0" visitedBranchPoints="0" sequenceCoverage="100.0" branchCoverage="0" maxCyclomaticComplexity="0" minCyclomaticComplexity="0" maxCrapScore="0" minCrapScore="0" visitedClasses="0" numClasses="0" visitedMethods="1" numMethods="1" />
              <MetadataToken>100663308</MetadataToken>
              <Name>System.Boolean TimerPlayModeTests/&lt;SetUp&gt;d__1::MoveNext()</Name>
              <FileRef uid="19" />
              <SequencePoints>
                <SequencePoint vc="4" uspid="1303" ordinal="0" offset="34" sl="15" sc="5" el="15" ec="5" bec="0" bev="0" fileid="19" />
                <SequencePoint vc="4" uspid="1304" ordinal="0" offset="35" sl="16" sc="9" el="16" ec="9" bec="0" bev="0" fileid="19" />
                <SequencePoint vc="4" uspid="1305" ordinal="0" offset="56" sl="18" sc="9" el="18" ec="9" bec="0" bev="0" fileid="19" />
                <SequencePoint vc="4" uspid="1306" ordinal="0" offset="91" sl="19" sc="9" el="19" ec="9" bec="0" bev="0" fileid="19" />
                <SequencePoint vc="4" uspid="1307" ordinal="0" offset="109" sl="21" sc="9" el="21" ec="9" bec="0" bev="0" fileid="19" />
                <SequencePoint vc="4" uspid="1308" ordinal="0" offset="149" sl="22" sc="9" el="22" ec="9" bec="0" bev="0" fileid="19" />
                <SequencePoint vc="4" uspid="1309" ordinal="0" offset="177" sl="23" sc="9" el="23" ec="9" bec="0" bev="0" fileid="19" />
                <SequencePoint vc="4" uspid="1310" ordinal="0" offset="194" sl="25" sc="9" el="25" ec="9" bec="0" bev="0" fileid="19" />
                <SequencePoint vc="4" uspid="1311" ordinal="0" offset="216" sl="26" sc="9" el="26" ec="9" bec="0" bev="0" fileid="19" />
                <SequencePoint vc="4" uspid="1312" ordinal="0" offset="238" sl="27" sc="9" el="27" ec="9" bec="0" bev="0" fileid="19" />
                <SequencePoint vc="4" uspid="1313" ordinal="0" offset="260" sl="29" sc="9" el="29" ec="9" bec="0" bev="0" fileid="19" />
                <SequencePoint vc="4" uspid="1314" ordinal="0" offset="282" sl="30" sc="9" el="30" ec="9" bec="0" bev="0" fileid="19" />
                <SequencePoint vc="4" uspid="1315" ordinal="0" offset="304" sl="31" sc="9" el="31" ec="9" bec="0" bev="0" fileid="19" />
                <SequencePoint vc="4" uspid="1316" ordinal="0" offset="326" sl="33" sc="9" el="33" ec="9" bec="0" bev="0" fileid="19" />
                <SequencePoint vc="4" uspid="1317" ordinal="0" offset="348" sl="34" sc="9" el="34" ec="9" bec="0" bev="0" fileid="19" />
                <SequencePoint vc="4" uspid="1318" ordinal="0" offset="370" sl="36" sc="9" el="36" ec="9" bec="0" bev="0" fileid="19" />
                <SequencePoint vc="4" uspid="1319" ordinal="0" offset="381" sl="37" sc="9" el="37" ec="9" bec="0" bev="0" fileid="19" />
                <SequencePoint vc="4" uspid="1320" ordinal="0" offset="398" sl="39" sc="9" el="39" ec="9" bec="0" bev="0" fileid="19" />
                <SequencePoint vc="4" uspid="1321" ordinal="0" offset="446" sl="43" sc="9" el="43" ec="9" bec="0" bev="0" fileid="19" />
                <SequencePoint vc="4" uspid="1322" ordinal="0" offset="468" sl="45" sc="9" el="45" ec="9" bec="0" bev="0" fileid="19" />
                <SequencePoint vc="4" uspid="1323" ordinal="0" offset="509" sl="47" sc="9" el="47" ec="9" bec="0" bev="0" fileid="19" />
                <SequencePoint vc="4" uspid="1324" ordinal="0" offset="550" sl="49" sc="9" el="49" ec="9" bec="0" bev="0" fileid="19" />
                <SequencePoint vc="4" uspid="1325" ordinal="0" offset="591" sl="51" sc="9" el="51" ec="9" bec="0" bev="0" fileid="19" />
                <SequencePoint vc="4" uspid="1326" ordinal="0" offset="632" sl="53" sc="9" el="53" ec="9" bec="0" bev="0" fileid="19" />
                <SequencePoint vc="4" uspid="1327" ordinal="0" offset="673" sl="55" sc="9" el="55" ec="9" bec="0" bev="0" fileid="19" />
                <SequencePoint vc="4" uspid="1328" ordinal="0" offset="714" sl="57" sc="9" el="57" ec="9" bec="0" bev="0" fileid="19" />
                <SequencePoint vc="4" uspid="1329" ordinal="0" offset="755" sl="59" sc="9" el="59" ec="9" bec="0" bev="0" fileid="19" />
                <SequencePoint vc="4" uspid="1330" ordinal="0" offset="800" sl="62" sc="9" el="62" ec="9" bec="0" bev="0" fileid="19" />
                <SequencePoint vc="4" uspid="1331" ordinal="0" offset="841" sl="65" sc="9" el="65" ec="9" bec="0" bev="0" fileid="19" />
                <SequencePoint vc="4" uspid="1332" ordinal="0" offset="864" sl="66" sc="5" el="66" ec="5" bec="0" bev="0" fileid="19" />
              </SequencePoints>
              <BranchPoints />
            </Method>
          </Methods>
        </Class>
        <Class>
          <Summary numSequencePoints="5" visitedSequencePoints="5" numBranchPoints="0" visitedBranchPoints="0" sequenceCoverage="100.0" branchCoverage="0.0" maxCyclomaticComplexity="0" minCyclomaticComplexity="0" maxCrapScore="0" minCrapScore="0" visitedClasses="1" numClasses="1" visitedMethods="1" numMethods="1" />
          <FullName>TimerPlayModeTests/&lt;TearDown&gt;d__2</FullName>
          <Methods>
            <Method visited="true" cyclomaticComplexity="0" nPathComplexity="0" sequenceCoverage="100.0" branchCoverage="0" crapScore="0" isConstructor="false" isStatic="false" isGetter="false" isSetter="false">
              <Summary numSequencePoints="5" visitedSequencePoints="5" numBranchPoints="0" visitedBranchPoints="0" sequenceCoverage="100.0" branchCoverage="0" maxCyclomaticComplexity="0" minCyclomaticComplexity="0" maxCrapScore="0" minCrapScore="0" visitedClasses="0" numClasses="0" visitedMethods="1" numMethods="1" />
              <MetadataToken>100663314</MetadataToken>
              <Name>System.Boolean TimerPlayModeTests/&lt;TearDown&gt;d__2::MoveNext()</Name>
              <FileRef uid="19" />
              <SequencePoints>
                <SequencePoint vc="4" uspid="1333" ordinal="0" offset="31" sl="70" sc="5" el="70" ec="5" bec="0" bev="0" fileid="19" />
                <SequencePoint vc="4" uspid="1334" ordinal="0" offset="32" sl="71" sc="9" el="71" ec="9" bec="0" bev="0" fileid="19" />
                <SequencePoint vc="4" uspid="1335" ordinal="0" offset="49" sl="72" sc="9" el="72" ec="9" bec="0" bev="0" fileid="19" />
                <SequencePoint vc="4" uspid="1336" ordinal="0" offset="65" sl="73" sc="9" el="73" ec="9" bec="0" bev="0" fileid="19" />
                <SequencePoint vc="4" uspid="1337" ordinal="0" offset="88" sl="74" sc="5" el="74" ec="5" bec="0" bev="0" fileid="19" />
              </SequencePoints>
              <BranchPoints />
            </Method>
          </Methods>
        </Class>
        <Class>
          <Summary numSequencePoints="11" visitedSequencePoints="11" numBranchPoints="0" visitedBranchPoints="0" sequenceCoverage="100.0" branchCoverage="0.0" maxCyclomaticComplexity="0" minCyclomaticComplexity="0" maxCrapScore="0" minCrapScore="0" visitedClasses="1" numClasses="1" visitedMethods="1" numMethods="1" />
          <FullName>TimerPlayModeTests/&lt;TimerCountsDown_WhenStartClicked&gt;d__3</FullName>
          <Methods>
            <Method visited="true" cyclomaticComplexity="0" nPathComplexity="0" sequenceCoverage="100.0" branchCoverage="0" crapScore="0" isConstructor="false" isStatic="false" isGetter="false" isSetter="false">
              <Summary numSequencePoints="11" visitedSequencePoints="11" numBranchPoints="0" visitedBranchPoints="0" sequenceCoverage="100.0" branchCoverage="0" maxCyclomaticComplexity="0" minCyclomaticComplexity="0" maxCrapScore="0" minCrapScore="0" visitedClasses="0" numClasses="0" visitedMethods="1" numMethods="1" />
              <MetadataToken>100663320</MetadataToken>
              <Name>System.Boolean TimerPlayModeTests/&lt;TimerCountsDown_WhenStartClicked&gt;d__3::MoveNext()</Name>
              <FileRef uid="19" />
              <SequencePoints>
                <SequencePoint vc="1" uspid="1338" ordinal="0" offset="34" sl="78" sc="5" el="78" ec="5" bec="0" bev="0" fileid="19" />
                <SequencePoint vc="1" uspid="1339" ordinal="0" offset="35" sl="79" sc="9" el="79" ec="9" bec="0" bev="0" fileid="19" />
                <SequencePoint vc="1" uspid="1340" ordinal="0" offset="57" sl="81" sc="9" el="81" ec="9" bec="0" bev="0" fileid="19" />
                <SequencePoint vc="1" uspid="1341" ordinal="0" offset="152" sl="83" sc="9" el="83" ec="9" bec="0" bev="0" fileid="19" />
                <SequencePoint vc="1" uspid="1342" ordinal="0" offset="247" sl="85" sc="9" el="85" ec="9" bec="0" bev="0" fileid="19" />
                <SequencePoint vc="1" uspid="1343" ordinal="0" offset="342" sl="88" sc="9" el="88" ec="9" bec="0" bev="0" fileid="19" />
                <SequencePoint vc="1" uspid="1344" ordinal="0" offset="387" sl="91" sc="9" el="91" ec="9" bec="0" bev="0" fileid="19" />
                <SequencePoint vc="1" uspid="1345" ordinal="0" offset="404" sl="92" sc="9" el="92" ec="9" bec="0" bev="0" fileid="19" />
                <SequencePoint vc="1" uspid="1346" ordinal="0" offset="436" sl="94" sc="9" el="94" ec="9" bec="0" bev="0" fileid="19" />
                <SequencePoint vc="1" uspid="1347" ordinal="0" offset="481" sl="97" sc="9" el="97" ec="9" bec="0" bev="0" fileid="19" />
                <SequencePoint vc="1" uspid="1348" ordinal="0" offset="503" sl="98" sc="5" el="98" ec="5" bec="0" bev="0" fileid="19" />
              </SequencePoints>
              <BranchPoints />
            </Method>
          </Methods>
        </Class>
        <Class>
          <Summary numSequencePoints="14" visitedSequencePoints="14" numBranchPoints="0" visitedBranchPoints="0" sequenceCoverage="100.0" branchCoverage="0.0" maxCyclomaticComplexity="0" minCyclomaticComplexity="0" maxCrapScore="0" minCrapScore="0" visitedClasses="1" numClasses="1" visitedMethods="1" numMethods="1" />
          <FullName>TimerPlayModeTests/&lt;TimerPauses_WhenPauseClicked&gt;d__4</FullName>
          <Methods>
            <Method visited="true" cyclomaticComplexity="0" nPathComplexity="0" sequenceCoverage="100.0" branchCoverage="0" crapScore="0" isConstructor="false" isStatic="false" isGetter="false" isSetter="false">
              <Summary numSequencePoints="14" visitedSequencePoints="14" numBranchPoints="0" visitedBranchPoints="0" sequenceCoverage="100.0" branchCoverage="0" maxCyclomaticComplexity="0" minCyclomaticComplexity="0" maxCrapScore="0" minCrapScore="0" visitedClasses="0" numClasses="0" visitedMethods="1" numMethods="1" />
              <MetadataToken>100663326</MetadataToken>
              <Name>System.Boolean TimerPlayModeTests/&lt;TimerPauses_WhenPauseClicked&gt;d__4::MoveNext()</Name>
              <FileRef uid="19" />
              <SequencePoints>
                <SequencePoint vc="1" uspid="1349" ordinal="0" offset="48" sl="102" sc="5" el="102" ec="5" bec="0" bev="0" fileid="19" />
                <SequencePoint vc="1" uspid="1350" ordinal="0" offset="49" sl="103" sc="9" el="103" ec="9" bec="0" bev="0" fileid="19" />
                <SequencePoint vc="1" uspid="1351" ordinal="0" offset="71" sl="105" sc="9" el="105" ec="9" bec="0" bev="0" fileid="19" />
                <SequencePoint vc="1" uspid="1352" ordinal="0" offset="166" sl="107" sc="9" el="107" ec="9" bec="0" bev="0" fileid="19" />
                <SequencePoint vc="1" uspid="1353" ordinal="0" offset="261" sl="109" sc="9" el="109" ec="9" bec="0" bev="0" fileid="19" />
                <SequencePoint vc="1" uspid="1354" ordinal="0" offset="356" sl="112" sc="9" el="112" ec="9" bec="0" bev="0" fileid="19" />
                <SequencePoint vc="1" uspid="1355" ordinal="0" offset="401" sl="115" sc="9" el="115" ec="9" bec="0" bev="0" fileid="19" />
                <SequencePoint vc="1" uspid="1356" ordinal="0" offset="418" sl="116" sc="9" el="116" ec="9" bec="0" bev="0" fileid="19" />
                <SequencePoint vc="1" uspid="1357" ordinal="0" offset="450" sl="118" sc="9" el="118" ec="9" bec="0" bev="0" fileid="19" />
                <SequencePoint vc="1" uspid="1358" ordinal="0" offset="495" sl="121" sc="9" el="121" ec="9" bec="0" bev="0" fileid="19" />
                <SequencePoint vc="1" uspid="1359" ordinal="0" offset="512" sl="122" sc="9" el="122" ec="9" bec="0" bev="0" fileid="19" />
                <SequencePoint vc="1" uspid="1360" ordinal="0" offset="544" sl="124" sc="9" el="124" ec="9" bec="0" bev="0" fileid="19" />
                <SequencePoint vc="1" uspid="1361" ordinal="0" offset="589" sl="127" sc="9" el="127" ec="9" bec="0" bev="0" fileid="19" />
                <SequencePoint vc="1" uspid="1362" ordinal="0" offset="611" sl="128" sc="5" el="128" ec="5" bec="0" bev="0" fileid="19" />
              </SequencePoints>
              <BranchPoints />
            </Method>
          </Methods>
        </Class>
        <Class>
          <Summary numSequencePoints="14" visitedSequencePoints="14" numBranchPoints="0" visitedBranchPoints="0" sequenceCoverage="100.0" branchCoverage="0.0" maxCyclomaticComplexity="0" minCyclomaticComplexity="0" maxCrapScore="0" minCrapScore="0" visitedClasses="1" numClasses="1" visitedMethods="1" numMethods="1" />
          <FullName>TimerPlayModeTests/&lt;TimerResets_WhenResetClicked&gt;d__5</FullName>
          <Methods>
            <Method visited="true" cyclomaticComplexity="0" nPathComplexity="0" sequenceCoverage="100.0" branchCoverage="0" crapScore="0" isConstructor="false" isStatic="false" isGetter="false" isSetter="false">
              <Summary numSequencePoints="14" visitedSequencePoints="14" numBranchPoints="0" visitedBranchPoints="0" sequenceCoverage="100.0" branchCoverage="0" maxCyclomaticComplexity="0" minCyclomaticComplexity="0" maxCrapScore="0" minCrapScore="0" visitedClasses="0" numClasses="0" visitedMethods="1" numMethods="1" />
              <MetadataToken>100663332</MetadataToken>
              <Name>System.Boolean TimerPlayModeTests/&lt;TimerResets_WhenResetClicked&gt;d__5::MoveNext()</Name>
              <FileRef uid="19" />
              <SequencePoints>
                <SequencePoint vc="1" uspid="1363" ordinal="0" offset="48" sl="132" sc="5" el="132" ec="5" bec="0" bev="0" fileid="19" />
                <SequencePoint vc="1" uspid="1364" ordinal="0" offset="49" sl="133" sc="9" el="133" ec="9" bec="0" bev="0" fileid="19" />
                <SequencePoint vc="1" uspid="1365" ordinal="0" offset="71" sl="135" sc="9" el="135" ec="9" bec="0" bev="0" fileid="19" />
                <SequencePoint vc="1" uspid="1366" ordinal="0" offset="166" sl="137" sc="9" el="137" ec="9" bec="0" bev="0" fileid="19" />
                <SequencePoint vc="1" uspid="1367" ordinal="0" offset="261" sl="139" sc="9" el="139" ec="9" bec="0" bev="0" fileid="19" />
                <SequencePoint vc="1" uspid="1368" ordinal="0" offset="356" sl="142" sc="9" el="142" ec="9" bec="0" bev="0" fileid="19" />
                <SequencePoint vc="1" uspid="1369" ordinal="0" offset="401" sl="145" sc="9" el="145" ec="9" bec="0" bev="0" fileid="19" />
                <SequencePoint vc="1" uspid="1370" ordinal="0" offset="418" sl="146" sc="9" el="146" ec="9" bec="0" bev="0" fileid="19" />
                <SequencePoint vc="1" uspid="1371" ordinal="0" offset="450" sl="148" sc="9" el="148" ec="9" bec="0" bev="0" fileid="19" />
                <SequencePoint vc="1" uspid="1372" ordinal="0" offset="495" sl="151" sc="9" el="151" ec="9" bec="0" bev="0" fileid="19" />
                <SequencePoint vc="1" uspid="1373" ordinal="0" offset="512" sl="152" sc="9" el="152" ec="9" bec="0" bev="0" fileid="19" />
                <SequencePoint vc="1" uspid="1374" ordinal="0" offset="544" sl="154" sc="9" el="154" ec="9" bec="0" bev="0" fileid="19" />
                <SequencePoint vc="1" uspid="1375" ordinal="0" offset="589" sl="157" sc="9" el="157" ec="9" bec="0" bev="0" fileid="19" />
                <SequencePoint vc="1" uspid="1376" ordinal="0" offset="611" sl="158" sc="5" el="158" ec="5" bec="0" bev="0" fileid="19" />
              </SequencePoints>
              <BranchPoints />
            </Method>
          </Methods>
        </Class>
        <Class>
          <Summary numSequencePoints="16" visitedSequencePoints="16" numBranchPoints="0" visitedBranchPoints="0" sequenceCoverage="100.0" branchCoverage="0.0" maxCyclomaticComplexity="0" minCyclomaticComplexity="0" maxCrapScore="0" minCrapScore="0" visitedClasses="1" numClasses="1" visitedMethods="1" numMethods="1" />
          <FullName>TimerPlayModeTests/&lt;TimerResumes_WhenPauseClickedTwice&gt;d__6</FullName>
          <Methods>
            <Method visited="true" cyclomaticComplexity="0" nPathComplexity="0" sequenceCoverage="100.0" branchCoverage="0" crapScore="0" isConstructor="false" isStatic="false" isGetter="false" isSetter="false">
              <Summary numSequencePoints="16" visitedSequencePoints="16" numBranchPoints="0" visitedBranchPoints="0" sequenceCoverage="100.0" branchCoverage="0" maxCyclomaticComplexity="0" minCyclomaticComplexity="0" maxCrapScore="0" minCrapScore="0" visitedClasses="0" numClasses="0" visitedMethods="1" numMethods="1" />
              <MetadataToken>100663338</MetadataToken>
              <Name>System.Boolean TimerPlayModeTests/&lt;TimerResumes_WhenPauseClickedTwice&gt;d__6::MoveNext()</Name>
              <FileRef uid="19" />
              <SequencePoints>
                <SequencePoint vc="1" uspid="1377" ordinal="0" offset="57" sl="162" sc="5" el="162" ec="5" bec="0" bev="0" fileid="19" />
                <SequencePoint vc="1" uspid="1378" ordinal="0" offset="58" sl="163" sc="9" el="163" ec="9" bec="0" bev="0" fileid="19" />
                <SequencePoint vc="1" uspid="1379" ordinal="0" offset="80" sl="165" sc="9" el="165" ec="9" bec="0" bev="0" fileid="19" />
                <SequencePoint vc="1" uspid="1380" ordinal="0" offset="175" sl="167" sc="9" el="167" ec="9" bec="0" bev="0" fileid="19" />
                <SequencePoint vc="1" uspid="1381" ordinal="0" offset="270" sl="169" sc="9" el="169" ec="9" bec="0" bev="0" fileid="19" />
                <SequencePoint vc="1" uspid="1382" ordinal="0" offset="365" sl="172" sc="9" el="172" ec="9" bec="0" bev="0" fileid="19" />
                <SequencePoint vc="1" uspid="1383" ordinal="0" offset="410" sl="175" sc="9" el="175" ec="9" bec="0" bev="0" fileid="19" />
                <SequencePoint vc="1" uspid="1384" ordinal="0" offset="427" sl="176" sc="9" el="176" ec="9" bec="0" bev="0" fileid="19" />
                <SequencePoint vc="1" uspid="1385" ordinal="0" offset="459" sl="178" sc="9" el="178" ec="9" bec="0" bev="0" fileid="19" />
                <SequencePoint vc="1" uspid="1386" ordinal="0" offset="504" sl="181" sc="9" el="181" ec="9" bec="0" bev="0" fileid="19" />
                <SequencePoint vc="1" uspid="1387" ordinal="0" offset="521" sl="182" sc="9" el="182" ec="9" bec="0" bev="0" fileid="19" />
                <SequencePoint vc="1" uspid="1388" ordinal="0" offset="553" sl="184" sc="9" el="184" ec="9" bec="0" bev="0" fileid="19" />
                <SequencePoint vc="1" uspid="1389" ordinal="0" offset="570" sl="185" sc="9" el="185" ec="9" bec="0" bev="0" fileid="19" />
                <SequencePoint vc="1" uspid="1390" ordinal="0" offset="602" sl="187" sc="9" el="187" ec="9" bec="0" bev="0" fileid="19" />
                <SequencePoint vc="1" uspid="1391" ordinal="0" offset="647" sl="190" sc="9" el="190" ec="9" bec="0" bev="0" fileid="19" />
                <SequencePoint vc="1" uspid="1392" ordinal="0" offset="669" sl="191" sc="5" el="191" ec="5" bec="0" bev="0" fileid="19" />
              </SequencePoints>
              <BranchPoints />
            </Method>
          </Methods>
        </Class>
      </Classes>
    </Module>
  </Modules>
</CoverageSession>