<?xml version="1.0" encoding="utf-8"?>
<CoverageSession xmlns:xsd="http://www.w3.org/2001/XMLSchema" xmlns:xsi="http://www.w3.org/2001/XMLSchema-instance" Version="0.0.0.0">
  <Summary numSequencePoints="276" visitedSequencePoints="273" numBranchPoints="0" visitedBranchPoints="0" sequenceCoverage="98.91" branchCoverage="0.0" maxCyclomaticComplexity="0" minCyclomaticComplexity="0" maxCrapScore="0" minCrapScore="0" visitedClasses="12" numClasses="12" visitedMethods="52" numMethods="52" />
  <Modules>
    <Module>
      <Summary numSequencePoints="171" visitedSequencePoints="168" numBranchPoints="0" visitedBranchPoints="0" sequenceCoverage="98.25" branchCoverage="0.0" maxCyclomaticComplexity="0" minCyclomaticComplexity="0" maxCrapScore="0" minCrapScore="0" visitedClasses="5" numClasses="5" visitedMethods="44" numMethods="44" />
      <ModuleTime>0001-01-01T00:00:00</ModuleTime>
      <ModuleName>Timer</ModuleName>
      <Files>
        <File uid="2" fullPath="/Users/esteban/Workspace/Clock Application - Telexistence/Clock-Application---Telexistence/Assets/Scripts/Features/Timer/Application/TimerService.cs" />
        <File uid="3" fullPath="/Users/esteban/Workspace/Clock Application - Telexistence/Clock-Application---Telexistence/Assets/Scripts/Features/Timer/Domain/TimerModel.cs" />
        <File uid="4" fullPath="/Users/esteban/Workspace/Clock Application - Telexistence/Clock-Application---Telexistence/Assets/Scripts/Features/Timer/Presentation/TimerPresenter.cs" />
        <File uid="5" fullPath="/Users/esteban/Workspace/Clock Application - Telexistence/Clock-Application---Telexistence/Assets/Scripts/Features/Timer/Presentation/TimerView.cs" />
      </Files>
      <Classes>
        <Class>
          <Summary numSequencePoints="42" visitedSequencePoints="40" numBranchPoints="0" visitedBranchPoints="0" sequenceCoverage="95.24" branchCoverage="0.0" maxCyclomaticComplexity="0" minCyclomaticComplexity="0" maxCrapScore="0" minCrapScore="0" visitedClasses="1" numClasses="1" visitedMethods="9" numMethods="9" />
          <FullName>TimerService</FullName>
          <Methods>
            <Method visited="true" cyclomaticComplexity="0" nPathComplexity="0" sequenceCoverage="100.0" branchCoverage="0" crapScore="0" isConstructor="false" isStatic="false" isGetter="true" isSetter="false">
              <Summary numSequencePoints="1" visitedSequencePoints="1" numBranchPoints="0" visitedBranchPoints="0" sequenceCoverage="100.0" branchCoverage="0" maxCyclomaticComplexity="0" minCyclomaticComplexity="0" maxCrapScore="0" minCrapScore="0" visitedClasses="0" numClasses="0" visitedMethods="1" numMethods="1" />
              <MetadataToken>100663297</MetadataToken>
              <Name>UniRx.IReadOnlyReactiveProperty[TimeSpan] TimerService::get_RemainingTime()</Name>
              <FileRef uid="2" />
              <SequencePoints>
                <SequencePoint vc="4" uspid="372" ordinal="0" offset="0" sl="12" sc="65" el="12" ec="65" bec="0" bev="0" fileid="2" />
              </SequencePoints>
              <BranchPoints />
            </Method>
            <Method visited="true" cyclomaticComplexity="0" nPathComplexity="0" sequenceCoverage="100.0" branchCoverage="0" crapScore="0" isConstructor="false" isStatic="false" isGetter="true" isSetter="false">
              <Summary numSequencePoints="1" visitedSequencePoints="1" numBranchPoints="0" visitedBranchPoints="0" sequenceCoverage="100.0" branchCoverage="0" maxCyclomaticComplexity="0" minCyclomaticComplexity="0" maxCrapScore="0" minCrapScore="0" visitedClasses="0" numClasses="0" visitedMethods="1" numMethods="1" />
              <MetadataToken>100663299</MetadataToken>
              <Name>System.IObservable[Unit] TimerService::get_Finished()</Name>
              <FileRef uid="2" />
              <SequencePoints>
                <SequencePoint vc="4" uspid="374" ordinal="0" offset="0" sl="14" sc="42" el="14" ec="42" bec="0" bev="0" fileid="2" />
              </SequencePoints>
              <BranchPoints />
            </Method>
            <Method visited="true" cyclomaticComplexity="0" nPathComplexity="0" sequenceCoverage="83.33" branchCoverage="0" crapScore="0" isConstructor="false" isStatic="false" isGetter="false" isSetter="false">
              <Summary numSequencePoints="6" visitedSequencePoints="5" numBranchPoints="0" visitedBranchPoints="0" sequenceCoverage="83.33" branchCoverage="0" maxCyclomaticComplexity="0" minCyclomaticComplexity="0" maxCrapScore="0" minCrapScore="0" visitedClasses="0" numClasses="0" visitedMethods="1" numMethods="1" />
              <MetadataToken>100663301</MetadataToken>
              <Name>System.Void TimerService::Start()</Name>
              <FileRef uid="2" />
              <SequencePoints>
                <SequencePoint vc="5" uspid="375" ordinal="0" offset="0" sl="23" sc="5" el="23" ec="5" bec="0" bev="0" fileid="2" />
                <SequencePoint vc="5" uspid="376" ordinal="0" offset="1" sl="24" sc="9" el="24" ec="9" bec="0" bev="0" fileid="2" />
                <SequencePoint vc="0" uspid="377" ordinal="0" offset="52" sl="26" sc="13" el="26" ec="13" bec="0" bev="0" fileid="2" />
                <SequencePoint vc="5" uspid="378" ordinal="0" offset="54" sl="28" sc="9" el="28" ec="9" bec="0" bev="0" fileid="2" />
                <SequencePoint vc="5" uspid="379" ordinal="0" offset="72" sl="29" sc="9" el="29" ec="9" bec="0" bev="0" fileid="2" />
                <SequencePoint vc="5" uspid="380" ordinal="0" offset="119" sl="45" sc="5" el="45" ec="5" bec="0" bev="0" fileid="2" />
              </SequencePoints>
              <BranchPoints />
            </Method>
            <Method visited="true" cyclomaticComplexity="0" nPathComplexity="0" sequenceCoverage="80.00" branchCoverage="0" crapScore="0" isConstructor="false" isStatic="false" isGetter="false" isSetter="false">
              <Summary numSequencePoints="5" visitedSequencePoints="4" numBranchPoints="0" visitedBranchPoints="0" sequenceCoverage="80.00" branchCoverage="0" maxCyclomaticComplexity="0" minCyclomaticComplexity="0" maxCrapScore="0" minCrapScore="0" visitedClasses="0" numClasses="0" visitedMethods="1" numMethods="1" />
              <MetadataToken>100663302</MetadataToken>
              <Name>System.Void TimerService::Pause()</Name>
              <FileRef uid="2" />
              <SequencePoints>
                <SequencePoint vc="2" uspid="381" ordinal="0" offset="0" sl="48" sc="5" el="48" ec="5" bec="0" bev="0" fileid="2" />
                <SequencePoint vc="2" uspid="382" ordinal="0" offset="1" sl="49" sc="9" el="49" ec="9" bec="0" bev="0" fileid="2" />
                <SequencePoint vc="0" uspid="383" ordinal="0" offset="24" sl="50" sc="13" el="50" ec="13" bec="0" bev="0" fileid="2" />
                <SequencePoint vc="2" uspid="384" ordinal="0" offset="26" sl="51" sc="9" el="51" ec="9" bec="0" bev="0" fileid="2" />
                <SequencePoint vc="2" uspid="385" ordinal="0" offset="33" sl="52" sc="5" el="52" ec="5" bec="0" bev="0" fileid="2" />
              </SequencePoints>
              <BranchPoints />
            </Method>
            <Method visited="true" cyclomaticComplexity="0" nPathComplexity="0" sequenceCoverage="100.0" branchCoverage="0" crapScore="0" isConstructor="false" isStatic="false" isGetter="false" isSetter="false">
              <Summary numSequencePoints="4" visitedSequencePoints="4" numBranchPoints="0" visitedBranchPoints="0" sequenceCoverage="100.0" branchCoverage="0" maxCyclomaticComplexity="0" minCyclomaticComplexity="0" maxCrapScore="0" minCrapScore="0" visitedClasses="0" numClasses="0" visitedMethods="1" numMethods="1" />
              <MetadataToken>100663303</MetadataToken>
              <Name>System.Void TimerService::Reset()</Name>
              <FileRef uid="2" />
              <SequencePoints>
                <SequencePoint vc="1" uspid="386" ordinal="0" offset="0" sl="55" sc="5" el="55" ec="5" bec="0" bev="0" fileid="2" />
                <SequencePoint vc="1" uspid="387" ordinal="0" offset="1" sl="56" sc="9" el="56" ec="9" bec="0" bev="0" fileid="2" />
                <SequencePoint vc="1" uspid="388" ordinal="0" offset="8" sl="57" sc="9" el="57" ec="9" bec="0" bev="0" fileid="2" />
                <SequencePoint vc="1" uspid="389" ordinal="0" offset="31" sl="58" sc="5" el="58" ec="5" bec="0" bev="0" fileid="2" />
              </SequencePoints>
              <BranchPoints />
            </Method>
            <Method visited="true" cyclomaticComplexity="0" nPathComplexity="0" sequenceCoverage="100.0" branchCoverage="0" crapScore="0" isConstructor="false" isStatic="false" isGetter="false" isSetter="false">
              <Summary numSequencePoints="4" visitedSequencePoints="4" numBranchPoints="0" visitedBranchPoints="0" sequenceCoverage="100.0" branchCoverage="0" maxCyclomaticComplexity="0" minCyclomaticComplexity="0" maxCrapScore="0" minCrapScore="0" visitedClasses="0" numClasses="0" visitedMethods="1" numMethods="1" />
              <MetadataToken>100663304</MetadataToken>
              <Name>System.Void TimerService::SetDuration(System.TimeSpan)</Name>
              <FileRef uid="2" />
              <SequencePoints>
                <SequencePoint vc="4" uspid="390" ordinal="0" offset="0" sl="61" sc="5" el="61" ec="5" bec="0" bev="0" fileid="2" />
                <SequencePoint vc="4" uspid="391" ordinal="0" offset="1" sl="62" sc="9" el="62" ec="9" bec="0" bev="0" fileid="2" />
                <SequencePoint vc="4" uspid="392" ordinal="0" offset="8" sl="63" sc="9" el="63" ec="9" bec="0" bev="0" fileid="2" />
                <SequencePoint vc="4" uspid="393" ordinal="0" offset="26" sl="64" sc="5" el="64" ec="5" bec="0" bev="0" fileid="2" />
              </SequencePoints>
              <BranchPoints />
            </Method>
            <Method visited="true" cyclomaticComplexity="0" nPathComplexity="0" sequenceCoverage="100.0" branchCoverage="0" crapScore="0" isConstructor="false" isStatic="false" isGetter="false" isSetter="false">
              <Summary numSequencePoints="4" visitedSequencePoints="4" numBranchPoints="0" visitedBranchPoints="0" sequenceCoverage="100.0" branchCoverage="0" maxCyclomaticComplexity="0" minCyclomaticComplexity="0" maxCrapScore="0" minCrapScore="0" visitedClasses="0" numClasses="0" visitedMethods="1" numMethods="1" />
              <MetadataToken>100663305</MetadataToken>
              <Name>System.Void TimerService::InternalStop()</Name>
              <FileRef uid="2" />
              <SequencePoints>
                <SequencePoint vc="5" uspid="394" ordinal="0" offset="0" sl="67" sc="5" el="67" ec="5" bec="0" bev="0" fileid="2" />
                <SequencePoint vc="5" uspid="395" ordinal="0" offset="1" sl="68" sc="9" el="68" ec="9" bec="0" bev="0" fileid="2" />
                <SequencePoint vc="5" uspid="396" ordinal="0" offset="19" sl="69" sc="9" el="69" ec="9" bec="0" bev="0" fileid="2" />
                <SequencePoint vc="5" uspid="397" ordinal="0" offset="37" sl="70" sc="5" el="70" ec="5" bec="0" bev="0" fileid="2" />
              </SequencePoints>
              <BranchPoints />
            </Method>
            <Method visited="true" cyclomaticComplexity="0" nPathComplexity="0" sequenceCoverage="100.0" branchCoverage="0" crapScore="0" isConstructor="false" isStatic="false" isGetter="false" isSetter="false">
              <Summary numSequencePoints="12" visitedSequencePoints="12" numBranchPoints="0" visitedBranchPoints="0" sequenceCoverage="100.0" branchCoverage="0" maxCyclomaticComplexity="0" minCyclomaticComplexity="0" maxCrapScore="0" minCrapScore="0" visitedClasses="0" numClasses="0" visitedMethods="1" numMethods="1" />
              <MetadataToken>100663306</MetadataToken>
              <Name>System.Void TimerService::&lt;Start&gt;b__11_0(System.Int64)</Name>
              <FileRef uid="2" />
              <SequencePoints>
                <SequencePoint vc="10" uspid="398" ordinal="0" offset="0" sl="32" sc="13" el="32" ec="13" bec="0" bev="0" fileid="2" />
                <SequencePoint vc="10" uspid="399" ordinal="0" offset="1" sl="33" sc="17" el="33" ec="17" bec="0" bev="0" fileid="2" />
                <SequencePoint vc="10" uspid="400" ordinal="0" offset="37" sl="34" sc="17" el="34" ec="17" bec="0" bev="0" fileid="2" />
                <SequencePoint vc="2" uspid="401" ordinal="0" offset="52" sl="35" sc="17" el="35" ec="17" bec="0" bev="0" fileid="2" />
                <SequencePoint vc="2" uspid="402" ordinal="0" offset="53" sl="36" sc="21" el="36" ec="21" bec="0" bev="0" fileid="2" />
                <SequencePoint vc="2" uspid="403" ordinal="0" offset="75" sl="37" sc="21" el="37" ec="21" bec="0" bev="0" fileid="2" />
                <SequencePoint vc="2" uspid="404" ordinal="0" offset="82" sl="38" sc="21" el="38" ec="21" bec="0" bev="0" fileid="2" />
                <SequencePoint vc="2" uspid="405" ordinal="0" offset="99" sl="39" sc="17" el="39" ec="17" bec="0" bev="0" fileid="2" />
                <SequencePoint vc="8" uspid="406" ordinal="0" offset="102" sl="41" sc="17" el="41" ec="17" bec="0" bev="0" fileid="2" />
                <SequencePoint vc="8" uspid="407" ordinal="0" offset="103" sl="42" sc="21" el="42" ec="21" bec="0" bev="0" fileid="2" />
                <SequencePoint vc="8" uspid="408" ordinal="0" offset="121" sl="43" sc="17" el="43" ec="17" bec="0" bev="0" fileid="2" />
                <SequencePoint vc="10" uspid="409" ordinal="0" offset="122" sl="44" sc="13" el="44" ec="13" bec="0" bev="0" fileid="2" />
              </SequencePoints>
              <BranchPoints />
            </Method>
            <Method visited="true" cyclomaticComplexity="0" nPathComplexity="0" sequenceCoverage="100.0" branchCoverage="0" crapScore="0" isConstructor="true" isStatic="false" isGetter="false" isSetter="false">
              <Summary numSequencePoints="5" visitedSequencePoints="5" numBranchPoints="0" visitedBranchPoints="0" sequenceCoverage="100.0" branchCoverage="0" maxCyclomaticComplexity="0" minCyclomaticComplexity="0" maxCrapScore="0" minCrapScore="0" visitedClasses="0" numClasses="0" visitedMethods="1" numMethods="1" />
              <MetadataToken>100663300</MetadataToken>
              <Name>TimerService::TimerService(TimerModel)</Name>
              <FileRef uid="2" />
              <SequencePoints>
                <SequencePoint vc="4" uspid="410" ordinal="0" offset="0" sl="10" sc="5" el="10" ec="5" bec="0" bev="0" fileid="2" />
                <SequencePoint vc="4" uspid="411" ordinal="0" offset="11" sl="17" sc="5" el="17" ec="5" bec="0" bev="0" fileid="2" />
                <SequencePoint vc="4" uspid="412" ordinal="0" offset="18" sl="18" sc="5" el="18" ec="5" bec="0" bev="0" fileid="2" />
                <SequencePoint vc="4" uspid="413" ordinal="0" offset="19" sl="19" sc="9" el="19" ec="9" bec="0" bev="0" fileid="2" />
                <SequencePoint vc="4" uspid="414" ordinal="0" offset="26" sl="20" sc="5" el="20" ec="5" bec="0" bev="0" fileid="2" />
              </SequencePoints>
              <BranchPoints />
            </Method>
          </Methods>
        </Class>
        <Class>
          <Summary numSequencePoints="7" visitedSequencePoints="7" numBranchPoints="0" visitedBranchPoints="0" sequenceCoverage="100.0" branchCoverage="0.0" maxCyclomaticComplexity="0" minCyclomaticComplexity="0" maxCrapScore="0" minCrapScore="0" visitedClasses="1" numClasses="1" visitedMethods="3" numMethods="3" />
          <FullName>TimerModel</FullName>
          <Methods>
            <Method visited="true" cyclomaticComplexity="0" nPathComplexity="0" sequenceCoverage="100.0" branchCoverage="0" crapScore="0" isConstructor="false" isStatic="false" isGetter="true" isSetter="false">
              <Summary numSequencePoints="1" visitedSequencePoints="1" numBranchPoints="0" visitedBranchPoints="0" sequenceCoverage="100.0" branchCoverage="0" maxCyclomaticComplexity="0" minCyclomaticComplexity="0" maxCrapScore="0" minCrapScore="0" visitedClasses="0" numClasses="0" visitedMethods="1" numMethods="1" />
              <MetadataToken>100663307</MetadataToken>
              <Name>UniRx.ReactiveProperty[TimeSpan] TimerModel::get_RemainingTime()</Name>
              <FileRef uid="3" />
              <SequencePoints>
                <SequencePoint vc="34" uspid="415" ordinal="0" offset="0" sl="6" sc="55" el="6" ec="55" bec="0" bev="0" fileid="3" />
              </SequencePoints>
              <BranchPoints />
            </Method>
            <Method visited="true" cyclomaticComplexity="0" nPathComplexity="0" sequenceCoverage="100.0" branchCoverage="0" crapScore="0" isConstructor="false" isStatic="false" isGetter="true" isSetter="false">
              <Summary numSequencePoints="1" visitedSequencePoints="1" numBranchPoints="0" visitedBranchPoints="0" sequenceCoverage="100.0" branchCoverage="0" maxCyclomaticComplexity="0" minCyclomaticComplexity="0" maxCrapScore="0" minCrapScore="0" visitedClasses="0" numClasses="0" visitedMethods="1" numMethods="1" />
              <MetadataToken>100663308</MetadataToken>
              <Name>UniRx.ReactiveProperty[Boolean] TimerModel::get_IsRunning()</Name>
              <FileRef uid="3" />
              <SequencePoints>
                <SequencePoint vc="17" uspid="416" ordinal="0" offset="0" sl="7" sc="47" el="7" ec="47" bec="0" bev="0" fileid="3" />
              </SequencePoints>
              <BranchPoints />
            </Method>
            <Method visited="true" cyclomaticComplexity="0" nPathComplexity="0" sequenceCoverage="100.0" branchCoverage="0" crapScore="0" isConstructor="true" isStatic="false" isGetter="false" isSetter="false">
              <Summary numSequencePoints="5" visitedSequencePoints="5" numBranchPoints="0" visitedBranchPoints="0" sequenceCoverage="100.0" branchCoverage="0" maxCyclomaticComplexity="0" minCyclomaticComplexity="0" maxCrapScore="0" minCrapScore="0" visitedClasses="0" numClasses="0" visitedMethods="1" numMethods="1" />
              <MetadataToken>100663309</MetadataToken>
              <Name>TimerModel::TimerModel()</Name>
              <FileRef uid="3" />
              <SequencePoints>
                <SequencePoint vc="4" uspid="417" ordinal="0" offset="0" sl="9" sc="5" el="9" ec="5" bec="0" bev="0" fileid="3" />
                <SequencePoint vc="4" uspid="418" ordinal="0" offset="7" sl="10" sc="5" el="10" ec="5" bec="0" bev="0" fileid="3" />
                <SequencePoint vc="4" uspid="419" ordinal="0" offset="8" sl="11" sc="9" el="11" ec="9" bec="0" bev="0" fileid="3" />
                <SequencePoint vc="4" uspid="420" ordinal="0" offset="24" sl="12" sc="9" el="12" ec="9" bec="0" bev="0" fileid="3" />
                <SequencePoint vc="4" uspid="421" ordinal="0" offset="36" sl="13" sc="5" el="13" ec="5" bec="0" bev="0" fileid="3" />
              </SequencePoints>
              <BranchPoints />
            </Method>
          </Methods>
        </Class>
        <Class>
          <Summary numSequencePoints="70" visitedSequencePoints="69" numBranchPoints="0" visitedBranchPoints="0" sequenceCoverage="98.57" branchCoverage="0.0" maxCyclomaticComplexity="0" minCyclomaticComplexity="0" maxCrapScore="0" minCrapScore="0" visitedClasses="1" numClasses="1" visitedMethods="15" numMethods="15" />
          <FullName>TimerPresenter</FullName>
          <Methods>
            <Method visited="true" cyclomaticComplexity="0" nPathComplexity="0" sequenceCoverage="100.0" branchCoverage="0" crapScore="0" isConstructor="false" isStatic="false" isGetter="false" isSetter="false">
              <Summary numSequencePoints="3" visitedSequencePoints="3" numBranchPoints="0" visitedBranchPoints="0" sequenceCoverage="100.0" branchCoverage="0" maxCyclomaticComplexity="0" minCyclomaticComplexity="0" maxCrapScore="0" minCrapScore="0" visitedClasses="0" numClasses="0" visitedMethods="1" numMethods="1" />
              <MetadataToken>100663310</MetadataToken>
              <Name>System.Void TimerPresenter::Construct(ITimerService)</Name>
              <FileRef uid="4" />
              <SequencePoints>
                <SequencePoint vc="4" uspid="422" ordinal="0" offset="0" sl="17" sc="5" el="17" ec="5" bec="0" bev="0" fileid="4" />
                <SequencePoint vc="4" uspid="423" ordinal="0" offset="1" sl="18" sc="9" el="18" ec="9" bec="0" bev="0" fileid="4" />
                <SequencePoint vc="4" uspid="424" ordinal="0" offset="8" sl="19" sc="5" el="19" ec="5" bec="0" bev="0" fileid="4" />
              </SequencePoints>
              <BranchPoints />
            </Method>
            <Method visited="true" cyclomaticComplexity="0" nPathComplexity="0" sequenceCoverage="100.0" branchCoverage="0" crapScore="0" isConstructor="false" isStatic="false" isGetter="false" isSetter="false">
              <Summary numSequencePoints="11" visitedSequencePoints="11" numBranchPoints="0" visitedBranchPoints="0" sequenceCoverage="100.0" branchCoverage="0" maxCyclomaticComplexity="0" minCyclomaticComplexity="0" maxCrapScore="0" minCrapScore="0" visitedClasses="0" numClasses="0" visitedMethods="1" numMethods="1" />
              <MetadataToken>100663311</MetadataToken>
              <Name>System.Void TimerPresenter::Start()</Name>
              <FileRef uid="4" />
              <SequencePoints>
                <SequencePoint vc="4" uspid="425" ordinal="0" offset="0" sl="22" sc="5" el="22" ec="5" bec="0" bev="0" fileid="4" />
                <SequencePoint vc="4" uspid="426" ordinal="0" offset="1" sl="23" sc="9" el="23" ec="9" bec="0" bev="0" fileid="4" />
                <SequencePoint vc="4" uspid="427" ordinal="0" offset="13" sl="24" sc="9" el="24" ec="9" bec="0" bev="0" fileid="4" />
                <SequencePoint vc="4" uspid="428" ordinal="0" offset="25" sl="25" sc="9" el="25" ec="9" bec="0" bev="0" fileid="4" />
                <SequencePoint vc="4" uspid="429" ordinal="0" offset="32" sl="27" sc="9" el="27" ec="9" bec="0" bev="0" fileid="4" />
                <SequencePoint vc="4" uspid="430" ordinal="0" offset="178" sl="37" sc="9" el="37" ec="9" bec="0" bev="0" fileid="4" />
                <SequencePoint vc="4" uspid="431" ordinal="0" offset="218" sl="41" sc="9" el="41" ec="9" bec="0" bev="0" fileid="4" />
                <SequencePoint vc="4" uspid="432" ordinal="0" offset="258" sl="45" sc="9" el="45" ec="9" bec="0" bev="0" fileid="4" />
                <SequencePoint vc="4" uspid="433" ordinal="0" offset="298" sl="49" sc="9" el="49" ec="9" bec="0" bev="0" fileid="4" />
                <SequencePoint vc="4" uspid="434" ordinal="0" offset="338" sl="53" sc="9" el="53" ec="9" bec="0" bev="0" fileid="4" />
                <SequencePoint vc="4" uspid="435" ordinal="0" offset="378" sl="57" sc="5" el="57" ec="5" bec="0" bev="0" fileid="4" />
              </SequencePoints>
              <BranchPoints />
            </Method>
            <Method visited="true" cyclomaticComplexity="0" nPathComplexity="0" sequenceCoverage="90.91" branchCoverage="0" crapScore="0" isConstructor="false" isStatic="false" isGetter="false" isSetter="false">
              <Summary numSequencePoints="11" visitedSequencePoints="10" numBranchPoints="0" visitedBranchPoints="0" sequenceCoverage="90.91" branchCoverage="0" maxCyclomaticComplexity="0" minCyclomaticComplexity="0" maxCrapScore="0" minCrapScore="0" visitedClasses="0" numClasses="0" visitedMethods="1" numMethods="1" />
              <MetadataToken>100663312</MetadataToken>
              <Name>System.Void TimerPresenter::StartTimer()</Name>
              <FileRef uid="4" />
              <SequencePoints>
                <SequencePoint vc="4" uspid="436" ordinal="0" offset="0" sl="60" sc="5" el="60" ec="5" bec="0" bev="0" fileid="4" />
                <SequencePoint vc="4" uspid="437" ordinal="0" offset="1" sl="61" sc="9" el="61" ec="9" bec="0" bev="0" fileid="4" />
                <SequencePoint vc="4" uspid="438" ordinal="0" offset="63" sl="64" sc="9" el="64" ec="9" bec="0" bev="0" fileid="4" />
                <SequencePoint vc="0" uspid="439" ordinal="0" offset="78" sl="64" sc="40" el="64" ec="40" bec="0" bev="0" fileid="4" />
                <SequencePoint vc="4" uspid="440" ordinal="0" offset="80" sl="66" sc="9" el="66" ec="9" bec="0" bev="0" fileid="4" />
                <SequencePoint vc="4" uspid="441" ordinal="0" offset="93" sl="67" sc="9" el="67" ec="9" bec="0" bev="0" fileid="4" />
                <SequencePoint vc="4" uspid="442" ordinal="0" offset="105" sl="68" sc="9" el="68" ec="9" bec="0" bev="0" fileid="4" />
                <SequencePoint vc="4" uspid="443" ordinal="0" offset="120" sl="69" sc="9" el="69" ec="9" bec="0" bev="0" fileid="4" />
                <SequencePoint vc="4" uspid="444" ordinal="0" offset="137" sl="70" sc="9" el="70" ec="9" bec="0" bev="0" fileid="4" />
                <SequencePoint vc="4" uspid="445" ordinal="0" offset="150" sl="71" sc="9" el="71" ec="9" bec="0" bev="0" fileid="4" />
                <SequencePoint vc="4" uspid="446" ordinal="0" offset="157" sl="72" sc="5" el="72" ec="5" bec="0" bev="0" fileid="4" />
              </SequencePoints>
              <BranchPoints />
            </Method>
            <Method visited="true" cyclomaticComplexity="0" nPathComplexity="0" sequenceCoverage="100.0" branchCoverage="0" crapScore="0" isConstructor="false" isStatic="false" isGetter="false" isSetter="false">
              <Summary numSequencePoints="12" visitedSequencePoints="12" numBranchPoints="0" visitedBranchPoints="0" sequenceCoverage="100.0" branchCoverage="0" maxCyclomaticComplexity="0" minCyclomaticComplexity="0" maxCrapScore="0" minCrapScore="0" visitedClasses="0" numClasses="0" visitedMethods="1" numMethods="1" />
              <MetadataToken>100663313</MetadataToken>
              <Name>System.Void TimerPresenter::PauseTimer()</Name>
              <FileRef uid="4" />
              <SequencePoints>
                <SequencePoint vc="3" uspid="447" ordinal="0" offset="0" sl="75" sc="5" el="75" ec="5" bec="0" bev="0" fileid="4" />
                <SequencePoint vc="3" uspid="448" ordinal="0" offset="1" sl="76" sc="9" el="76" ec="9" bec="0" bev="0" fileid="4" />
                <SequencePoint vc="1" uspid="449" ordinal="0" offset="11" sl="77" sc="9" el="77" ec="9" bec="0" bev="0" fileid="4" />
                <SequencePoint vc="1" uspid="450" ordinal="0" offset="12" sl="78" sc="13" el="78" ec="13" bec="0" bev="0" fileid="4" />
                <SequencePoint vc="1" uspid="451" ordinal="0" offset="24" sl="79" sc="13" el="79" ec="13" bec="0" bev="0" fileid="4" />
                <SequencePoint vc="1" uspid="452" ordinal="0" offset="41" sl="80" sc="9" el="80" ec="9" bec="0" bev="0" fileid="4" />
                <SequencePoint vc="2" uspid="453" ordinal="0" offset="44" sl="82" sc="9" el="82" ec="9" bec="0" bev="0" fileid="4" />
                <SequencePoint vc="2" uspid="454" ordinal="0" offset="45" sl="83" sc="13" el="83" ec="13" bec="0" bev="0" fileid="4" />
                <SequencePoint vc="2" uspid="455" ordinal="0" offset="57" sl="84" sc="13" el="84" ec="13" bec="0" bev="0" fileid="4" />
                <SequencePoint vc="2" uspid="456" ordinal="0" offset="74" sl="85" sc="9" el="85" ec="9" bec="0" bev="0" fileid="4" />
                <SequencePoint vc="3" uspid="457" ordinal="0" offset="75" sl="86" sc="9" el="86" ec="9" bec="0" bev="0" fileid="4" />
                <SequencePoint vc="3" uspid="458" ordinal="0" offset="90" sl="87" sc="5" el="87" ec="5" bec="0" bev="0" fileid="4" />
              </SequencePoints>
              <BranchPoints />
            </Method>
            <Method visited="true" cyclomaticComplexity="0" nPathComplexity="0" sequenceCoverage="100.0" branchCoverage="0" crapScore="0" isConstructor="false" isStatic="false" isGetter="false" isSetter="false">
              <Summary numSequencePoints="9" visitedSequencePoints="9" numBranchPoints="0" visitedBranchPoints="0" sequenceCoverage="100.0" branchCoverage="0" maxCyclomaticComplexity="0" minCyclomaticComplexity="0" maxCrapScore="0" minCrapScore="0" visitedClasses="0" numClasses="0" visitedMethods="1" numMethods="1" />
              <MetadataToken>100663314</MetadataToken>
              <Name>System.Void TimerPresenter::ResetTimer()</Name>
              <FileRef uid="4" />
              <SequencePoints>
                <SequencePoint vc="1" uspid="459" ordinal="0" offset="0" sl="90" sc="5" el="90" ec="5" bec="0" bev="0" fileid="4" />
                <SequencePoint vc="1" uspid="460" ordinal="0" offset="1" sl="91" sc="9" el="91" ec="9" bec="0" bev="0" fileid="4" />
                <SequencePoint vc="1" uspid="461" ordinal="0" offset="13" sl="92" sc="9" el="92" ec="9" bec="0" bev="0" fileid="4" />
                <SequencePoint vc="1" uspid="462" ordinal="0" offset="20" sl="93" sc="9" el="93" ec="9" bec="0" bev="0" fileid="4" />
                <SequencePoint vc="1" uspid="463" ordinal="0" offset="37" sl="94" sc="9" el="94" ec="9" bec="0" bev="0" fileid="4" />
                <SequencePoint vc="1" uspid="464" ordinal="0" offset="50" sl="95" sc="9" el="95" ec="9" bec="0" bev="0" fileid="4" />
                <SequencePoint vc="1" uspid="465" ordinal="0" offset="65" sl="96" sc="9" el="96" ec="9" bec="0" bev="0" fileid="4" />
                <SequencePoint vc="1" uspid="466" ordinal="0" offset="82" sl="97" sc="9" el="97" ec="9" bec="0" bev="0" fileid="4" />
                <SequencePoint vc="1" uspid="467" ordinal="0" offset="89" sl="98" sc="5" el="98" ec="5" bec="0" bev="0" fileid="4" />
              </SequencePoints>
              <BranchPoints />
            </Method>
            <Method visited="true" cyclomaticComplexity="0" nPathComplexity="0" sequenceCoverage="100.0" branchCoverage="0" crapScore="0" isConstructor="false" isStatic="false" isGetter="false" isSetter="false">
              <Summary numSequencePoints="9" visitedSequencePoints="9" numBranchPoints="0" visitedBranchPoints="0" sequenceCoverage="100.0" branchCoverage="0" maxCyclomaticComplexity="0" minCyclomaticComplexity="0" maxCrapScore="0" minCrapScore="0" visitedClasses="0" numClasses="0" visitedMethods="1" numMethods="1" />
              <MetadataToken>100663315</MetadataToken>
              <Name>System.Void TimerPresenter::FinishedTimer()</Name>
              <FileRef uid="4" />
              <SequencePoints>
                <SequencePoint vc="1" uspid="468" ordinal="0" offset="0" sl="101" sc="5" el="101" ec="5" bec="0" bev="0" fileid="4" />
                <SequencePoint vc="1" uspid="469" ordinal="0" offset="1" sl="102" sc="9" el="102" ec="9" bec="0" bev="0" fileid="4" />
                <SequencePoint vc="1" uspid="470" ordinal="0" offset="16" sl="103" sc="9" el="103" ec="9" bec="0" bev="0" fileid="4" />
                <SequencePoint vc="1" uspid="471" ordinal="0" offset="33" sl="104" sc="9" el="104" ec="9" bec="0" bev="0" fileid="4" />
                <SequencePoint vc="1" uspid="472" ordinal="0" offset="46" sl="105" sc="9" el="105" ec="9" bec="0" bev="0" fileid="4" />
                <SequencePoint vc="1" uspid="473" ordinal="0" offset="84" sl="106" sc="9" el="106" ec="9" bec="0" bev="0" fileid="4" />
                <SequencePoint vc="1" uspid="474" ordinal="0" offset="85" sl="107" sc="13" el="107" ec="13" bec="0" bev="0" fileid="4" />
                <SequencePoint vc="1" uspid="475" ordinal="0" offset="108" sl="108" sc="9" el="108" ec="9" bec="0" bev="0" fileid="4" />
                <SequencePoint vc="1" uspid="476" ordinal="0" offset="109" sl="109" sc="5" el="109" ec="5" bec="0" bev="0" fileid="4" />
              </SequencePoints>
              <BranchPoints />
            </Method>
            <Method visited="true" cyclomaticComplexity="0" nPathComplexity="0" sequenceCoverage="100.0" branchCoverage="0" crapScore="0" isConstructor="false" isStatic="false" isGetter="false" isSetter="false">
              <Summary numSequencePoints="4" visitedSequencePoints="4" numBranchPoints="0" visitedBranchPoints="0" sequenceCoverage="100.0" branchCoverage="0" maxCyclomaticComplexity="0" minCyclomaticComplexity="0" maxCrapScore="0" minCrapScore="0" visitedClasses="0" numClasses="0" visitedMethods="1" numMethods="1" />
              <MetadataToken>100663316</MetadataToken>
              <Name>System.Void TimerPresenter::HandleButtonInteractivity()</Name>
              <FileRef uid="4" />
              <SequencePoints>
                <SequencePoint vc="13" uspid="477" ordinal="0" offset="0" sl="112" sc="5" el="112" ec="5" bec="0" bev="0" fileid="4" />
                <SequencePoint vc="13" uspid="478" ordinal="0" offset="1" sl="113" sc="9" el="113" ec="9" bec="0" bev="0" fileid="4" />
                <SequencePoint vc="13" uspid="479" ordinal="0" offset="47" sl="117" sc="9" el="117" ec="9" bec="0" bev="0" fileid="4" />
                <SequencePoint vc="13" uspid="480" ordinal="0" offset="62" sl="118" sc="5" el="118" ec="5" bec="0" bev="0" fileid="4" />
              </SequencePoints>
              <BranchPoints />
            </Method>
            <Method visited="true" cyclomaticComplexity="0" nPathComplexity="0" sequenceCoverage="100.0" branchCoverage="0" crapScore="0" isConstructor="false" isStatic="false" isGetter="false" isSetter="false">
              <Summary numSequencePoints="3" visitedSequencePoints="3" numBranchPoints="0" visitedBranchPoints="0" sequenceCoverage="100.0" branchCoverage="0" maxCyclomaticComplexity="0" minCyclomaticComplexity="0" maxCrapScore="0" minCrapScore="0" visitedClasses="0" numClasses="0" visitedMethods="1" numMethods="1" />
              <MetadataToken>100663317</MetadataToken>
              <Name>System.Void TimerPresenter::OnDestroy()</Name>
              <FileRef uid="4" />
              <SequencePoints>
                <SequencePoint vc="4" uspid="481" ordinal="0" offset="0" sl="121" sc="5" el="121" ec="5" bec="0" bev="0" fileid="4" />
                <SequencePoint vc="4" uspid="482" ordinal="0" offset="1" sl="122" sc="9" el="122" ec="9" bec="0" bev="0" fileid="4" />
                <SequencePoint vc="4" uspid="483" ordinal="0" offset="13" sl="123" sc="5" el="123" ec="5" bec="0" bev="0" fileid="4" />
              </SequencePoints>
              <BranchPoints />
            </Method>
            <Method visited="true" cyclomaticComplexity="0" nPathComplexity="0" sequenceCoverage="100.0" branchCoverage="0" crapScore="0" isConstructor="false" isStatic="false" isGetter="false" isSetter="false">
              <Summary numSequencePoints="1" visitedSequencePoints="1" numBranchPoints="0" visitedBranchPoints="0" sequenceCoverage="100.0" branchCoverage="0" maxCyclomaticComplexity="0" minCyclomaticComplexity="0" maxCrapScore="0" minCrapScore="0" visitedClasses="0" numClasses="0" visitedMethods="1" numMethods="1" />
              <MetadataToken>100663319</MetadataToken>
              <Name>System.Void TimerPresenter::&lt;Start&gt;b__6_1(System.Int32)</Name>
              <FileRef uid="4" />
              <SequencePoints>
                <SequencePoint vc="8" uspid="484" ordinal="0" offset="0" sl="34" sc="29" el="34" ec="29" bec="0" bev="0" fileid="4" />
              </SequencePoints>
              <BranchPoints />
            </Method>
            <Method visited="true" cyclomaticComplexity="0" nPathComplexity="0" sequenceCoverage="100.0" branchCoverage="0" crapScore="0" isConstructor="false" isStatic="false" isGetter="false" isSetter="false">
              <Summary numSequencePoints="1" visitedSequencePoints="1" numBranchPoints="0" visitedBranchPoints="0" sequenceCoverage="100.0" branchCoverage="0" maxCyclomaticComplexity="0" minCyclomaticComplexity="0" maxCrapScore="0" minCrapScore="0" visitedClasses="0" numClasses="0" visitedMethods="1" numMethods="1" />
              <MetadataToken>100663320</MetadataToken>
              <Name>System.Void TimerPresenter::&lt;Start&gt;b__6_2(UniRx.Unit)</Name>
              <FileRef uid="4" />
              <SequencePoints>
                <SequencePoint vc="4" uspid="485" ordinal="0" offset="0" sl="38" sc="29" el="38" ec="29" bec="0" bev="0" fileid="4" />
              </SequencePoints>
              <BranchPoints />
            </Method>
            <Method visited="true" cyclomaticComplexity="0" nPathComplexity="0" sequenceCoverage="100.0" branchCoverage="0" crapScore="0" isConstructor="false" isStatic="false" isGetter="false" isSetter="false">
              <Summary numSequencePoints="1" visitedSequencePoints="1" numBranchPoints="0" visitedBranchPoints="0" sequenceCoverage="100.0" branchCoverage="0" maxCyclomaticComplexity="0" minCyclomaticComplexity="0" maxCrapScore="0" minCrapScore="0" visitedClasses="0" numClasses="0" visitedMethods="1" numMethods="1" />
              <MetadataToken>100663321</MetadataToken>
              <Name>System.Void TimerPresenter::&lt;Start&gt;b__6_3(UniRx.Unit)</Name>
              <FileRef uid="4" />
              <SequencePoints>
                <SequencePoint vc="3" uspid="486" ordinal="0" offset="0" sl="42" sc="29" el="42" ec="29" bec="0" bev="0" fileid="4" />
              </SequencePoints>
              <BranchPoints />
            </Method>
            <Method visited="true" cyclomaticComplexity="0" nPathComplexity="0" sequenceCoverage="100.0" branchCoverage="0" crapScore="0" isConstructor="false" isStatic="false" isGetter="false" isSetter="false">
              <Summary numSequencePoints="1" visitedSequencePoints="1" numBranchPoints="0" visitedBranchPoints="0" sequenceCoverage="100.0" branchCoverage="0" maxCyclomaticComplexity="0" minCyclomaticComplexity="0" maxCrapScore="0" minCrapScore="0" visitedClasses="0" numClasses="0" visitedMethods="1" numMethods="1" />
              <MetadataToken>100663322</MetadataToken>
              <Name>System.Void TimerPresenter::&lt;Start&gt;b__6_4(UniRx.Unit)</Name>
              <FileRef uid="4" />
              <SequencePoints>
                <SequencePoint vc="1" uspid="487" ordinal="0" offset="0" sl="46" sc="29" el="46" ec="29" bec="0" bev="0" fileid="4" />
              </SequencePoints>
              <BranchPoints />
            </Method>
            <Method visited="true" cyclomaticComplexity="0" nPathComplexity="0" sequenceCoverage="100.0" branchCoverage="0" crapScore="0" isConstructor="false" isStatic="false" isGetter="false" isSetter="false">
              <Summary numSequencePoints="1" visitedSequencePoints="1" numBranchPoints="0" visitedBranchPoints="0" sequenceCoverage="100.0" branchCoverage="0" maxCyclomaticComplexity="0" minCyclomaticComplexity="0" maxCrapScore="0" minCrapScore="0" visitedClasses="0" numClasses="0" visitedMethods="1" numMethods="1" />
              <MetadataToken>100663323</MetadataToken>
              <Name>System.Void TimerPresenter::&lt;Start&gt;b__6_5(System.TimeSpan)</Name>
              <FileRef uid="4" />
              <SequencePoints>
                <SequencePoint vc="18" uspid="488" ordinal="0" offset="0" sl="50" sc="32" el="50" ec="32" bec="0" bev="0" fileid="4" />
              </SequencePoints>
              <BranchPoints />
            </Method>
            <Method visited="true" cyclomaticComplexity="0" nPathComplexity="0" sequenceCoverage="100.0" branchCoverage="0" crapScore="0" isConstructor="false" isStatic="false" isGetter="false" isSetter="false">
              <Summary numSequencePoints="1" visitedSequencePoints="1" numBranchPoints="0" visitedBranchPoints="0" sequenceCoverage="100.0" branchCoverage="0" maxCyclomaticComplexity="0" minCyclomaticComplexity="0" maxCrapScore="0" minCrapScore="0" visitedClasses="0" numClasses="0" visitedMethods="1" numMethods="1" />
              <MetadataToken>100663324</MetadataToken>
              <Name>System.Void TimerPresenter::&lt;Start&gt;b__6_6(UniRx.Unit)</Name>
              <FileRef uid="4" />
              <SequencePoints>
                <SequencePoint vc="1" uspid="489" ordinal="0" offset="0" sl="54" sc="29" el="54" ec="29" bec="0" bev="0" fileid="4" />
              </SequencePoints>
              <BranchPoints />
            </Method>
            <Method visited="true" cyclomaticComplexity="0" nPathComplexity="0" sequenceCoverage="100.0" branchCoverage="0" crapScore="0" isConstructor="true" isStatic="false" isGetter="false" isSetter="false">
              <Summary numSequencePoints="2" visitedSequencePoints="2" numBranchPoints="0" visitedBranchPoints="0" sequenceCoverage="100.0" branchCoverage="0" maxCyclomaticComplexity="0" minCyclomaticComplexity="0" maxCrapScore="0" minCrapScore="0" visitedClasses="0" numClasses="0" visitedMethods="1" numMethods="1" />
              <MetadataToken>100663318</MetadataToken>
              <Name>TimerPresenter::TimerPresenter()</Name>
              <FileRef uid="4" />
              <SequencePoints>
                <SequencePoint vc="4" uspid="490" ordinal="0" offset="0" sl="10" sc="5" el="10" ec="5" bec="0" bev="0" fileid="4" />
                <SequencePoint vc="4" uspid="491" ordinal="0" offset="11" sl="11" sc="5" el="11" ec="5" bec="0" bev="0" fileid="4" />
              </SequencePoints>
              <BranchPoints />
            </Method>
          </Methods>
        </Class>
        <Class>
          <Summary numSequencePoints="51" visitedSequencePoints="51" numBranchPoints="0" visitedBranchPoints="0" sequenceCoverage="100.0" branchCoverage="0.0" maxCyclomaticComplexity="0" minCyclomaticComplexity="0" maxCrapScore="0" minCrapScore="0" visitedClasses="1" numClasses="1" visitedMethods="16" numMethods="16" />
          <FullName>TimerView</FullName>
          <Methods>
            <Method visited="true" cyclomaticComplexity="0" nPathComplexity="0" sequenceCoverage="100.0" branchCoverage="0" crapScore="0" isConstructor="false" isStatic="false" isGetter="true" isSetter="false">
              <Summary numSequencePoints="1" visitedSequencePoints="1" numBranchPoints="0" visitedBranchPoints="0" sequenceCoverage="100.0" branchCoverage="0" maxCyclomaticComplexity="0" minCyclomaticComplexity="0" maxCrapScore="0" minCrapScore="0" visitedClasses="0" numClasses="0" visitedMethods="1" numMethods="1" />
              <MetadataToken>100663325</MetadataToken>
              <Name>System.IObservable[Int32] TimerView::get_OnHoursChanged()</Name>
              <FileRef uid="5" />
              <SequencePoints>
                <SequencePoint vc="4" uspid="492" ordinal="0" offset="0" sl="20" sc="47" el="20" ec="47" bec="0" bev="0" fileid="5" />
              </SequencePoints>
              <BranchPoints />
            </Method>
            <Method visited="true" cyclomaticComplexity="0" nPathComplexity="0" sequenceCoverage="100.0" branchCoverage="0" crapScore="0" isConstructor="false" isStatic="false" isGetter="true" isSetter="false">
              <Summary numSequencePoints="1" visitedSequencePoints="1" numBranchPoints="0" visitedBranchPoints="0" sequenceCoverage="100.0" branchCoverage="0" maxCyclomaticComplexity="0" minCyclomaticComplexity="0" maxCrapScore="0" minCrapScore="0" visitedClasses="0" numClasses="0" visitedMethods="1" numMethods="1" />
              <MetadataToken>100663326</MetadataToken>
              <Name>System.IObservable[Int32] TimerView::get_OnMinutesChanged()</Name>
              <FileRef uid="5" />
              <SequencePoints>
                <SequencePoint vc="4" uspid="493" ordinal="0" offset="0" sl="21" sc="49" el="21" ec="49" bec="0" bev="0" fileid="5" />
              </SequencePoints>
              <BranchPoints />
            </Method>
            <Method visited="true" cyclomaticComplexity="0" nPathComplexity="0" sequenceCoverage="100.0" branchCoverage="0" crapScore="0" isConstructor="false" isStatic="false" isGetter="true" isSetter="false">
              <Summary numSequencePoints="1" visitedSequencePoints="1" numBranchPoints="0" visitedBranchPoints="0" sequenceCoverage="100.0" branchCoverage="0" maxCyclomaticComplexity="0" minCyclomaticComplexity="0" maxCrapScore="0" minCrapScore="0" visitedClasses="0" numClasses="0" visitedMethods="1" numMethods="1" />
              <MetadataToken>100663327</MetadataToken>
              <Name>System.IObservable[Int32] TimerView::get_OnSecondsChanged()</Name>
              <FileRef uid="5" />
              <SequencePoints>
                <SequencePoint vc="4" uspid="494" ordinal="0" offset="0" sl="22" sc="49" el="22" ec="49" bec="0" bev="0" fileid="5" />
              </SequencePoints>
              <BranchPoints />
            </Method>
            <Method visited="true" cyclomaticComplexity="0" nPathComplexity="0" sequenceCoverage="100.0" branchCoverage="0" crapScore="0" isConstructor="false" isStatic="false" isGetter="true" isSetter="false">
              <Summary numSequencePoints="1" visitedSequencePoints="1" numBranchPoints="0" visitedBranchPoints="0" sequenceCoverage="100.0" branchCoverage="0" maxCyclomaticComplexity="0" minCyclomaticComplexity="0" maxCrapScore="0" minCrapScore="0" visitedClasses="0" numClasses="0" visitedMethods="1" numMethods="1" />
              <MetadataToken>100663328</MetadataToken>
              <Name>System.Int32 TimerView::get_Hours()</Name>
              <FileRef uid="5" />
              <SequencePoints>
                <SequencePoint vc="21" uspid="495" ordinal="0" offset="0" sl="24" sc="25" el="24" ec="25" bec="0" bev="0" fileid="5" />
              </SequencePoints>
              <BranchPoints />
            </Method>
            <Method visited="true" cyclomaticComplexity="0" nPathComplexity="0" sequenceCoverage="100.0" branchCoverage="0" crapScore="0" isConstructor="false" isStatic="false" isGetter="true" isSetter="false">
              <Summary numSequencePoints="1" visitedSequencePoints="1" numBranchPoints="0" visitedBranchPoints="0" sequenceCoverage="100.0" branchCoverage="0" maxCyclomaticComplexity="0" minCyclomaticComplexity="0" maxCrapScore="0" minCrapScore="0" visitedClasses="0" numClasses="0" visitedMethods="1" numMethods="1" />
              <MetadataToken>100663329</MetadataToken>
              <Name>System.Int32 TimerView::get_Minutes()</Name>
              <FileRef uid="5" />
              <SequencePoints>
                <SequencePoint vc="21" uspid="496" ordinal="0" offset="0" sl="25" sc="27" el="25" ec="27" bec="0" bev="0" fileid="5" />
              </SequencePoints>
              <BranchPoints />
            </Method>
            <Method visited="true" cyclomaticComplexity="0" nPathComplexity="0" sequenceCoverage="100.0" branchCoverage="0" crapScore="0" isConstructor="false" isStatic="false" isGetter="true" isSetter="false">
              <Summary numSequencePoints="1" visitedSequencePoints="1" numBranchPoints="0" visitedBranchPoints="0" sequenceCoverage="100.0" branchCoverage="0" maxCyclomaticComplexity="0" minCyclomaticComplexity="0" maxCrapScore="0" minCrapScore="0" visitedClasses="0" numClasses="0" visitedMethods="1" numMethods="1" />
              <MetadataToken>100663330</MetadataToken>
              <Name>System.Int32 TimerView::get_Seconds()</Name>
              <FileRef uid="5" />
              <SequencePoints>
                <SequencePoint vc="21" uspid="497" ordinal="0" offset="0" sl="26" sc="27" el="26" ec="27" bec="0" bev="0" fileid="5" />
              </SequencePoints>
              <BranchPoints />
            </Method>
            <Method visited="true" cyclomaticComplexity="0" nPathComplexity="0" sequenceCoverage="100.0" branchCoverage="0" crapScore="0" isConstructor="false" isStatic="false" isGetter="true" isSetter="false">
              <Summary numSequencePoints="1" visitedSequencePoints="1" numBranchPoints="0" visitedBranchPoints="0" sequenceCoverage="100.0" branchCoverage="0" maxCyclomaticComplexity="0" minCyclomaticComplexity="0" maxCrapScore="0" minCrapScore="0" visitedClasses="0" numClasses="0" visitedMethods="1" numMethods="1" />
              <MetadataToken>100663331</MetadataToken>
              <Name>System.IObservable[Unit] TimerView::get_StartButtonClicked()</Name>
              <FileRef uid="5" />
              <SequencePoints>
                <SequencePoint vc="4" uspid="498" ordinal="0" offset="0" sl="28" sc="52" el="28" ec="52" bec="0" bev="0" fileid="5" />
              </SequencePoints>
              <BranchPoints />
            </Method>
            <Method visited="true" cyclomaticComplexity="0" nPathComplexity="0" sequenceCoverage="100.0" branchCoverage="0" crapScore="0" isConstructor="false" isStatic="false" isGetter="true" isSetter="false">
              <Summary numSequencePoints="1" visitedSequencePoints="1" numBranchPoints="0" visitedBranchPoints="0" sequenceCoverage="100.0" branchCoverage="0" maxCyclomaticComplexity="0" minCyclomaticComplexity="0" maxCrapScore="0" minCrapScore="0" visitedClasses="0" numClasses="0" visitedMethods="1" numMethods="1" />
              <MetadataToken>100663332</MetadataToken>
              <Name>System.IObservable[Unit] TimerView::get_PauseButtonClicked()</Name>
              <FileRef uid="5" />
              <SequencePoints>
                <SequencePoint vc="4" uspid="499" ordinal="0" offset="0" sl="29" sc="52" el="29" ec="52" bec="0" bev="0" fileid="5" />
              </SequencePoints>
              <BranchPoints />
            </Method>
            <Method visited="true" cyclomaticComplexity="0" nPathComplexity="0" sequenceCoverage="100.0" branchCoverage="0" crapScore="0" isConstructor="false" isStatic="false" isGetter="true" isSetter="false">
              <Summary numSequencePoints="1" visitedSequencePoints="1" numBranchPoints="0" visitedBranchPoints="0" sequenceCoverage="100.0" branchCoverage="0" maxCyclomaticComplexity="0" minCyclomaticComplexity="0" maxCrapScore="0" minCrapScore="0" visitedClasses="0" numClasses="0" visitedMethods="1" numMethods="1" />
              <MetadataToken>100663333</MetadataToken>
              <Name>System.IObservable[Unit] TimerView::get_ResetButtonClicked()</Name>
              <FileRef uid="5" />
              <SequencePoints>
                <SequencePoint vc="4" uspid="500" ordinal="0" offset="0" sl="30" sc="52" el="30" ec="52" bec="0" bev="0" fileid="5" />
              </SequencePoints>
              <BranchPoints />
            </Method>
            <Method visited="true" cyclomaticComplexity="0" nPathComplexity="0" sequenceCoverage="100.0" branchCoverage="0" crapScore="0" isConstructor="false" isStatic="false" isGetter="false" isSetter="false">
              <Summary numSequencePoints="3" visitedSequencePoints="3" numBranchPoints="0" visitedBranchPoints="0" sequenceCoverage="100.0" branchCoverage="0" maxCyclomaticComplexity="0" minCyclomaticComplexity="0" maxCrapScore="0" minCrapScore="0" visitedClasses="0" numClasses="0" visitedMethods="1" numMethods="1" />
              <MetadataToken>100663334</MetadataToken>
              <Name>System.Void TimerView::Start()</Name>
              <FileRef uid="5" />
              <SequencePoints>
                <SequencePoint vc="4" uspid="501" ordinal="0" offset="0" sl="34" sc="5" el="34" ec="5" bec="0" bev="0" fileid="5" />
                <SequencePoint vc="4" uspid="502" ordinal="0" offset="1" sl="35" sc="9" el="35" ec="9" bec="0" bev="0" fileid="5" />
                <SequencePoint vc="4" uspid="503" ordinal="0" offset="8" sl="36" sc="5" el="36" ec="5" bec="0" bev="0" fileid="5" />
              </SequencePoints>
              <BranchPoints />
            </Method>
            <Method visited="true" cyclomaticComplexity="0" nPathComplexity="0" sequenceCoverage="100.0" branchCoverage="0" crapScore="0" isConstructor="false" isStatic="false" isGetter="false" isSetter="false">
              <Summary numSequencePoints="22" visitedSequencePoints="22" numBranchPoints="0" visitedBranchPoints="0" sequenceCoverage="100.0" branchCoverage="0" maxCyclomaticComplexity="0" minCyclomaticComplexity="0" maxCrapScore="0" minCrapScore="0" visitedClasses="0" numClasses="0" visitedMethods="1" numMethods="1" />
              <MetadataToken>100663335</MetadataToken>
              <Name>System.Void TimerView::InitializeDropdowns()</Name>
              <FileRef uid="5" />
              <SequencePoints>
                <SequencePoint vc="8" uspid="504" ordinal="0" offset="0" sl="38" sc="5" el="38" ec="5" bec="0" bev="0" fileid="5" />
                <SequencePoint vc="8" uspid="505" ordinal="0" offset="1" sl="39" sc="9" el="39" ec="9" bec="0" bev="0" fileid="5" />
                <SequencePoint vc="8" uspid="506" ordinal="0" offset="13" sl="40" sc="9" el="40" ec="9" bec="0" bev="0" fileid="5" />
                <SequencePoint vc="8" uspid="507" ordinal="0" offset="25" sl="41" sc="9" el="41" ec="9" bec="0" bev="0" fileid="5" />
                <SequencePoint vc="8" uspid="508" ordinal="0" offset="37" sl="43" sc="14" el="43" ec="14" bec="0" bev="0" fileid="5" />
                <SequencePoint vc="192" uspid="509" ordinal="0" offset="41" sl="43" sc="39" el="43" ec="39" bec="0" bev="0" fileid="5" />
                <SequencePoint vc="192" uspid="510" ordinal="0" offset="75" sl="43" sc="34" el="43" ec="34" bec="0" bev="0" fileid="5" />
                <SequencePoint vc="200" uspid="511" ordinal="0" offset="79" sl="43" sc="25" el="43" ec="25" bec="0" bev="0" fileid="5" />
                <SequencePoint vc="8" uspid="512" ordinal="0" offset="91" sl="44" sc="14" el="44" ec="14" bec="0" bev="0" fileid="5" />
                <SequencePoint vc="480" uspid="513" ordinal="0" offset="95" sl="45" sc="9" el="45" ec="9" bec="0" bev="0" fileid="5" />
                <SequencePoint vc="480" uspid="514" ordinal="0" offset="96" sl="46" sc="13" el="46" ec="13" bec="0" bev="0" fileid="5" />
                <SequencePoint vc="480" uspid="515" ordinal="0" offset="130" sl="47" sc="13" el="47" ec="13" bec="0" bev="0" fileid="5" />
                <SequencePoint vc="480" uspid="516" ordinal="0" offset="164" sl="48" sc="9" el="48" ec="9" bec="0" bev="0" fileid="5" />
                <SequencePoint vc="480" uspid="517" ordinal="0" offset="165" sl="44" sc="34" el="44" ec="34" bec="0" bev="0" fileid="5" />
                <SequencePoint vc="488" uspid="518" ordinal="0" offset="169" sl="44" sc="25" el="44" ec="25" bec="0" bev="0" fileid="5" />
                <SequencePoint vc="8" uspid="519" ordinal="0" offset="181" sl="50" sc="9" el="50" ec="9" bec="0" bev="0" fileid="5" />
                <SequencePoint vc="8" uspid="520" ordinal="0" offset="194" sl="51" sc="9" el="51" ec="9" bec="0" bev="0" fileid="5" />
                <SequencePoint vc="8" uspid="521" ordinal="0" offset="207" sl="52" sc="9" el="52" ec="9" bec="0" bev="0" fileid="5" />
                <SequencePoint vc="8" uspid="522" ordinal="0" offset="220" sl="54" sc="9" el="54" ec="9" bec="0" bev="0" fileid="5" />
                <SequencePoint vc="8" uspid="523" ordinal="0" offset="232" sl="55" sc="9" el="55" ec="9" bec="0" bev="0" fileid="5" />
                <SequencePoint vc="8" uspid="524" ordinal="0" offset="244" sl="56" sc="9" el="56" ec="9" bec="0" bev="0" fileid="5" />
                <SequencePoint vc="8" uspid="525" ordinal="0" offset="256" sl="57" sc="5" el="57" ec="5" bec="0" bev="0" fileid="5" />
              </SequencePoints>
              <BranchPoints />
            </Method>
            <Method visited="true" cyclomaticComplexity="0" nPathComplexity="0" sequenceCoverage="100.0" branchCoverage="0" crapScore="0" isConstructor="false" isStatic="false" isGetter="false" isSetter="false">
              <Summary numSequencePoints="3" visitedSequencePoints="3" numBranchPoints="0" visitedBranchPoints="0" sequenceCoverage="100.0" branchCoverage="0" maxCyclomaticComplexity="0" minCyclomaticComplexity="0" maxCrapScore="0" minCrapScore="0" visitedClasses="0" numClasses="0" visitedMethods="1" numMethods="1" />
              <MetadataToken>100663336</MetadataToken>
              <Name>System.Void TimerView::SetRemainingTime(System.TimeSpan)</Name>
              <FileRef uid="5" />
              <SequencePoints>
                <SequencePoint vc="19" uspid="526" ordinal="0" offset="0" sl="60" sc="5" el="60" ec="5" bec="0" bev="0" fileid="5" />
                <SequencePoint vc="19" uspid="527" ordinal="0" offset="1" sl="61" sc="9" el="61" ec="9" bec="0" bev="0" fileid="5" />
                <SequencePoint vc="19" uspid="528" ordinal="0" offset="59" sl="62" sc="5" el="62" ec="5" bec="0" bev="0" fileid="5" />
              </SequencePoints>
              <BranchPoints />
            </Method>
            <Method visited="true" cyclomaticComplexity="0" nPathComplexity="0" sequenceCoverage="100.0" branchCoverage="0" crapScore="0" isConstructor="false" isStatic="false" isGetter="false" isSetter="false">
              <Summary numSequencePoints="5" visitedSequencePoints="5" numBranchPoints="0" visitedBranchPoints="0" sequenceCoverage="100.0" branchCoverage="0" maxCyclomaticComplexity="0" minCyclomaticComplexity="0" maxCrapScore="0" minCrapScore="0" visitedClasses="0" numClasses="0" visitedMethods="1" numMethods="1" />
              <MetadataToken>100663337</MetadataToken>
              <Name>System.Void TimerView::SetButtonsState(System.Boolean, System.Boolean, System.Boolean)</Name>
              <FileRef uid="5" />
              <SequencePoints>
                <SequencePoint vc="19" uspid="529" ordinal="0" offset="0" sl="65" sc="5" el="65" ec="5" bec="0" bev="0" fileid="5" />
                <SequencePoint vc="19" uspid="530" ordinal="0" offset="1" sl="66" sc="9" el="66" ec="9" bec="0" bev="0" fileid="5" />
                <SequencePoint vc="19" uspid="531" ordinal="0" offset="14" sl="67" sc="9" el="67" ec="9" bec="0" bev="0" fileid="5" />
                <SequencePoint vc="19" uspid="532" ordinal="0" offset="27" sl="68" sc="9" el="68" ec="9" bec="0" bev="0" fileid="5" />
                <SequencePoint vc="19" uspid="533" ordinal="0" offset="40" sl="69" sc="5" el="69" ec="5" bec="0" bev="0" fileid="5" />
              </SequencePoints>
              <BranchPoints />
            </Method>
            <Method visited="true" cyclomaticComplexity="0" nPathComplexity="0" sequenceCoverage="100.0" branchCoverage="0" crapScore="0" isConstructor="false" isStatic="false" isGetter="false" isSetter="false">
              <Summary numSequencePoints="5" visitedSequencePoints="5" numBranchPoints="0" visitedBranchPoints="0" sequenceCoverage="100.0" branchCoverage="0" maxCyclomaticComplexity="0" minCyclomaticComplexity="0" maxCrapScore="0" minCrapScore="0" visitedClasses="0" numClasses="0" visitedMethods="1" numMethods="1" />
              <MetadataToken>100663338</MetadataToken>
              <Name>System.Void TimerView::SetDropdownsInteractable(System.Boolean)</Name>
              <FileRef uid="5" />
              <SequencePoints>
                <SequencePoint vc="6" uspid="534" ordinal="0" offset="0" sl="72" sc="5" el="72" ec="5" bec="0" bev="0" fileid="5" />
                <SequencePoint vc="6" uspid="535" ordinal="0" offset="1" sl="73" sc="9" el="73" ec="9" bec="0" bev="0" fileid="5" />
                <SequencePoint vc="6" uspid="536" ordinal="0" offset="14" sl="74" sc="9" el="74" ec="9" bec="0" bev="0" fileid="5" />
                <SequencePoint vc="6" uspid="537" ordinal="0" offset="27" sl="75" sc="9" el="75" ec="9" bec="0" bev="0" fileid="5" />
                <SequencePoint vc="6" uspid="538" ordinal="0" offset="40" sl="76" sc="5" el="76" ec="5" bec="0" bev="0" fileid="5" />
              </SequencePoints>
              <BranchPoints />
            </Method>
            <Method visited="true" cyclomaticComplexity="0" nPathComplexity="0" sequenceCoverage="100.0" branchCoverage="0" crapScore="0" isConstructor="false" isStatic="false" isGetter="false" isSetter="false">
              <Summary numSequencePoints="3" visitedSequencePoints="3" numBranchPoints="0" visitedBranchPoints="0" sequenceCoverage="100.0" branchCoverage="0" maxCyclomaticComplexity="0" minCyclomaticComplexity="0" maxCrapScore="0" minCrapScore="0" visitedClasses="0" numClasses="0" visitedMethods="1" numMethods="1" />
              <MetadataToken>100663339</MetadataToken>
              <Name>System.Void TimerView::SetPauseButtonLabel(System.String)</Name>
              <FileRef uid="5" />
              <SequencePoints>
                <SequencePoint vc="9" uspid="539" ordinal="0" offset="0" sl="79" sc="5" el="79" ec="5" bec="0" bev="0" fileid="5" />
                <SequencePoint vc="9" uspid="540" ordinal="0" offset="1" sl="80" sc="9" el="80" ec="9" bec="0" bev="0" fileid="5" />
                <SequencePoint vc="9" uspid="541" ordinal="0" offset="19" sl="81" sc="5" el="81" ec="5" bec="0" bev="0" fileid="5" />
              </SequencePoints>
              <BranchPoints />
            </Method>
            <Method visited="true" cyclomaticComplexity="0" nPathComplexity="0" sequenceCoverage="100.0" branchCoverage="0" crapScore="0" isConstructor="false" isStatic="false" isGetter="true" isSetter="false">
              <Summary numSequencePoints="1" visitedSequencePoints="1" numBranchPoints="0" visitedBranchPoints="0" sequenceCoverage="100.0" branchCoverage="0" maxCyclomaticComplexity="0" minCyclomaticComplexity="0" maxCrapScore="0" minCrapScore="0" visitedClasses="0" numClasses="0" visitedMethods="1" numMethods="1" />
              <MetadataToken>100663340</MetadataToken>
              <Name>UnityEngine.AudioClip TimerView::get_FinishedAudioClip()</Name>
              <FileRef uid="5" />
              <SequencePoints>
                <SequencePoint vc="2" uspid="542" ordinal="0" offset="0" sl="83" sc="43" el="83" ec="43" bec="0" bev="0" fileid="5" />
              </SequencePoints>
              <BranchPoints />
            </Method>
          </Methods>
        </Class>
        <Class>
          <Summary numSequencePoints="1" visitedSequencePoints="1" numBranchPoints="0" visitedBranchPoints="0" sequenceCoverage="100.0" branchCoverage="0.0" maxCyclomaticComplexity="0" minCyclomaticComplexity="0" maxCrapScore="0" minCrapScore="0" visitedClasses="1" numClasses="1" visitedMethods="1" numMethods="1" />
          <FullName>TimerPresenter/&lt;&gt;c</FullName>
          <Methods>
            <Method visited="true" cyclomaticComplexity="0" nPathComplexity="0" sequenceCoverage="100.0" branchCoverage="0" crapScore="0" isConstructor="false" isStatic="false" isGetter="false" isSetter="false">
              <Summary numSequencePoints="1" visitedSequencePoints="1" numBranchPoints="0" visitedBranchPoints="0" sequenceCoverage="100.0" branchCoverage="0" maxCyclomaticComplexity="0" minCyclomaticComplexity="0" maxCrapScore="0" minCrapScore="0" visitedClasses="0" numClasses="0" visitedMethods="1" numMethods="1" />
              <MetadataToken>100663344</MetadataToken>
              <Name>System.Int32 TimerPresenter/&lt;&gt;c::&lt;Start&gt;b__6_0(System.Int32, System.Int32, System.Int32)</Name>
              <FileRef uid="4" />
              <SequencePoints>
                <SequencePoint vc="8" uspid="543" ordinal="0" offset="0" sl="32" sc="30" el="32" ec="30" bec="0" bev="0" fileid="4" />
              </SequencePoints>
              <BranchPoints />
            </Method>
          </Methods>
        </Class>
      </Classes>
    </Module>
    <Module>
      <Summary numSequencePoints="105" visitedSequencePoints="105" numBranchPoints="0" visitedBranchPoints="0" sequenceCoverage="100.0" branchCoverage="0.0" maxCyclomaticComplexity="0" minCyclomaticComplexity="0" maxCrapScore="0" minCrapScore="0" visitedClasses="7" numClasses="7" visitedMethods="8" numMethods="8" />
      <ModuleTime>0001-01-01T00:00:00</ModuleTime>
      <ModuleName>TimerTestPlayMode</ModuleName>
      <Files>
        <File uid="10" fullPath="/Users/esteban/Workspace/Clock Application - Telexistence/Clock-Application---Telexistence/Assets/Tests/Play/Features/TimerTestPlayMode/TimerPlayModeTests.cs" />
      </Files>
      <Classes>
        <Class>
          <Summary numSequencePoints="15" visitedSequencePoints="15" numBranchPoints="0" visitedBranchPoints="0" sequenceCoverage="100.0" branchCoverage="0.0" maxCyclomaticComplexity="0" minCyclomaticComplexity="0" maxCrapScore="0" minCrapScore="0" visitedClasses="1" numClasses="1" visitedMethods="2" numMethods="2" />
          <FullName>TimerPlayModeTests</FullName>
          <Methods>
            <Method visited="true" cyclomaticComplexity="0" nPathComplexity="0" sequenceCoverage="100.0" branchCoverage="0" crapScore="0" isConstructor="false" isStatic="false" isGetter="false" isSetter="false">
              <Summary numSequencePoints="7" visitedSequencePoints="7" numBranchPoints="0" visitedBranchPoints="0" sequenceCoverage="100.0" branchCoverage="0" maxCyclomaticComplexity="0" minCyclomaticComplexity="0" maxCrapScore="0" minCrapScore="0" visitedClasses="0" numClasses="0" visitedMethods="1" numMethods="1" />
              <MetadataToken>100663303</MetadataToken>
              <Name>UnityEngine.UI.Button TimerPlayModeTests::CreateButton(System.String)</Name>
              <FileRef uid="10" />
              <SequencePoints>
                <SequencePoint vc="12" uspid="568" ordinal="0" offset="0" sl="194" sc="5" el="194" ec="5" bec="0" bev="0" fileid="10" />
                <SequencePoint vc="12" uspid="569" ordinal="0" offset="1" sl="195" sc="9" el="195" ec="9" bec="0" bev="0" fileid="10" />
                <SequencePoint vc="12" uspid="570" ordinal="0" offset="40" sl="196" sc="9" el="196" ec="9" bec="0" bev="0" fileid="10" />
                <SequencePoint vc="12" uspid="571" ordinal="0" offset="70" sl="197" sc="9" el="197" ec="9" bec="0" bev="0" fileid="10" />
                <SequencePoint vc="12" uspid="572" ordinal="0" offset="88" sl="198" sc="9" el="198" ec="9" bec="0" bev="0" fileid="10" />
                <SequencePoint vc="12" uspid="573" ordinal="0" offset="101" sl="199" sc="9" el="199" ec="9" bec="0" bev="0" fileid="10" />
                <SequencePoint vc="12" uspid="574" ordinal="0" offset="110" sl="200" sc="5" el="200" ec="5" bec="0" bev="0" fileid="10" />
              </SequencePoints>
              <BranchPoints />
            </Method>
            <Method visited="true" cyclomaticComplexity="0" nPathComplexity="0" sequenceCoverage="100.0" branchCoverage="0" crapScore="0" isConstructor="false" isStatic="false" isGetter="false" isSetter="false">
              <Summary numSequencePoints="8" visitedSequencePoints="8" numBranchPoints="0" visitedBranchPoints="0" sequenceCoverage="100.0" branchCoverage="0" maxCyclomaticComplexity="0" minCyclomaticComplexity="0" maxCrapScore="0" minCrapScore="0" visitedClasses="0" numClasses="0" visitedMethods="1" numMethods="1" />
              <MetadataToken>100663304</MetadataToken>
              <Name>TMPro.TMP_Dropdown TimerPlayModeTests::CreateDropdown(System.String)</Name>
              <FileRef uid="10" />
              <SequencePoints>
                <SequencePoint vc="12" uspid="575" ordinal="0" offset="0" sl="203" sc="5" el="203" ec="5" bec="0" bev="0" fileid="10" />
                <SequencePoint vc="12" uspid="576" ordinal="0" offset="1" sl="204" sc="9" el="204" ec="9" bec="0" bev="0" fileid="10" />
                <SequencePoint vc="12" uspid="577" ordinal="0" offset="40" sl="205" sc="9" el="205" ec="9" bec="0" bev="0" fileid="10" />
                <SequencePoint vc="12" uspid="578" ordinal="0" offset="47" sl="206" sc="9" el="206" ec="9" bec="0" bev="0" fileid="10" />
                <SequencePoint vc="12" uspid="579" ordinal="0" offset="69" sl="207" sc="9" el="207" ec="9" bec="0" bev="0" fileid="10" />
                <SequencePoint vc="12" uspid="580" ordinal="0" offset="91" sl="208" sc="9" el="208" ec="9" bec="0" bev="0" fileid="10" />
                <SequencePoint vc="12" uspid="581" ordinal="0" offset="99" sl="209" sc="9" el="209" ec="9" bec="0" bev="0" fileid="10" />
                <SequencePoint vc="12" uspid="582" ordinal="0" offset="103" sl="210" sc="5" el="210" ec="5" bec="0" bev="0" fileid="10" />
              </SequencePoints>
              <BranchPoints />
            </Method>
          </Methods>
        </Class>
        <Class>
          <Summary numSequencePoints="30" visitedSequencePoints="30" numBranchPoints="0" visitedBranchPoints="0" sequenceCoverage="100.0" branchCoverage="0.0" maxCyclomaticComplexity="0" minCyclomaticComplexity="0" maxCrapScore="0" minCrapScore="0" visitedClasses="1" numClasses="1" visitedMethods="1" numMethods="1" />
          <FullName>TimerPlayModeTests/&lt;SetUp&gt;d__1</FullName>
          <Methods>
            <Method visited="true" cyclomaticComplexity="0" nPathComplexity="0" sequenceCoverage="100.0" branchCoverage="0" crapScore="0" isConstructor="false" isStatic="false" isGetter="false" isSetter="false">
              <Summary numSequencePoints="30" visitedSequencePoints="30" numBranchPoints="0" visitedBranchPoints="0" sequenceCoverage="100.0" branchCoverage="0" maxCyclomaticComplexity="0" minCyclomaticComplexity="0" maxCrapScore="0" minCrapScore="0" visitedClasses="0" numClasses="0" visitedMethods="1" numMethods="1" />
              <MetadataToken>100663308</MetadataToken>
              <Name>System.Boolean TimerPlayModeTests/&lt;SetUp&gt;d__1::MoveNext()</Name>
              <FileRef uid="10" />
              <SequencePoints>
                <SequencePoint vc="4" uspid="583" ordinal="0" offset="34" sl="15" sc="5" el="15" ec="5" bec="0" bev="0" fileid="10" />
                <SequencePoint vc="4" uspid="584" ordinal="0" offset="35" sl="16" sc="9" el="16" ec="9" bec="0" bev="0" fileid="10" />
                <SequencePoint vc="4" uspid="585" ordinal="0" offset="56" sl="18" sc="9" el="18" ec="9" bec="0" bev="0" fileid="10" />
                <SequencePoint vc="4" uspid="586" ordinal="0" offset="91" sl="19" sc="9" el="19" ec="9" bec="0" bev="0" fileid="10" />
                <SequencePoint vc="4" uspid="587" ordinal="0" offset="109" sl="21" sc="9" el="21" ec="9" bec="0" bev="0" fileid="10" />
                <SequencePoint vc="4" uspid="588" ordinal="0" offset="149" sl="22" sc="9" el="22" ec="9" bec="0" bev="0" fileid="10" />
                <SequencePoint vc="4" uspid="589" ordinal="0" offset="177" sl="23" sc="9" el="23" ec="9" bec="0" bev="0" fileid="10" />
                <SequencePoint vc="4" uspid="590" ordinal="0" offset="194" sl="25" sc="9" el="25" ec="9" bec="0" bev="0" fileid="10" />
                <SequencePoint vc="4" uspid="591" ordinal="0" offset="216" sl="26" sc="9" el="26" ec="9" bec="0" bev="0" fileid="10" />
                <SequencePoint vc="4" uspid="592" ordinal="0" offset="238" sl="27" sc="9" el="27" ec="9" bec="0" bev="0" fileid="10" />
                <SequencePoint vc="4" uspid="593" ordinal="0" offset="260" sl="29" sc="9" el="29" ec="9" bec="0" bev="0" fileid="10" />
                <SequencePoint vc="4" uspid="594" ordinal="0" offset="282" sl="30" sc="9" el="30" ec="9" bec="0" bev="0" fileid="10" />
                <SequencePoint vc="4" uspid="595" ordinal="0" offset="304" sl="31" sc="9" el="31" ec="9" bec="0" bev="0" fileid="10" />
                <SequencePoint vc="4" uspid="596" ordinal="0" offset="326" sl="33" sc="9" el="33" ec="9" bec="0" bev="0" fileid="10" />
                <SequencePoint vc="4" uspid="597" ordinal="0" offset="348" sl="34" sc="9" el="34" ec="9" bec="0" bev="0" fileid="10" />
                <SequencePoint vc="4" uspid="598" ordinal="0" offset="370" sl="36" sc="9" el="36" ec="9" bec="0" bev="0" fileid="10" />
                <SequencePoint vc="4" uspid="599" ordinal="0" offset="381" sl="37" sc="9" el="37" ec="9" bec="0" bev="0" fileid="10" />
                <SequencePoint vc="4" uspid="600" ordinal="0" offset="398" sl="39" sc="9" el="39" ec="9" bec="0" bev="0" fileid="10" />
                <SequencePoint vc="4" uspid="601" ordinal="0" offset="446" sl="43" sc="9" el="43" ec="9" bec="0" bev="0" fileid="10" />
                <SequencePoint vc="4" uspid="602" ordinal="0" offset="468" sl="45" sc="9" el="45" ec="9" bec="0" bev="0" fileid="10" />
                <SequencePoint vc="4" uspid="603" ordinal="0" offset="509" sl="47" sc="9" el="47" ec="9" bec="0" bev="0" fileid="10" />
                <SequencePoint vc="4" uspid="604" ordinal="0" offset="550" sl="49" sc="9" el="49" ec="9" bec="0" bev="0" fileid="10" />
                <SequencePoint vc="4" uspid="605" ordinal="0" offset="591" sl="51" sc="9" el="51" ec="9" bec="0" bev="0" fileid="10" />
                <SequencePoint vc="4" uspid="606" ordinal="0" offset="632" sl="53" sc="9" el="53" ec="9" bec="0" bev="0" fileid="10" />
                <SequencePoint vc="4" uspid="607" ordinal="0" offset="673" sl="55" sc="9" el="55" ec="9" bec="0" bev="0" fileid="10" />
                <SequencePoint vc="4" uspid="608" ordinal="0" offset="714" sl="57" sc="9" el="57" ec="9" bec="0" bev="0" fileid="10" />
                <SequencePoint vc="4" uspid="609" ordinal="0" offset="755" sl="59" sc="9" el="59" ec="9" bec="0" bev="0" fileid="10" />
                <SequencePoint vc="4" uspid="610" ordinal="0" offset="800" sl="62" sc="9" el="62" ec="9" bec="0" bev="0" fileid="10" />
                <SequencePoint vc="4" uspid="611" ordinal="0" offset="841" sl="65" sc="9" el="65" ec="9" bec="0" bev="0" fileid="10" />
                <SequencePoint vc="4" uspid="612" ordinal="0" offset="864" sl="66" sc="5" el="66" ec="5" bec="0" bev="0" fileid="10" />
              </SequencePoints>
              <BranchPoints />
            </Method>
          </Methods>
        </Class>
        <Class>
          <Summary numSequencePoints="5" visitedSequencePoints="5" numBranchPoints="0" visitedBranchPoints="0" sequenceCoverage="100.0" branchCoverage="0.0" maxCyclomaticComplexity="0" minCyclomaticComplexity="0" maxCrapScore="0" minCrapScore="0" visitedClasses="1" numClasses="1" visitedMethods="1" numMethods="1" />
          <FullName>TimerPlayModeTests/&lt;TearDown&gt;d__2</FullName>
          <Methods>
            <Method visited="true" cyclomaticComplexity="0" nPathComplexity="0" sequenceCoverage="100.0" branchCoverage="0" crapScore="0" isConstructor="false" isStatic="false" isGetter="false" isSetter="false">
              <Summary numSequencePoints="5" visitedSequencePoints="5" numBranchPoints="0" visitedBranchPoints="0" sequenceCoverage="100.0" branchCoverage="0" maxCyclomaticComplexity="0" minCyclomaticComplexity="0" maxCrapScore="0" minCrapScore="0" visitedClasses="0" numClasses="0" visitedMethods="1" numMethods="1" />
              <MetadataToken>100663314</MetadataToken>
              <Name>System.Boolean TimerPlayModeTests/&lt;TearDown&gt;d__2::MoveNext()</Name>
              <FileRef uid="10" />
              <SequencePoints>
                <SequencePoint vc="4" uspid="613" ordinal="0" offset="31" sl="70" sc="5" el="70" ec="5" bec="0" bev="0" fileid="10" />
                <SequencePoint vc="4" uspid="614" ordinal="0" offset="32" sl="71" sc="9" el="71" ec="9" bec="0" bev="0" fileid="10" />
                <SequencePoint vc="4" uspid="615" ordinal="0" offset="49" sl="72" sc="9" el="72" ec="9" bec="0" bev="0" fileid="10" />
                <SequencePoint vc="4" uspid="616" ordinal="0" offset="65" sl="73" sc="9" el="73" ec="9" bec="0" bev="0" fileid="10" />
                <SequencePoint vc="4" uspid="617" ordinal="0" offset="88" sl="74" sc="5" el="74" ec="5" bec="0" bev="0" fileid="10" />
              </SequencePoints>
              <BranchPoints />
            </Method>
          </Methods>
        </Class>
        <Class>
          <Summary numSequencePoints="11" visitedSequencePoints="11" numBranchPoints="0" visitedBranchPoints="0" sequenceCoverage="100.0" branchCoverage="0.0" maxCyclomaticComplexity="0" minCyclomaticComplexity="0" maxCrapScore="0" minCrapScore="0" visitedClasses="1" numClasses="1" visitedMethods="1" numMethods="1" />
          <FullName>TimerPlayModeTests/&lt;TimerCountsDown_WhenStartClicked&gt;d__3</FullName>
          <Methods>
            <Method visited="true" cyclomaticComplexity="0" nPathComplexity="0" sequenceCoverage="100.0" branchCoverage="0" crapScore="0" isConstructor="false" isStatic="false" isGetter="false" isSetter="false">
              <Summary numSequencePoints="11" visitedSequencePoints="11" numBranchPoints="0" visitedBranchPoints="0" sequenceCoverage="100.0" branchCoverage="0" maxCyclomaticComplexity="0" minCyclomaticComplexity="0" maxCrapScore="0" minCrapScore="0" visitedClasses="0" numClasses="0" visitedMethods="1" numMethods="1" />
              <MetadataToken>100663320</MetadataToken>
              <Name>System.Boolean TimerPlayModeTests/&lt;TimerCountsDown_WhenStartClicked&gt;d__3::MoveNext()</Name>
              <FileRef uid="10" />
              <SequencePoints>
                <SequencePoint vc="1" uspid="618" ordinal="0" offset="34" sl="78" sc="5" el="78" ec="5" bec="0" bev="0" fileid="10" />
                <SequencePoint vc="1" uspid="619" ordinal="0" offset="35" sl="79" sc="9" el="79" ec="9" bec="0" bev="0" fileid="10" />
                <SequencePoint vc="1" uspid="620" ordinal="0" offset="57" sl="81" sc="9" el="81" ec="9" bec="0" bev="0" fileid="10" />
                <SequencePoint vc="1" uspid="621" ordinal="0" offset="152" sl="83" sc="9" el="83" ec="9" bec="0" bev="0" fileid="10" />
                <SequencePoint vc="1" uspid="622" ordinal="0" offset="247" sl="85" sc="9" el="85" ec="9" bec="0" bev="0" fileid="10" />
                <SequencePoint vc="1" uspid="623" ordinal="0" offset="342" sl="88" sc="9" el="88" ec="9" bec="0" bev="0" fileid="10" />
                <SequencePoint vc="1" uspid="624" ordinal="0" offset="387" sl="91" sc="9" el="91" ec="9" bec="0" bev="0" fileid="10" />
                <SequencePoint vc="1" uspid="625" ordinal="0" offset="404" sl="92" sc="9" el="92" ec="9" bec="0" bev="0" fileid="10" />
                <SequencePoint vc="1" uspid="626" ordinal="0" offset="436" sl="94" sc="9" el="94" ec="9" bec="0" bev="0" fileid="10" />
                <SequencePoint vc="1" uspid="627" ordinal="0" offset="481" sl="97" sc="9" el="97" ec="9" bec="0" bev="0" fileid="10" />
                <SequencePoint vc="1" uspid="628" ordinal="0" offset="503" sl="98" sc="5" el="98" ec="5" bec="0" bev="0" fileid="10" />
              </SequencePoints>
              <BranchPoints />
            </Method>
          </Methods>
        </Class>
        <Class>
          <Summary numSequencePoints="14" visitedSequencePoints="14" numBranchPoints="0" visitedBranchPoints="0" sequenceCoverage="100.0" branchCoverage="0.0" maxCyclomaticComplexity="0" minCyclomaticComplexity="0" maxCrapScore="0" minCrapScore="0" visitedClasses="1" numClasses="1" visitedMethods="1" numMethods="1" />
          <FullName>TimerPlayModeTests/&lt;TimerPauses_WhenPauseClicked&gt;d__4</FullName>
          <Methods>
            <Method visited="true" cyclomaticComplexity="0" nPathComplexity="0" sequenceCoverage="100.0" branchCoverage="0" crapScore="0" isConstructor="false" isStatic="false" isGetter="false" isSetter="false">
              <Summary numSequencePoints="14" visitedSequencePoints="14" numBranchPoints="0" visitedBranchPoints="0" sequenceCoverage="100.0" branchCoverage="0" maxCyclomaticComplexity="0" minCyclomaticComplexity="0" maxCrapScore="0" minCrapScore="0" visitedClasses="0" numClasses="0" visitedMethods="1" numMethods="1" />
              <MetadataToken>100663326</MetadataToken>
              <Name>System.Boolean TimerPlayModeTests/&lt;TimerPauses_WhenPauseClicked&gt;d__4::MoveNext()</Name>
              <FileRef uid="10" />
              <SequencePoints>
                <SequencePoint vc="1" uspid="629" ordinal="0" offset="48" sl="102" sc="5" el="102" ec="5" bec="0" bev="0" fileid="10" />
                <SequencePoint vc="1" uspid="630" ordinal="0" offset="49" sl="103" sc="9" el="103" ec="9" bec="0" bev="0" fileid="10" />
                <SequencePoint vc="1" uspid="631" ordinal="0" offset="71" sl="105" sc="9" el="105" ec="9" bec="0" bev="0" fileid="10" />
                <SequencePoint vc="1" uspid="632" ordinal="0" offset="166" sl="107" sc="9" el="107" ec="9" bec="0" bev="0" fileid="10" />
                <SequencePoint vc="1" uspid="633" ordinal="0" offset="261" sl="109" sc="9" el="109" ec="9" bec="0" bev="0" fileid="10" />
                <SequencePoint vc="1" uspid="634" ordinal="0" offset="356" sl="112" sc="9" el="112" ec="9" bec="0" bev="0" fileid="10" />
                <SequencePoint vc="1" uspid="635" ordinal="0" offset="401" sl="115" sc="9" el="115" ec="9" bec="0" bev="0" fileid="10" />
                <SequencePoint vc="1" uspid="636" ordinal="0" offset="418" sl="116" sc="9" el="116" ec="9" bec="0" bev="0" fileid="10" />
                <SequencePoint vc="1" uspid="637" ordinal="0" offset="450" sl="118" sc="9" el="118" ec="9" bec="0" bev="0" fileid="10" />
                <SequencePoint vc="1" uspid="638" ordinal="0" offset="495" sl="121" sc="9" el="121" ec="9" bec="0" bev="0" fileid="10" />
                <SequencePoint vc="1" uspid="639" ordinal="0" offset="512" sl="122" sc="9" el="122" ec="9" bec="0" bev="0" fileid="10" />
                <SequencePoint vc="1" uspid="640" ordinal="0" offset="544" sl="124" sc="9" el="124" ec="9" bec="0" bev="0" fileid="10" />
                <SequencePoint vc="1" uspid="641" ordinal="0" offset="589" sl="127" sc="9" el="127" ec="9" bec="0" bev="0" fileid="10" />
                <SequencePoint vc="1" uspid="642" ordinal="0" offset="611" sl="128" sc="5" el="128" ec="5" bec="0" bev="0" fileid="10" />
              </SequencePoints>
              <BranchPoints />
            </Method>
          </Methods>
        </Class>
        <Class>
          <Summary numSequencePoints="14" visitedSequencePoints="14" numBranchPoints="0" visitedBranchPoints="0" sequenceCoverage="100.0" branchCoverage="0.0" maxCyclomaticComplexity="0" minCyclomaticComplexity="0" maxCrapScore="0" minCrapScore="0" visitedClasses="1" numClasses="1" visitedMethods="1" numMethods="1" />
          <FullName>TimerPlayModeTests/&lt;TimerResets_WhenResetClicked&gt;d__5</FullName>
          <Methods>
            <Method visited="true" cyclomaticComplexity="0" nPathComplexity="0" sequenceCoverage="100.0" branchCoverage="0" crapScore="0" isConstructor="false" isStatic="false" isGetter="false" isSetter="false">
              <Summary numSequencePoints="14" visitedSequencePoints="14" numBranchPoints="0" visitedBranchPoints="0" sequenceCoverage="100.0" branchCoverage="0" maxCyclomaticComplexity="0" minCyclomaticComplexity="0" maxCrapScore="0" minCrapScore="0" visitedClasses="0" numClasses="0" visitedMethods="1" numMethods="1" />
              <MetadataToken>100663332</MetadataToken>
              <Name>System.Boolean TimerPlayModeTests/&lt;TimerResets_WhenResetClicked&gt;d__5::MoveNext()</Name>
              <FileRef uid="10" />
              <SequencePoints>
                <SequencePoint vc="1" uspid="643" ordinal="0" offset="48" sl="132" sc="5" el="132" ec="5" bec="0" bev="0" fileid="10" />
                <SequencePoint vc="1" uspid="644" ordinal="0" offset="49" sl="133" sc="9" el="133" ec="9" bec="0" bev="0" fileid="10" />
                <SequencePoint vc="1" uspid="645" ordinal="0" offset="71" sl="135" sc="9" el="135" ec="9" bec="0" bev="0" fileid="10" />
                <SequencePoint vc="1" uspid="646" ordinal="0" offset="166" sl="137" sc="9" el="137" ec="9" bec="0" bev="0" fileid="10" />
                <SequencePoint vc="1" uspid="647" ordinal="0" offset="261" sl="139" sc="9" el="139" ec="9" bec="0" bev="0" fileid="10" />
                <SequencePoint vc="1" uspid="648" ordinal="0" offset="356" sl="142" sc="9" el="142" ec="9" bec="0" bev="0" fileid="10" />
                <SequencePoint vc="1" uspid="649" ordinal="0" offset="401" sl="145" sc="9" el="145" ec="9" bec="0" bev="0" fileid="10" />
                <SequencePoint vc="1" uspid="650" ordinal="0" offset="418" sl="146" sc="9" el="146" ec="9" bec="0" bev="0" fileid="10" />
                <SequencePoint vc="1" uspid="651" ordinal="0" offset="450" sl="148" sc="9" el="148" ec="9" bec="0" bev="0" fileid="10" />
                <SequencePoint vc="1" uspid="652" ordinal="0" offset="495" sl="151" sc="9" el="151" ec="9" bec="0" bev="0" fileid="10" />
                <SequencePoint vc="1" uspid="653" ordinal="0" offset="512" sl="152" sc="9" el="152" ec="9" bec="0" bev="0" fileid="10" />
                <SequencePoint vc="1" uspid="654" ordinal="0" offset="544" sl="154" sc="9" el="154" ec="9" bec="0" bev="0" fileid="10" />
                <SequencePoint vc="1" uspid="655" ordinal="0" offset="589" sl="157" sc="9" el="157" ec="9" bec="0" bev="0" fileid="10" />
                <SequencePoint vc="1" uspid="656" ordinal="0" offset="611" sl="158" sc="5" el="158" ec="5" bec="0" bev="0" fileid="10" />
              </SequencePoints>
              <BranchPoints />
            </Method>
          </Methods>
        </Class>
        <Class>
          <Summary numSequencePoints="16" visitedSequencePoints="16" numBranchPoints="0" visitedBranchPoints="0" sequenceCoverage="100.0" branchCoverage="0.0" maxCyclomaticComplexity="0" minCyclomaticComplexity="0" maxCrapScore="0" minCrapScore="0" visitedClasses="1" numClasses="1" visitedMethods="1" numMethods="1" />
          <FullName>TimerPlayModeTests/&lt;TimerResumes_WhenPauseClickedTwice&gt;d__6</FullName>
          <Methods>
            <Method visited="true" cyclomaticComplexity="0" nPathComplexity="0" sequenceCoverage="100.0" branchCoverage="0" crapScore="0" isConstructor="false" isStatic="false" isGetter="false" isSetter="false">
              <Summary numSequencePoints="16" visitedSequencePoints="16" numBranchPoints="0" visitedBranchPoints="0" sequenceCoverage="100.0" branchCoverage="0" maxCyclomaticComplexity="0" minCyclomaticComplexity="0" maxCrapScore="0" minCrapScore="0" visitedClasses="0" numClasses="0" visitedMethods="1" numMethods="1" />
              <MetadataToken>100663338</MetadataToken>
              <Name>System.Boolean TimerPlayModeTests/&lt;TimerResumes_WhenPauseClickedTwice&gt;d__6::MoveNext()</Name>
              <FileRef uid="10" />
              <SequencePoints>
                <SequencePoint vc="1" uspid="657" ordinal="0" offset="57" sl="162" sc="5" el="162" ec="5" bec="0" bev="0" fileid="10" />
                <SequencePoint vc="1" uspid="658" ordinal="0" offset="58" sl="163" sc="9" el="163" ec="9" bec="0" bev="0" fileid="10" />
                <SequencePoint vc="1" uspid="659" ordinal="0" offset="80" sl="165" sc="9" el="165" ec="9" bec="0" bev="0" fileid="10" />
                <SequencePoint vc="1" uspid="660" ordinal="0" offset="175" sl="167" sc="9" el="167" ec="9" bec="0" bev="0" fileid="10" />
                <SequencePoint vc="1" uspid="661" ordinal="0" offset="270" sl="169" sc="9" el="169" ec="9" bec="0" bev="0" fileid="10" />
                <SequencePoint vc="1" uspid="662" ordinal="0" offset="365" sl="172" sc="9" el="172" ec="9" bec="0" bev="0" fileid="10" />
                <SequencePoint vc="1" uspid="663" ordinal="0" offset="410" sl="175" sc="9" el="175" ec="9" bec="0" bev="0" fileid="10" />
                <SequencePoint vc="1" uspid="664" ordinal="0" offset="427" sl="176" sc="9" el="176" ec="9" bec="0" bev="0" fileid="10" />
                <SequencePoint vc="1" uspid="665" ordinal="0" offset="459" sl="178" sc="9" el="178" ec="9" bec="0" bev="0" fileid="10" />
                <SequencePoint vc="1" uspid="666" ordinal="0" offset="504" sl="181" sc="9" el="181" ec="9" bec="0" bev="0" fileid="10" />
                <SequencePoint vc="1" uspid="667" ordinal="0" offset="521" sl="182" sc="9" el="182" ec="9" bec="0" bev="0" fileid="10" />
                <SequencePoint vc="1" uspid="668" ordinal="0" offset="553" sl="184" sc="9" el="184" ec="9" bec="0" bev="0" fileid="10" />
                <SequencePoint vc="1" uspid="669" ordinal="0" offset="570" sl="185" sc="9" el="185" ec="9" bec="0" bev="0" fileid="10" />
                <SequencePoint vc="1" uspid="670" ordinal="0" offset="602" sl="187" sc="9" el="187" ec="9" bec="0" bev="0" fileid="10" />
                <SequencePoint vc="1" uspid="671" ordinal="0" offset="647" sl="190" sc="9" el="190" ec="9" bec="0" bev="0" fileid="10" />
                <SequencePoint vc="1" uspid="672" ordinal="0" offset="669" sl="191" sc="5" el="191" ec="5" bec="0" bev="0" fileid="10" />
              </SequencePoints>
              <BranchPoints />
            </Method>
          </Methods>
        </Class>
      </Classes>
    </Module>
  </Modules>
</CoverageSession>